[debug] PhaseRunner.scala:78 Success [id => apollo-engine-reporting-protobuf, phase => typescript] 
[info ] Phase1ReadTypescript.scala:152 Preprocessing TsHelperFile(InFile(/home/tso/tmp/tso-cache/npm/node_modules/apollo-engine-reporting-protobuf/dist/index.d.ts),FromFolder(InFolder(/home/tso/tmp/tso-cache/npm/node_modules/apollo-engine-reporting-protobuf),TsIdentLibrarySimple(apollo-engine-reporting-protobuf)),TsIdentModule(None,List(apollo-engine-reporting-protobuf))) [id => apollo-engine-reporting-protobuf, phase => typescript] 
[info ] InferredDefaultModule.scala:39 Inferred module TsIdentModule(None,List(apollo-engine-reporting-protobuf)) [id => apollo-engine-reporting-protobuf, phase => typescript] 
[warn ] Phase1ReadTypescript.scala:190 Processing TsIdentLibrarySimple(apollo-engine-reporting-protobuf) [id => apollo-engine-reporting-protobuf, phase => typescript] 
[debug] PhaseRunner.scala:78 Success [id => apollo-engine-reporting-protobuf, phase => typescript] 
[warn ] Phase2ToScalaJs.scala:34 Processing TsIdentLibrarySimple(apollo-engine-reporting-protobuf) [id => apollo-engine-reporting-protobuf, phase => scala.js] 
[debug] PhaseRunner.scala:78 Success [id => apollo-engine-reporting-protobuf, phase => scala.js] 
[warn ] Phase3CompileBloop.scala:211 Built apollo-engine-reporting-protobuf in 6823 ms [id => apollo-engine-reporting-protobuf, phase => build] 
[info ] Phase3CompileBloop.scala:221 published local, [/home/tso/.ivy2/local/com.scalablytyped/apollo-engine-reporting-protobuf_sjs0.6_2.12/0.1.0-e4c918/jars/apollo-engine-reporting-protobuf_sjs0.6_2.12.jar, /home/tso/.ivy2/local/com.scalablytyped/apollo-engine-reporting-protobuf_sjs0.6_2.12/0.1.0-e4c918/srcs/apollo-engine-reporting-protobuf_sjs0.6_2.12-sources.jar, /home/tso/.ivy2/local/com.scalablytyped/apollo-engine-reporting-protobuf_sjs0.6_2.12/0.1.0-e4c918/ivys/ivy.xml, /home/tso/.ivy2/local/com.scalablytyped/apollo-engine-reporting-protobuf_sjs0.6_2.12/0.1.0-e4c918/poms/apollo-engine-reporting-protobuf_sjs0.6_2.12.pom] [id => apollo-engine-reporting-protobuf, phase => build] 
[debug] PhaseRunner.scala:78 Success [id => apollo-engine-reporting-protobuf, phase => build] 
[warn ] PhaseRunner.scala:64 Failed because of, [@protobufjs/float => java.lang.RuntimeException: was not able to find or create version 1.0.2-e23db2 for oyvindberg in ScalablyTyped for package protobufjs__float] [id => apollo-engine-reporting-protobuf, phase => publish] 
[debug] PhaseRunner.scala:82 Failure, [@protobufjs/float => java.lang.RuntimeException: was not able to find or create version 1.0.2-e23db2 for oyvindberg in ScalablyTyped for package protobufjs__float] [id => apollo-engine-reporting-protobuf, phase => publish] 
