[debug] PhaseRunner.scala:84 Success [id => assets-webpack-plugin, phase => typescript] 
[info ] Phase1ReadTypescript.scala:171 Preprocessing TsHelperFile(InFile(/home/tso/tmp/tso-cache/DefinitelyTyped/types/assets-webpack-plugin/index.d.ts),FromFolder(InFolder(/home/tso/tmp/tso-cache/DefinitelyTyped/types/assets-webpack-plugin),TsIdentLibrarySimple(assets-webpack-plugin)),TsIdentModule(None,List(assets-webpack-plugin))) [id => assets-webpack-plugin, phase => typescript] 
[info ] InferredDefaultModule.scala:39 Inferred module TsIdentModule(None,List(assets-webpack-plugin)) [id => assets-webpack-plugin, phase => typescript] 
[warn ] Phase1ReadTypescript.scala:189 Processing TsIdentLibrarySimple(assets-webpack-plugin) [id => assets-webpack-plugin, phase => typescript] 
[info ] PreferTypeAlias.scala:55 Simplified to type alias [id => assets-webpack-plugin, phase => typescript, scope => TreeScope(TsParsedFile() / TsDeclModule(assets-webpack-plugin) / TsDeclInterface(AssetsWebpackPlugin))] 
[debug] PhaseRunner.scala:84 Success [id => assets-webpack-plugin, phase => typescript] 
[warn ] Phase2ToScalaJs.scala:42 Processing assets-webpack-plugin [id => assets-webpack-plugin, phase => scala.js] 
[debug] PhaseRunner.scala:84 Success [id => assets-webpack-plugin, phase => scala.js] 
[warn ] Phase3CompileBloop.scala:245 Built assets-webpack-plugin in 551 ms [id => assets-webpack-plugin, phase => build] 
[info ] Phase3CompileBloop.scala:253 published local, [/home/tso/.ivy2/local/org.scalablytyped/assets-webpack-plugin_sjs0.6_2.12/3.9-dt-20190226Z-d4b309/jars/assets-webpack-plugin_sjs0.6_2.12.jar, /home/tso/.ivy2/local/org.scalablytyped/assets-webpack-plugin_sjs0.6_2.12/3.9-dt-20190226Z-d4b309/srcs/assets-webpack-plugin_sjs0.6_2.12-sources.jar, /home/tso/.ivy2/local/org.scalablytyped/assets-webpack-plugin_sjs0.6_2.12/3.9-dt-20190226Z-d4b309/ivys/ivy.xml, /home/tso/.ivy2/local/org.scalablytyped/assets-webpack-plugin_sjs0.6_2.12/3.9-dt-20190226Z-d4b309/poms/assets-webpack-plugin_sjs0.6_2.12.pom] [id => assets-webpack-plugin, phase => build] 
[debug] PhaseRunner.scala:84 Success [id => assets-webpack-plugin, phase => build] 
[warn ] PhaseRunner.scala:70 Failed because of, [webpack => java.util.concurrent.ExecutionException: dispatch.StatusCode: Unexpected response status: 405] [id => assets-webpack-plugin, phase => publish] 
[error] PhaseRunner.scala:88 Failure, [webpack => java.util.concurrent.ExecutionException: dispatch.StatusCode: Unexpected response status: 405] [id => assets-webpack-plugin, phase => publish] 
