[debug] PhaseRunner.scala:78 Success [id => async.nexttick, phase => typescript] 
[info ] Phase1ReadTypescript.scala:152 Preprocessing TsHelperFile(InFile(/home/olvind/tmp/tso-cache/DefinitelyTyped/types/async.nexttick/index.d.ts),FromFolder(InFolder(/home/olvind/tmp/tso-cache/DefinitelyTyped/types/async.nexttick),TsIdentLibrarySimple(async.nexttick)),TsIdentModule(None,List(async.nexttick))) [id => async.nexttick, phase => typescript] 
[info ] InferredDefaultModule.scala:39 Inferred module TsIdentModule(None,List(async.nexttick)) [id => async.nexttick, phase => typescript] 
[warn ] Phase1ReadTypescript.scala:190 Processing TsIdentLibrarySimple(async.nexttick) [id => async.nexttick, phase => typescript] 
[debug] PhaseRunner.scala:78 Success [id => async.nexttick, phase => typescript] 
[warn ] Phase2ToScalaJs.scala:34 Processing TsIdentLibrarySimple(async.nexttick) [id => async.nexttick, phase => scala.js] 
[debug] PhaseRunner.scala:78 Success [id => async.nexttick, phase => scala.js] 
[warn ] Phase3CompileBloop.scala:163 Using cached build of async_dot_nexttick [id => async.nexttick, phase => build] 
[debug] PhaseRunner.scala:78 Success [id => async.nexttick, phase => build] 
[error] PhaseRes.scala:75 Caught exception [id => async.nexttick, phase => publish] java.lang.RuntimeException: was not able to find or create a package for oyvindberg in ScalablyTyped named async_dot_nexttick
	at scala.sys.package$.error(package.scala:26)
	at com.olvind.tso.importer.build.BinTrayPublisher.$anonfun$ensurePackage$2(BinTrayPublisher.scala:49)
	at com.olvind.tso.importer.build.BinTrayPublisher.$anonfun$ensurePackage$2$adapted(BinTrayPublisher.scala:46)
	at scala.util.Success.$anonfun$map$1(Try.scala:251)
	at scala.util.Success.map(Try.scala:209)
	at scala.concurrent.Future.$anonfun$map$1(Future.scala:288)
	at scala.concurrent.impl.Promise.liftedTree1$1(Promise.scala:29)
	at scala.concurrent.impl.Promise.$anonfun$transform$1(Promise.scala:29)
	at scala.concurrent.impl.CallbackRunnable.run(Promise.scala:60)
	at java.util.concurrent.ForkJoinTask$RunnableExecuteAction.exec(ForkJoinTask.java:1402)
	at java.util.concurrent.ForkJoinTask.doExec(ForkJoinTask.java:289)
	at java.util.concurrent.ForkJoinPool$WorkQueue.runTask(ForkJoinPool.java:1056)
	at java.util.concurrent.ForkJoinPool.runWorker(ForkJoinPool.java:1692)
	at java.util.concurrent.ForkJoinWorkerThread.run(ForkJoinWorkerThread.java:157)

[debug] PhaseRunner.scala:82 Failure, [async.nexttick => java.lang.RuntimeException: was not able to find or create a package for oyvindberg in ScalablyTyped named async_dot_nexttick] [id => async.nexttick, phase => publish] 
