[debug] PhaseRunner.scala:84 Success [id => atom-mocha-test-runner, phase => typescript] 
[info ] Phase1ReadTypescript.scala:171 Preprocessing TsHelperFile(InFile(/home/tso/tmp/tso-cache/DefinitelyTyped/types/atom-mocha-test-runner/index.d.ts),FromFolder(InFolder(/home/tso/tmp/tso-cache/DefinitelyTyped/types/atom-mocha-test-runner),TsIdentLibrarySimple(atom-mocha-test-runner)),TsIdentModule(None,List(atom-mocha-test-runner))) [id => atom-mocha-test-runner, phase => typescript] 
[info ] InferredDefaultModule.scala:39 Inferred module TsIdentModule(None,List(atom-mocha-test-runner)) [id => atom-mocha-test-runner, phase => typescript] 
[warn ] Phase1ReadTypescript.scala:189 Processing TsIdentLibrarySimple(atom-mocha-test-runner) [id => atom-mocha-test-runner, phase => typescript] 
[debug] PhaseRunner.scala:84 Success [id => atom-mocha-test-runner, phase => typescript] 
[warn ] Phase2ToScalaJs.scala:42 Processing atom-mocha-test-runner [id => atom-mocha-test-runner, phase => scala.js] 
[debug] PhaseRunner.scala:84 Success [id => atom-mocha-test-runner, phase => scala.js] 
[warn ] Phase3CompileBloop.scala:245 Built atom-mocha-test-runner in 451 ms [id => atom-mocha-test-runner, phase => build] 
[info ] Phase3CompileBloop.scala:253 published local, [/home/tso/.ivy2/local/org.scalablytyped/atom-mocha-test-runner_sjs0.6_2.12/1.0-dt-20180214Z-62ca30/jars/atom-mocha-test-runner_sjs0.6_2.12.jar, /home/tso/.ivy2/local/org.scalablytyped/atom-mocha-test-runner_sjs0.6_2.12/1.0-dt-20180214Z-62ca30/srcs/atom-mocha-test-runner_sjs0.6_2.12-sources.jar, /home/tso/.ivy2/local/org.scalablytyped/atom-mocha-test-runner_sjs0.6_2.12/1.0-dt-20180214Z-62ca30/ivys/ivy.xml, /home/tso/.ivy2/local/org.scalablytyped/atom-mocha-test-runner_sjs0.6_2.12/1.0-dt-20180214Z-62ca30/poms/atom-mocha-test-runner_sjs0.6_2.12.pom] [id => atom-mocha-test-runner, phase => build] 
[debug] PhaseRunner.scala:84 Success [id => atom-mocha-test-runner, phase => build] 
[warn ] PhaseRunner.scala:70 Failed because of, [atom => java.util.concurrent.ExecutionException: dispatch.StatusCode: Unexpected response status: 405] [id => atom-mocha-test-runner, phase => publish] 
[error] PhaseRunner.scala:88 Failure, [atom => java.util.concurrent.ExecutionException: dispatch.StatusCode: Unexpected response status: 405] [id => atom-mocha-test-runner, phase => publish] 
