[debug] PhaseRunner.scala:84 Success [id => babel-webpack-plugin, phase => typescript] 
[info ] Phase1ReadTypescript.scala:171 Preprocessing TsHelperFile(InFile(/home/tso/tmp/tso-cache/DefinitelyTyped/types/babel-webpack-plugin/index.d.ts),FromFolder(InFolder(/home/tso/tmp/tso-cache/DefinitelyTyped/types/babel-webpack-plugin),TsIdentLibrarySimple(babel-webpack-plugin)),TsIdentModule(None,List(babel-webpack-plugin))) [id => babel-webpack-plugin, phase => typescript] 
[info ] InferredDefaultModule.scala:39 Inferred module TsIdentModule(None,List(babel-webpack-plugin)) [id => babel-webpack-plugin, phase => typescript] 
[warn ] Phase1ReadTypescript.scala:189 Processing TsIdentLibrarySimple(babel-webpack-plugin) [id => babel-webpack-plugin, phase => typescript] 
[info ] PreferTypeAlias.scala:55 Simplified to type alias [id => babel-webpack-plugin, phase => typescript, scope => TreeScope(TsParsedFile() / TsDeclModule(babel-webpack-plugin) / TsDeclInterface(BabelWebpackPlugin))] 
[debug] PhaseRunner.scala:84 Success [id => babel-webpack-plugin, phase => typescript] 
[warn ] Phase2ToScalaJs.scala:42 Processing babel-webpack-plugin [id => babel-webpack-plugin, phase => scala.js] 
[debug] PhaseRunner.scala:84 Success [id => babel-webpack-plugin, phase => scala.js] 
[warn ] Phase3CompileBloop.scala:245 Built babel-webpack-plugin in 645 ms [id => babel-webpack-plugin, phase => build] 
[info ] Phase3CompileBloop.scala:253 published local, [/home/tso/.ivy2/local/org.scalablytyped/babel-webpack-plugin_sjs0.6_2.12/0.1-dt-20180611Z-f018e4/jars/babel-webpack-plugin_sjs0.6_2.12.jar, /home/tso/.ivy2/local/org.scalablytyped/babel-webpack-plugin_sjs0.6_2.12/0.1-dt-20180611Z-f018e4/srcs/babel-webpack-plugin_sjs0.6_2.12-sources.jar, /home/tso/.ivy2/local/org.scalablytyped/babel-webpack-plugin_sjs0.6_2.12/0.1-dt-20180611Z-f018e4/ivys/ivy.xml, /home/tso/.ivy2/local/org.scalablytyped/babel-webpack-plugin_sjs0.6_2.12/0.1-dt-20180611Z-f018e4/poms/babel-webpack-plugin_sjs0.6_2.12.pom] [id => babel-webpack-plugin, phase => build] 
[debug] PhaseRunner.scala:84 Success [id => babel-webpack-plugin, phase => build] 
[warn ] PhaseRunner.scala:70 Failed because of, [webpack => java.util.concurrent.ExecutionException: dispatch.StatusCode: Unexpected response status: 405] [id => babel-webpack-plugin, phase => publish] 
[error] PhaseRunner.scala:88 Failure, [webpack => java.util.concurrent.ExecutionException: dispatch.StatusCode: Unexpected response status: 405] [id => babel-webpack-plugin, phase => publish] 
