[info ] ResolveExternalReferences.scala:81 Inferred augmented module None (TsIdentModule(None,List(enzyme))) [file => ../types/commercetools__enzyme-extensions/index.d.ts, phase => typescript, scope => TreeScope(TsParsedFile() / TsDeclModule(enzyme)), id => @commercetools/enzyme-extensions] 
[debug] PhaseRunner.scala:78 Success [id => @commercetools/enzyme-extensions, phase => typescript] 
[info ] Phase1ReadTypescript.scala:152 Preprocessing TsHelperFile(InFile(/home/olvind/tmp/tso-cache/DefinitelyTyped/types/commercetools__enzyme-extensions/index.d.ts),FromFolder(InFolder(/home/olvind/tmp/tso-cache/DefinitelyTyped/types/commercetools__enzyme-extensions),TsIdentLibraryScoped(commercetools,Some(enzyme-extensions))),TsIdentModule(Some(commercetools),List(enzyme-extensions))) [id => @commercetools/enzyme-extensions, phase => typescript] 
[info ] InferredDefaultModule.scala:39 Inferred module TsIdentModule(Some(commercetools),List(enzyme-extensions)) [id => @commercetools/enzyme-extensions, phase => typescript] 
[warn ] Phase1ReadTypescript.scala:190 Processing TsIdentLibraryScoped(commercetools,Some(enzyme-extensions)) [id => @commercetools/enzyme-extensions, phase => typescript] 
[info ] ResolveTypeQueries.scala:94 Resolved TsTypeQuery(TsQIdent(List(TsIdentLibrarySimple(enzyme), TsIdentModule(None,List(enzyme)), TsIdentSimple(ShallowWrapper)))) [id => @commercetools/enzyme-extensions, phase => typescript, scope => TreeScope(TsParsedFile() / TsDeclModule(@commercetools/enzyme-extensions) / TsDeclFunction(monkeyPatchShallowWrapper) / TsFunSig() / TsFunParam() / TsTypeQuery())] 
[debug] DefaultedTParams.scala:29 Defaulting type parameter TsIdentSimple(P) at TreeScope(TsParsedFile() / TsDeclModule(@commercetools/enzyme-extensions) / TsDeclFunction(namespaced) / TsFunSig() / TsFunParam() / TsTypeConstructor() / TsTypeFunction() / TsFunSig() / TsTypeRef()) [id => @commercetools/enzyme-extensions, phase => typescript, scope => TreeScope(TsParsedFile() / TsDeclModule(@commercetools/enzyme-extensions) / TsDeclFunction(namespaced) / TsFunSig() / TsFunParam() / TsTypeConstructor() / TsTypeFunction() / TsFunSig() / TsTypeRef())] 
[debug] DefaultedTParams.scala:29 Defaulting type parameter TsIdentSimple(S) at TreeScope(TsParsedFile() / TsDeclModule(@commercetools/enzyme-extensions) / TsDeclFunction(namespaced) / TsFunSig() / TsFunParam() / TsTypeConstructor() / TsTypeFunction() / TsFunSig() / TsTypeRef()) [id => @commercetools/enzyme-extensions, phase => typescript, scope => TreeScope(TsParsedFile() / TsDeclModule(@commercetools/enzyme-extensions) / TsDeclFunction(namespaced) / TsFunSig() / TsFunParam() / TsTypeConstructor() / TsTypeFunction() / TsFunSig() / TsTypeRef())] 
[debug] DefaultedTParams.scala:29 Defaulting type parameter TsIdentSimple(C) at TreeScope(TsParsedFile() / TsDeclModule(@commercetools/enzyme-extensions) / TsDeclFunction(namespaced) / TsFunSig() / TsFunParam() / TsTypeConstructor() / TsTypeFunction() / TsFunSig() / TsTypeRef()) [id => @commercetools/enzyme-extensions, phase => typescript, scope => TreeScope(TsParsedFile() / TsDeclModule(@commercetools/enzyme-extensions) / TsDeclFunction(namespaced) / TsFunSig() / TsFunParam() / TsTypeConstructor() / TsTypeFunction() / TsFunSig() / TsTypeRef())] 
[debug] PhaseRunner.scala:78 Success [id => @commercetools/enzyme-extensions, phase => typescript] 
[warn ] Phase2ToScalaJs.scala:34 Processing TsIdentLibraryScoped(commercetools,Some(enzyme-extensions)) [id => @commercetools/enzyme-extensions, phase => scala.js] 
[debug] PhaseRunner.scala:78 Success [id => @commercetools/enzyme-extensions, phase => scala.js] 
[warn ] Phase3CompileBloop.scala:163 Using cached build of commercetools__enzyme-extensions [id => @commercetools/enzyme-extensions, phase => build] 
[debug] PhaseRunner.scala:78 Success [id => @commercetools/enzyme-extensions, phase => build] 
[warn ] PhaseRunner.scala:64 Failed because of, [cheerio => java.lang.RuntimeException: was not able to find or create version v0.22.0-dt-20181102Z-1236ef for oyvindberg in ScalablyTyped for package cheerio] [id => @commercetools/enzyme-extensions, phase => publish] 
[debug] PhaseRunner.scala:82 Failure, [cheerio => java.lang.RuntimeException: was not able to find or create version v0.22.0-dt-20181102Z-1236ef for oyvindberg in ScalablyTyped for package cheerio] [id => @commercetools/enzyme-extensions, phase => publish] 
