[debug] PhaseRunner.scala:78 Success [id => connect-pg-simple, phase => typescript] 
[info ] Phase1ReadTypescript.scala:152 Preprocessing TsHelperFile(InFile(/home/tso/tmp/tso-cache/DefinitelyTyped/types/connect-pg-simple/index.d.ts),FromFolder(InFolder(/home/tso/tmp/tso-cache/DefinitelyTyped/types/connect-pg-simple),TsIdentLibrarySimple(connect-pg-simple)),TsIdentModule(None,List(connect-pg-simple))) [id => connect-pg-simple, phase => typescript] 
[info ] InferredDefaultModule.scala:39 Inferred module TsIdentModule(None,List(connect-pg-simple)) [id => connect-pg-simple, phase => typescript] 
[warn ] Phase1ReadTypescript.scala:190 Processing TsIdentLibrarySimple(connect-pg-simple) [id => connect-pg-simple, phase => typescript] 
[info ] ResolveTypeQueries.scala:94 Resolved TsTypeQuery(TsQIdent(List(TsIdentLibrarySimple(connect-pg-simple), TsIdentModule(None,List(connect-pg-simple)), TsIdentNamespace(connectPgSimple), TsIdentSimple(PGStore)))) [id => connect-pg-simple, phase => typescript, scope => TreeScope(TsParsedFile() / TsDeclModule(connect-pg-simple) / TsDeclFunction(connectPgSimple) / TsFunSig() / TsTypeQuery())] 
[debug] PhaseRunner.scala:78 Success [id => connect-pg-simple, phase => typescript] 
[warn ] Phase2ToScalaJs.scala:34 Processing TsIdentLibrarySimple(connect-pg-simple) [id => connect-pg-simple, phase => scala.js] 
[debug] PhaseRunner.scala:78 Success [id => connect-pg-simple, phase => scala.js] 
[warn ] Phase3CompileBloop.scala:211 Built connect-pg-simple in 369 ms [id => connect-pg-simple, phase => build] 
[info ] Phase3CompileBloop.scala:221 published local, [/home/tso/.ivy2/local/com.scalablytyped/connect-pg-simple_sjs0.6_2.12/4.2-dt-20180910Z-77570f/jars/connect-pg-simple_sjs0.6_2.12.jar, /home/tso/.ivy2/local/com.scalablytyped/connect-pg-simple_sjs0.6_2.12/4.2-dt-20180910Z-77570f/srcs/connect-pg-simple_sjs0.6_2.12-sources.jar, /home/tso/.ivy2/local/com.scalablytyped/connect-pg-simple_sjs0.6_2.12/4.2-dt-20180910Z-77570f/ivys/ivy.xml, /home/tso/.ivy2/local/com.scalablytyped/connect-pg-simple_sjs0.6_2.12/4.2-dt-20180910Z-77570f/poms/connect-pg-simple_sjs0.6_2.12.pom] [id => connect-pg-simple, phase => build] 
[debug] PhaseRunner.scala:78 Success [id => connect-pg-simple, phase => build] 
[warn ] PhaseRunner.scala:64 Failed because of, [express-session => java.lang.RuntimeException: was not able to find or create version 1.15-dt-20180910Z-3be5b8 for oyvindberg in ScalablyTyped for package express-session] [id => connect-pg-simple, phase => publish] 
[debug] PhaseRunner.scala:82 Failure, [express-session => java.lang.RuntimeException: was not able to find or create version 1.15-dt-20180910Z-3be5b8 for oyvindberg in ScalablyTyped for package express-session] [id => connect-pg-simple, phase => publish] 
