[debug] PhaseRunner.scala:78 Success [id => connect-mongodb-session, phase => typescript] 
[info ] Phase1ReadTypescript.scala:152 Preprocessing TsHelperFile(InFile(/home/tso/tmp/tso-cache/DefinitelyTyped/types/connect-mongodb-session/index.d.ts),FromFolder(InFolder(/home/tso/tmp/tso-cache/DefinitelyTyped/types/connect-mongodb-session),TsIdentLibrarySimple(connect-mongodb-session)),TsIdentModule(None,List(connect-mongodb-session))) [id => connect-mongodb-session, phase => typescript] 
[info ] InferredDefaultModule.scala:39 Inferred module TsIdentModule(None,List(connect-mongodb-session)) [id => connect-mongodb-session, phase => typescript] 
[warn ] Phase1ReadTypescript.scala:190 Processing TsIdentLibrarySimple(connect-mongodb-session) [id => connect-mongodb-session, phase => typescript] 
[debug] PhaseRunner.scala:78 Success [id => connect-mongodb-session, phase => typescript] 
[warn ] Phase2ToScalaJs.scala:34 Processing TsIdentLibrarySimple(connect-mongodb-session) [id => connect-mongodb-session, phase => scala.js] 
[debug] PhaseRunner.scala:78 Success [id => connect-mongodb-session, phase => scala.js] 
[warn ] Phase3CompileBloop.scala:211 Built connect-mongodb-session in 561 ms [id => connect-mongodb-session, phase => build] 
[info ] Phase3CompileBloop.scala:221 published local, [/home/tso/.ivy2/local/com.scalablytyped/connect-mongodb-session_sjs0.6_2.12/0.0-unknown-dt-20180910Z-c5e0e8/jars/connect-mongodb-session_sjs0.6_2.12.jar, /home/tso/.ivy2/local/com.scalablytyped/connect-mongodb-session_sjs0.6_2.12/0.0-unknown-dt-20180910Z-c5e0e8/srcs/connect-mongodb-session_sjs0.6_2.12-sources.jar, /home/tso/.ivy2/local/com.scalablytyped/connect-mongodb-session_sjs0.6_2.12/0.0-unknown-dt-20180910Z-c5e0e8/ivys/ivy.xml, /home/tso/.ivy2/local/com.scalablytyped/connect-mongodb-session_sjs0.6_2.12/0.0-unknown-dt-20180910Z-c5e0e8/poms/connect-mongodb-session_sjs0.6_2.12.pom] [id => connect-mongodb-session, phase => build] 
[debug] PhaseRunner.scala:78 Success [id => connect-mongodb-session, phase => build] 
[warn ] PhaseRunner.scala:64 Failed because of, [express-session => java.lang.RuntimeException: was not able to find or create version 1.15-dt-20180910Z-3be5b8 for oyvindberg in ScalablyTyped for package express-session] [id => connect-mongodb-session, phase => publish] 
[debug] PhaseRunner.scala:82 Failure, [express-session => java.lang.RuntimeException: was not able to find or create version 1.15-dt-20180910Z-3be5b8 for oyvindberg in ScalablyTyped for package express-session] [id => connect-mongodb-session, phase => publish] 
