[info ] InferredDependency.scala:22 Inferred dependencies Set(TsIdentLibrarySimple(node)) for TsIdentLibrarySimple(copy-webpack-plugin) [id => copy-webpack-plugin, phase => typescript, file => ../types/copy-webpack-plugin/index.d.ts] 
[debug] PhaseRunner.scala:84 Success [id => copy-webpack-plugin, phase => typescript] 
[info ] Phase1ReadTypescript.scala:171 Preprocessing TsHelperFile(InFile(/home/tso/tmp/tso-cache/DefinitelyTyped/types/copy-webpack-plugin/index.d.ts),FromFolder(InFolder(/home/tso/tmp/tso-cache/DefinitelyTyped/types/copy-webpack-plugin),TsIdentLibrarySimple(copy-webpack-plugin)),TsIdentModule(None,List(copy-webpack-plugin))) [id => copy-webpack-plugin, phase => typescript] 
[info ] InferredDefaultModule.scala:39 Inferred module TsIdentModule(None,List(copy-webpack-plugin)) [id => copy-webpack-plugin, phase => typescript] 
[warn ] Phase1ReadTypescript.scala:189 Processing TsIdentLibrarySimple(copy-webpack-plugin) [id => copy-webpack-plugin, phase => typescript] 
[info ] ExtractInterfaces.scala:41 Extracted anonymous interface TsIdentSimple(Anon_Key) [id => copy-webpack-plugin, phase => typescript, scope => TreeScope(TsParsedFile() / TsDeclModule(copy-webpack-plugin) / TsDeclInterface(CopyPattern) / TsMemberProperty(cache) / TsTypeUnion() / TsTypeObject())] 
[debug] PhaseRunner.scala:84 Success [id => copy-webpack-plugin, phase => typescript] 
[warn ] Phase2ToScalaJs.scala:42 Processing copy-webpack-plugin [id => copy-webpack-plugin, phase => scala.js] 
[debug] PhaseRunner.scala:84 Success [id => copy-webpack-plugin, phase => scala.js] 
[warn ] Phase3CompileBloop.scala:245 Built copy-webpack-plugin in 670 ms [id => copy-webpack-plugin, phase => build] 
[info ] Phase3CompileBloop.scala:253 published local, [/home/tso/.ivy2/local/org.scalablytyped/copy-webpack-plugin_sjs0.6_2.12/5.0-dt-20190426Z-6dd4d3/jars/copy-webpack-plugin_sjs0.6_2.12.jar, /home/tso/.ivy2/local/org.scalablytyped/copy-webpack-plugin_sjs0.6_2.12/5.0-dt-20190426Z-6dd4d3/srcs/copy-webpack-plugin_sjs0.6_2.12-sources.jar, /home/tso/.ivy2/local/org.scalablytyped/copy-webpack-plugin_sjs0.6_2.12/5.0-dt-20190426Z-6dd4d3/ivys/ivy.xml, /home/tso/.ivy2/local/org.scalablytyped/copy-webpack-plugin_sjs0.6_2.12/5.0-dt-20190426Z-6dd4d3/poms/copy-webpack-plugin_sjs0.6_2.12.pom] [id => copy-webpack-plugin, phase => build] 
[debug] PhaseRunner.scala:84 Success [id => copy-webpack-plugin, phase => build] 
[warn ] PhaseRunner.scala:70 Failed because of, [webpack => java.util.concurrent.ExecutionException: dispatch.StatusCode: Unexpected response status: 405] [id => copy-webpack-plugin, phase => publish] 
[error] PhaseRunner.scala:88 Failure, [webpack => java.util.concurrent.ExecutionException: dispatch.StatusCode: Unexpected response status: 405] [id => copy-webpack-plugin, phase => publish] 
