[debug] PhaseRunner.scala:84 Success [id => critters-webpack-plugin, phase => typescript] 
[info ] Phase1ReadTypescript.scala:171 Preprocessing TsHelperFile(InFile(/home/tso/tmp/tso-cache/DefinitelyTyped/types/critters-webpack-plugin/index.d.ts),FromFolder(InFolder(/home/tso/tmp/tso-cache/DefinitelyTyped/types/critters-webpack-plugin),TsIdentLibrarySimple(critters-webpack-plugin)),TsIdentModule(None,List(critters-webpack-plugin))) [id => critters-webpack-plugin, phase => typescript] 
[info ] InferredDefaultModule.scala:39 Inferred module TsIdentModule(None,List(critters-webpack-plugin)) [id => critters-webpack-plugin, phase => typescript] 
[warn ] Phase1ReadTypescript.scala:189 Processing TsIdentLibrarySimple(critters-webpack-plugin) [id => critters-webpack-plugin, phase => typescript] 
[info ] PreferTypeAlias.scala:55 Simplified to type alias [id => critters-webpack-plugin, phase => typescript, scope => TreeScope(TsParsedFile() / TsDeclModule(critters-webpack-plugin) / TsDeclInterface(Critters))] 
[debug] PhaseRunner.scala:84 Success [id => critters-webpack-plugin, phase => typescript] 
[warn ] Phase2ToScalaJs.scala:42 Processing critters-webpack-plugin [id => critters-webpack-plugin, phase => scala.js] 
[debug] PhaseRunner.scala:84 Success [id => critters-webpack-plugin, phase => scala.js] 
[warn ] Phase3CompileBloop.scala:245 Built critters-webpack-plugin in 437 ms [id => critters-webpack-plugin, phase => build] 
[info ] Phase3CompileBloop.scala:253 published local, [/home/tso/.ivy2/local/org.scalablytyped/critters-webpack-plugin_sjs0.6_2.12/2.0-dt-20181107Z-0a7faf/jars/critters-webpack-plugin_sjs0.6_2.12.jar, /home/tso/.ivy2/local/org.scalablytyped/critters-webpack-plugin_sjs0.6_2.12/2.0-dt-20181107Z-0a7faf/srcs/critters-webpack-plugin_sjs0.6_2.12-sources.jar, /home/tso/.ivy2/local/org.scalablytyped/critters-webpack-plugin_sjs0.6_2.12/2.0-dt-20181107Z-0a7faf/ivys/ivy.xml, /home/tso/.ivy2/local/org.scalablytyped/critters-webpack-plugin_sjs0.6_2.12/2.0-dt-20181107Z-0a7faf/poms/critters-webpack-plugin_sjs0.6_2.12.pom] [id => critters-webpack-plugin, phase => build] 
[debug] PhaseRunner.scala:84 Success [id => critters-webpack-plugin, phase => build] 
[warn ] PhaseRunner.scala:70 Failed because of, [webpack => java.util.concurrent.ExecutionException: dispatch.StatusCode: Unexpected response status: 405] [id => critters-webpack-plugin, phase => publish] 
[error] PhaseRunner.scala:88 Failure, [webpack => java.util.concurrent.ExecutionException: dispatch.StatusCode: Unexpected response status: 405] [id => critters-webpack-plugin, phase => publish] 
