[debug] PhaseRunner.scala:78 Success [id => documentdb-session, phase => typescript] 
[info ] Phase1ReadTypescript.scala:152 Preprocessing TsHelperFile(InFile(/home/tso/tmp/tso-cache/DefinitelyTyped/types/documentdb-session/index.d.ts),FromFolder(InFolder(/home/tso/tmp/tso-cache/DefinitelyTyped/types/documentdb-session),TsIdentLibrarySimple(documentdb-session)),TsIdentModule(None,List(documentdb-session))) [id => documentdb-session, phase => typescript] 
[info ] InferredDefaultModule.scala:39 Inferred module TsIdentModule(None,List(documentdb-session)) [id => documentdb-session, phase => typescript] 
[warn ] Phase1ReadTypescript.scala:190 Processing TsIdentLibrarySimple(documentdb-session) [id => documentdb-session, phase => typescript] 
[info ] ResolveTypeQueries.scala:94 Resolved TsTypeQuery(TsQIdent(List(TsIdentLibrarySimple(express-session), TsIdentModule(None,List(express-session)), TsIdentSimple(namespaced)))) [id => documentdb-session, phase => typescript, scope => TreeScope(TsParsedFile() / TsDeclModule(documentdb-session) / TsDeclFunction(DocumentDBSession) / TsFunSig() / TsFunParam() / TsTypeQuery())] 
[debug] PhaseRunner.scala:78 Success [id => documentdb-session, phase => typescript] 
[warn ] Phase2ToScalaJs.scala:34 Processing TsIdentLibrarySimple(documentdb-session) [id => documentdb-session, phase => scala.js] 
[debug] PhaseRunner.scala:78 Success [id => documentdb-session, phase => scala.js] 
[warn ] Phase3CompileBloop.scala:211 Built documentdb-session in 1027 ms [id => documentdb-session, phase => build] 
[info ] Phase3CompileBloop.scala:221 published local, [/home/tso/.ivy2/local/com.scalablytyped/documentdb-session_sjs0.6_2.12/1.0-dt-20180910Z-df3d2b/jars/documentdb-session_sjs0.6_2.12.jar, /home/tso/.ivy2/local/com.scalablytyped/documentdb-session_sjs0.6_2.12/1.0-dt-20180910Z-df3d2b/srcs/documentdb-session_sjs0.6_2.12-sources.jar, /home/tso/.ivy2/local/com.scalablytyped/documentdb-session_sjs0.6_2.12/1.0-dt-20180910Z-df3d2b/ivys/ivy.xml, /home/tso/.ivy2/local/com.scalablytyped/documentdb-session_sjs0.6_2.12/1.0-dt-20180910Z-df3d2b/poms/documentdb-session_sjs0.6_2.12.pom] [id => documentdb-session, phase => build] 
[debug] PhaseRunner.scala:78 Success [id => documentdb-session, phase => build] 
[warn ] PhaseRunner.scala:64 Failed because of, [express-session => java.lang.RuntimeException: was not able to find or create version 1.15-dt-20180910Z-3be5b8 for oyvindberg in ScalablyTyped for package express-session] [id => documentdb-session, phase => publish] 
[debug] PhaseRunner.scala:82 Failure, [express-session => java.lang.RuntimeException: was not able to find or create version 1.15-dt-20180910Z-3be5b8 for oyvindberg in ScalablyTyped for package express-session] [id => documentdb-session, phase => publish] 
