[debug] PhaseRunner.scala:84 Success [id => dotenv-webpack, phase => typescript] 
[info ] Phase1ReadTypescript.scala:171 Preprocessing TsHelperFile(InFile(/home/tso/tmp/tso-cache/DefinitelyTyped/types/dotenv-webpack/index.d.ts),FromFolder(InFolder(/home/tso/tmp/tso-cache/DefinitelyTyped/types/dotenv-webpack),TsIdentLibrarySimple(dotenv-webpack)),TsIdentModule(None,List(dotenv-webpack))) [id => dotenv-webpack, phase => typescript] 
[info ] InferredDefaultModule.scala:39 Inferred module TsIdentModule(None,List(dotenv-webpack)) [id => dotenv-webpack, phase => typescript] 
[warn ] Phase1ReadTypescript.scala:189 Processing TsIdentLibrarySimple(dotenv-webpack) [id => dotenv-webpack, phase => typescript] 
[info ] PreferTypeAlias.scala:55 Simplified to type alias [id => dotenv-webpack, phase => typescript, scope => TreeScope(TsParsedFile() / TsDeclModule(dotenv-webpack) / TsDeclInterface(DotenvWebpackPlugin))] 
[debug] PhaseRunner.scala:84 Success [id => dotenv-webpack, phase => typescript] 
[warn ] Phase2ToScalaJs.scala:42 Processing dotenv-webpack [id => dotenv-webpack, phase => scala.js] 
[debug] PhaseRunner.scala:84 Success [id => dotenv-webpack, phase => scala.js] 
[warn ] Phase3CompileBloop.scala:245 Built dotenv-webpack in 449 ms [id => dotenv-webpack, phase => build] 
[info ] Phase3CompileBloop.scala:253 published local, [/home/tso/.ivy2/local/org.scalablytyped/dotenv-webpack_sjs0.6_2.12/1.7-dt-20190118Z-c8c255/jars/dotenv-webpack_sjs0.6_2.12.jar, /home/tso/.ivy2/local/org.scalablytyped/dotenv-webpack_sjs0.6_2.12/1.7-dt-20190118Z-c8c255/srcs/dotenv-webpack_sjs0.6_2.12-sources.jar, /home/tso/.ivy2/local/org.scalablytyped/dotenv-webpack_sjs0.6_2.12/1.7-dt-20190118Z-c8c255/ivys/ivy.xml, /home/tso/.ivy2/local/org.scalablytyped/dotenv-webpack_sjs0.6_2.12/1.7-dt-20190118Z-c8c255/poms/dotenv-webpack_sjs0.6_2.12.pom] [id => dotenv-webpack, phase => build] 
[debug] PhaseRunner.scala:84 Success [id => dotenv-webpack, phase => build] 
[warn ] PhaseRunner.scala:70 Failed because of, [webpack => java.util.concurrent.ExecutionException: dispatch.StatusCode: Unexpected response status: 405] [id => dotenv-webpack, phase => publish] 
[error] PhaseRunner.scala:88 Failure, [webpack => java.util.concurrent.ExecutionException: dispatch.StatusCode: Unexpected response status: 405] [id => dotenv-webpack, phase => publish] 
