[info ] InferredDependency.scala:22 Inferred dependencies Set(TsIdentLibrarySimple(node)) for TsIdentLibrarySimple(download) [id => download, phase => typescript, file => ../types/download/index.d.ts] 
[debug] PhaseRunner.scala:84 Success [id => download, phase => typescript] 
[info ] Phase1ReadTypescript.scala:171 Preprocessing TsHelperFile(InFile(/home/tso/tmp/tso-cache/DefinitelyTyped/types/download/index.d.ts),FromFolder(InFolder(/home/tso/tmp/tso-cache/DefinitelyTyped/types/download),TsIdentLibrarySimple(download)),TsIdentModule(None,List(download))) [id => download, phase => typescript] 
[info ] InferredDefaultModule.scala:39 Inferred module TsIdentModule(None,List(download)) [id => download, phase => typescript] 
[warn ] Phase1ReadTypescript.scala:189 Processing TsIdentLibrarySimple(download) [id => download, phase => typescript] 
[debug] PhaseRunner.scala:84 Success [id => download, phase => typescript] 
[warn ] Phase2ToScalaJs.scala:42 Processing download [id => download, phase => scala.js] 
[debug] PhaseRunner.scala:84 Success [id => download, phase => scala.js] 
[warn ] Phase3CompileBloop.scala:245 Built download in 618 ms [id => download, phase => build] 
[info ] Phase3CompileBloop.scala:253 published local, [/home/tso/.ivy2/local/org.scalablytyped/download_sjs0.6_2.12/6.2-dt-20181231Z-2319ba/jars/download_sjs0.6_2.12.jar, /home/tso/.ivy2/local/org.scalablytyped/download_sjs0.6_2.12/6.2-dt-20181231Z-2319ba/srcs/download_sjs0.6_2.12-sources.jar, /home/tso/.ivy2/local/org.scalablytyped/download_sjs0.6_2.12/6.2-dt-20181231Z-2319ba/ivys/ivy.xml, /home/tso/.ivy2/local/org.scalablytyped/download_sjs0.6_2.12/6.2-dt-20181231Z-2319ba/poms/download_sjs0.6_2.12.pom] [id => download, phase => build] 
[debug] PhaseRunner.scala:84 Success [id => download, phase => build] 
[warn ] PhaseRunner.scala:70 Failed because of, [got => java.util.concurrent.ExecutionException: dispatch.StatusCode: Unexpected response status: 405] [id => download, phase => publish] 
[error] PhaseRunner.scala:88 Failure, [got => java.util.concurrent.ExecutionException: dispatch.StatusCode: Unexpected response status: 405] [id => download, phase => publish] 
