[debug] PhaseRunner.scala:78 Success [id => ecmarkup, phase => typescript] 
[debug] PhaseRunner.scala:86 Ignored [id => ecmarkup, phase => typescript] 
[debug] PhaseRunner.scala:78 Success [id => ecmarkup, phase => typescript] 
[debug] PhaseRunner.scala:78 Success [id => ecmarkup, phase => typescript] 
[debug] PhaseRunner.scala:78 Success [id => ecmarkup, phase => typescript] 
[info ] Phase1ReadTypescript.scala:152 Preprocessing TsHelperFile(InFile(/home/tso/tmp/tso-cache/npm/node_modules/ecmarkup/lib/Biblio.d.ts),FromFolder(InFolder(/home/tso/tmp/tso-cache/npm/node_modules/ecmarkup),TsIdentLibrarySimple(ecmarkup)),TsIdentModule(None,List(ecmarkup, lib, Biblio))) [id => ecmarkup, phase => typescript] 
[info ] InferredDefaultModule.scala:39 Inferred module TsIdentModule(None,List(ecmarkup, lib, Biblio)) [id => ecmarkup, phase => typescript] 
[info ] Phase1ReadTypescript.scala:152 Preprocessing TsHelperFile(InFile(/home/tso/tmp/tso-cache/npm/node_modules/ecmarkup/lib/Spec.d.ts),FromFolder(InFolder(/home/tso/tmp/tso-cache/npm/node_modules/ecmarkup),TsIdentLibrarySimple(ecmarkup)),TsIdentModule(None,List(ecmarkup, lib, Spec))) [id => ecmarkup, phase => typescript] 
[info ] InferredDefaultModule.scala:39 Inferred module TsIdentModule(None,List(ecmarkup, lib, Spec)) [id => ecmarkup, phase => typescript] 
[info ] Phase1ReadTypescript.scala:152 Preprocessing TsHelperFile(InFile(/home/tso/tmp/tso-cache/npm/node_modules/ecmarkup/lib/ecmarkup.d.ts),FromFolder(InFolder(/home/tso/tmp/tso-cache/npm/node_modules/ecmarkup),TsIdentLibrarySimple(ecmarkup)),TsIdentModule(None,List(ecmarkup))) [id => ecmarkup, phase => typescript] 
[info ] InferredDefaultModule.scala:39 Inferred module TsIdentModule(None,List(ecmarkup)) [id => ecmarkup, phase => typescript] 
[info ] Phase1ReadTypescript.scala:152 Preprocessing TsHelperFile(InFile(/home/tso/tmp/tso-cache/npm/node_modules/ecmarkup/lib/ecmarkup.d.ts),FromFolder(InFolder(/home/tso/tmp/tso-cache/npm/node_modules/ecmarkup),TsIdentLibrarySimple(ecmarkup)),TsIdentModule(None,List(ecmarkup, lib, ecmarkup))) [id => ecmarkup, phase => typescript] 
[info ] InferredDefaultModule.scala:39 Inferred module TsIdentModule(None,List(ecmarkup, lib, ecmarkup)) [id => ecmarkup, phase => typescript] 
[warn ] Phase1ReadTypescript.scala:190 Processing TsIdentLibrarySimple(ecmarkup) [id => ecmarkup, phase => typescript] 
[debug] PhaseRunner.scala:78 Success [id => ecmarkup, phase => typescript] 
[warn ] Phase2ToScalaJs.scala:34 Processing TsIdentLibrarySimple(ecmarkup) [id => ecmarkup, phase => scala.js] 
[debug] PhaseRunner.scala:78 Success [id => ecmarkup, phase => scala.js] 
[warn ] Phase3CompileBloop.scala:192 Using cached build of ecmarkup [id => ecmarkup, phase => build] 
[debug] PhaseRunner.scala:78 Success [id => ecmarkup, phase => build] 
[warn ] PhaseRunner.scala:64 Failed because of, [nomnom => java.lang.RuntimeException: was not able to find or create version 0.0-unknown-dt-20180910Z-8d21c8 for oyvindberg in ScalablyTyped for package nomnom] [id => ecmarkup, phase => publish] 
[debug] PhaseRunner.scala:82 Failure, [nomnom => java.lang.RuntimeException: was not able to find or create version 0.0-unknown-dt-20180910Z-8d21c8 for oyvindberg in ScalablyTyped for package nomnom] [id => ecmarkup, phase => publish] 
