[info ] InferredDependency.scala:20 Inferred dependencies Set(TsIdentLibrarySimple(node)) for TsIdentLibrarySimple(egg) [id => egg, phase => typescript, file => ../node_modules/egg/index.d.ts] 
[warn ] PhaseRunner.scala:67 Failed because of, [egg-logger => java.lang.RuntimeException: Type parameter not provided] [id => egg, phase => typescript] 
[debug] PhaseRunner.scala:85 Failure, [egg-logger => java.lang.RuntimeException: Type parameter not provided] [id => egg, phase => typescript] 
[warn ] PhaseRunner.scala:67 Failed because of, [egg-logger => java.lang.RuntimeException: Type parameter not provided] [id => egg, phase => typescript] 
[debug] PhaseRunner.scala:85 Failure, [egg-logger => java.lang.RuntimeException: Type parameter not provided] [id => egg, phase => typescript] 
[debug] PhaseRunner.scala:85 Failure, [egg-logger => java.lang.RuntimeException: Type parameter not provided] [id => egg, phase => scala.js] 
[debug] PhaseRunner.scala:85 Failure, [egg-logger => java.lang.RuntimeException: Type parameter not provided] [id => egg, phase => build] 
[debug] PhaseRunner.scala:85 Failure, [egg-logger => java.lang.RuntimeException: Type parameter not provided] [id => egg, phase => publish] 
