[debug] PhaseRunner.scala:78 Success [id => enzyme-to-json, phase => typescript] 
[info ] Phase1ReadTypescript.scala:152 Preprocessing TsHelperFile(InFile(/home/olvind/tmp/tso-cache/DefinitelyTyped/types/enzyme-to-json/index.d.ts),FromFolder(InFolder(/home/olvind/tmp/tso-cache/DefinitelyTyped/types/enzyme-to-json),TsIdentLibrarySimple(enzyme-to-json)),TsIdentModule(None,List(enzyme-to-json))) [id => enzyme-to-json, phase => typescript] 
[info ] InferredDefaultModule.scala:39 Inferred module TsIdentModule(None,List(enzyme-to-json)) [id => enzyme-to-json, phase => typescript] 
[warn ] Phase1ReadTypescript.scala:190 Processing TsIdentLibrarySimple(enzyme-to-json) [id => enzyme-to-json, phase => typescript] 
[debug] DefaultedTParams.scala:29 Defaulting type parameter TsIdentSimple(C) at TreeScope(TsParsedFile() / TsDeclModule(enzyme-to-json) / TsDeclFunction(default) / TsFunSig() / TsFunParam() / TsTypeUnion() / TsTypeRef()) [id => enzyme-to-json, phase => typescript, scope => TreeScope(TsParsedFile() / TsDeclModule(enzyme-to-json) / TsDeclFunction(default) / TsFunSig() / TsFunParam() / TsTypeUnion() / TsTypeRef())] 
[debug] DefaultedTParams.scala:29 Defaulting type parameter TsIdentSimple(C) at TreeScope(TsParsedFile() / TsDeclModule(enzyme-to-json) / TsDeclFunction(default) / TsFunSig() / TsFunParam() / TsTypeUnion() / TsTypeRef()) [id => enzyme-to-json, phase => typescript, scope => TreeScope(TsParsedFile() / TsDeclModule(enzyme-to-json) / TsDeclFunction(default) / TsFunSig() / TsFunParam() / TsTypeUnion() / TsTypeRef())] 
[debug] PhaseRunner.scala:78 Success [id => enzyme-to-json, phase => typescript] 
[warn ] Phase2ToScalaJs.scala:34 Processing TsIdentLibrarySimple(enzyme-to-json) [id => enzyme-to-json, phase => scala.js] 
[debug] PhaseRunner.scala:78 Success [id => enzyme-to-json, phase => scala.js] 
[warn ] Phase3CompileBloop.scala:163 Using cached build of enzyme-to-json [id => enzyme-to-json, phase => build] 
[debug] PhaseRunner.scala:78 Success [id => enzyme-to-json, phase => build] 
[warn ] PhaseRunner.scala:64 Failed because of, [cheerio => java.lang.RuntimeException: was not able to find or create version v0.22.0-dt-20181102Z-1236ef for oyvindberg in ScalablyTyped for package cheerio] [id => enzyme-to-json, phase => publish] 
[debug] PhaseRunner.scala:82 Failure, [cheerio => java.lang.RuntimeException: was not able to find or create version v0.22.0-dt-20181102Z-1236ef for oyvindberg in ScalablyTyped for package cheerio] [id => enzyme-to-json, phase => publish] 
