[debug] PhaseRunner.scala:78 Success [id => enzyme-redux, phase => typescript] 
[info ] Phase1ReadTypescript.scala:152 Preprocessing TsHelperFile(InFile(/home/olvind/tmp/tso-cache/DefinitelyTyped/types/enzyme-redux/index.d.ts),FromFolder(InFolder(/home/olvind/tmp/tso-cache/DefinitelyTyped/types/enzyme-redux),TsIdentLibrarySimple(enzyme-redux)),TsIdentModule(None,List(enzyme-redux))) [id => enzyme-redux, phase => typescript] 
[info ] InferredDefaultModule.scala:39 Inferred module TsIdentModule(None,List(enzyme-redux)) [id => enzyme-redux, phase => typescript] 
[warn ] Phase1ReadTypescript.scala:190 Processing TsIdentLibrarySimple(enzyme-redux) [id => enzyme-redux, phase => typescript] 
[debug] DefaultedTParams.scala:29 Defaulting type parameter TsIdentSimple(S) at TreeScope(TsParsedFile() / TsDeclModule(enzyme-redux) / TsDeclFunction(shallowWithStore) / TsFunSig() / TsTypeRef()) [id => enzyme-redux, phase => typescript, scope => TreeScope(TsParsedFile() / TsDeclModule(enzyme-redux) / TsDeclFunction(shallowWithStore) / TsFunSig() / TsTypeRef())] 
[debug] DefaultedTParams.scala:29 Defaulting type parameter TsIdentSimple(C) at TreeScope(TsParsedFile() / TsDeclModule(enzyme-redux) / TsDeclFunction(shallowWithStore) / TsFunSig() / TsTypeRef()) [id => enzyme-redux, phase => typescript, scope => TreeScope(TsParsedFile() / TsDeclModule(enzyme-redux) / TsDeclFunction(shallowWithStore) / TsFunSig() / TsTypeRef())] 
[debug] DefaultedTParams.scala:29 Defaulting type parameter TsIdentSimple(S) at TreeScope(TsParsedFile() / TsDeclModule(enzyme-redux) / TsDeclFunction(mountWithStore) / TsFunSig() / TsTypeRef()) [id => enzyme-redux, phase => typescript, scope => TreeScope(TsParsedFile() / TsDeclModule(enzyme-redux) / TsDeclFunction(mountWithStore) / TsFunSig() / TsTypeRef())] 
[debug] DefaultedTParams.scala:29 Defaulting type parameter TsIdentSimple(C) at TreeScope(TsParsedFile() / TsDeclModule(enzyme-redux) / TsDeclFunction(mountWithStore) / TsFunSig() / TsTypeRef()) [id => enzyme-redux, phase => typescript, scope => TreeScope(TsParsedFile() / TsDeclModule(enzyme-redux) / TsDeclFunction(mountWithStore) / TsFunSig() / TsTypeRef())] 
[debug] DefaultedTParams.scala:29 Defaulting type parameter TsIdentSimple(S) at TreeScope(TsParsedFile() / TsDeclModule(enzyme-redux) / TsDeclFunction(shallowWithState) / TsFunSig() / TsTypeRef()) [id => enzyme-redux, phase => typescript, scope => TreeScope(TsParsedFile() / TsDeclModule(enzyme-redux) / TsDeclFunction(shallowWithState) / TsFunSig() / TsTypeRef())] 
[debug] DefaultedTParams.scala:29 Defaulting type parameter TsIdentSimple(C) at TreeScope(TsParsedFile() / TsDeclModule(enzyme-redux) / TsDeclFunction(shallowWithState) / TsFunSig() / TsTypeRef()) [id => enzyme-redux, phase => typescript, scope => TreeScope(TsParsedFile() / TsDeclModule(enzyme-redux) / TsDeclFunction(shallowWithState) / TsFunSig() / TsTypeRef())] 
[debug] DefaultedTParams.scala:29 Defaulting type parameter TsIdentSimple(S) at TreeScope(TsParsedFile() / TsDeclModule(enzyme-redux) / TsDeclFunction(mountWithState) / TsFunSig() / TsTypeRef()) [id => enzyme-redux, phase => typescript, scope => TreeScope(TsParsedFile() / TsDeclModule(enzyme-redux) / TsDeclFunction(mountWithState) / TsFunSig() / TsTypeRef())] 
[debug] DefaultedTParams.scala:29 Defaulting type parameter TsIdentSimple(C) at TreeScope(TsParsedFile() / TsDeclModule(enzyme-redux) / TsDeclFunction(mountWithState) / TsFunSig() / TsTypeRef()) [id => enzyme-redux, phase => typescript, scope => TreeScope(TsParsedFile() / TsDeclModule(enzyme-redux) / TsDeclFunction(mountWithState) / TsFunSig() / TsTypeRef())] 
[debug] PhaseRunner.scala:78 Success [id => enzyme-redux, phase => typescript] 
[warn ] Phase2ToScalaJs.scala:34 Processing TsIdentLibrarySimple(enzyme-redux) [id => enzyme-redux, phase => scala.js] 
[debug] PhaseRunner.scala:78 Success [id => enzyme-redux, phase => scala.js] 
[warn ] Phase3CompileBloop.scala:163 Using cached build of enzyme-redux [id => enzyme-redux, phase => build] 
[debug] PhaseRunner.scala:78 Success [id => enzyme-redux, phase => build] 
[warn ] PhaseRunner.scala:64 Failed because of, [cheerio => java.lang.RuntimeException: was not able to find or create version v0.22.0-dt-20181102Z-1236ef for oyvindberg in ScalablyTyped for package cheerio] [id => enzyme-redux, phase => publish] 
[debug] PhaseRunner.scala:82 Failure, [cheerio => java.lang.RuntimeException: was not able to find or create version v0.22.0-dt-20181102Z-1236ef for oyvindberg in ScalablyTyped for package cheerio] [id => enzyme-redux, phase => publish] 
