[debug] PhaseRunner.scala:84 Success [id => event-hooks-webpack-plugin, phase => typescript] 
[info ] Phase1ReadTypescript.scala:171 Preprocessing TsHelperFile(InFile(/home/tso/tmp/tso-cache/DefinitelyTyped/types/event-hooks-webpack-plugin/index.d.ts),FromFolder(InFolder(/home/tso/tmp/tso-cache/DefinitelyTyped/types/event-hooks-webpack-plugin),TsIdentLibrarySimple(event-hooks-webpack-plugin)),TsIdentModule(None,List(event-hooks-webpack-plugin))) [id => event-hooks-webpack-plugin, phase => typescript] 
[info ] InferredDefaultModule.scala:39 Inferred module TsIdentModule(None,List(event-hooks-webpack-plugin)) [id => event-hooks-webpack-plugin, phase => typescript] 
[warn ] Phase1ReadTypescript.scala:189 Processing TsIdentLibrarySimple(event-hooks-webpack-plugin) [id => event-hooks-webpack-plugin, phase => typescript] 
[info ] PreferTypeAlias.scala:55 Simplified to type alias [id => event-hooks-webpack-plugin, phase => typescript, scope => TreeScope(TsParsedFile() / TsDeclModule(event-hooks-webpack-plugin) / TsDeclInterface(EventHooksPlugin))] 
[debug] PhaseRunner.scala:84 Success [id => event-hooks-webpack-plugin, phase => typescript] 
[warn ] Phase2ToScalaJs.scala:42 Processing event-hooks-webpack-plugin [id => event-hooks-webpack-plugin, phase => scala.js] 
[debug] PhaseRunner.scala:84 Success [id => event-hooks-webpack-plugin, phase => scala.js] 
[warn ] Phase3CompileBloop.scala:245 Built event-hooks-webpack-plugin in 463 ms [id => event-hooks-webpack-plugin, phase => build] 
[info ] Phase3CompileBloop.scala:253 published local, [/home/tso/.ivy2/local/org.scalablytyped/event-hooks-webpack-plugin_sjs0.6_2.12/2.0-dt-20180417Z-cad88d/jars/event-hooks-webpack-plugin_sjs0.6_2.12.jar, /home/tso/.ivy2/local/org.scalablytyped/event-hooks-webpack-plugin_sjs0.6_2.12/2.0-dt-20180417Z-cad88d/srcs/event-hooks-webpack-plugin_sjs0.6_2.12-sources.jar, /home/tso/.ivy2/local/org.scalablytyped/event-hooks-webpack-plugin_sjs0.6_2.12/2.0-dt-20180417Z-cad88d/ivys/ivy.xml, /home/tso/.ivy2/local/org.scalablytyped/event-hooks-webpack-plugin_sjs0.6_2.12/2.0-dt-20180417Z-cad88d/poms/event-hooks-webpack-plugin_sjs0.6_2.12.pom] [id => event-hooks-webpack-plugin, phase => build] 
[debug] PhaseRunner.scala:84 Success [id => event-hooks-webpack-plugin, phase => build] 
[warn ] PhaseRunner.scala:70 Failed because of, [webpack => java.util.concurrent.ExecutionException: dispatch.StatusCode: Unexpected response status: 405] [id => event-hooks-webpack-plugin, phase => publish] 
[error] PhaseRunner.scala:88 Failure, [webpack => java.util.concurrent.ExecutionException: dispatch.StatusCode: Unexpected response status: 405] [id => event-hooks-webpack-plugin, phase => publish] 
