[debug] PhaseRunner.scala:78 Success [id => express-partials, phase => typescript] 
[info ] Phase1ReadTypescript.scala:152 Preprocessing TsHelperFile(InFile(/home/tso/tmp/tso-cache/DefinitelyTyped/types/express-partials/index.d.ts),FromFolder(InFolder(/home/tso/tmp/tso-cache/DefinitelyTyped/types/express-partials),TsIdentLibrarySimple(express-partials)),TsIdentModule(None,List(express-partials))) [id => express-partials, phase => typescript] 
[info ] InferredDefaultModule.scala:39 Inferred module TsIdentModule(None,List(express-partials)) [id => express-partials, phase => typescript] 
[warn ] Phase1ReadTypescript.scala:190 Processing TsIdentLibrarySimple(express-partials) [id => express-partials, phase => typescript] 
[debug] PhaseRunner.scala:78 Success [id => express-partials, phase => typescript] 
[warn ] Phase2ToScalaJs.scala:34 Processing TsIdentLibrarySimple(express-partials) [id => express-partials, phase => scala.js] 
[debug] PhaseRunner.scala:78 Success [id => express-partials, phase => scala.js] 
[warn ] Phase3CompileBloop.scala:211 Built express-partials in 2411 ms [id => express-partials, phase => build] 
[info ] Phase3CompileBloop.scala:221 published local, [/home/tso/.ivy2/local/com.scalablytyped/express-partials_sjs0.6_2.12/0.0-unknown-dt-20180910Z-5afd92/jars/express-partials_sjs0.6_2.12.jar, /home/tso/.ivy2/local/com.scalablytyped/express-partials_sjs0.6_2.12/0.0-unknown-dt-20180910Z-5afd92/srcs/express-partials_sjs0.6_2.12-sources.jar, /home/tso/.ivy2/local/com.scalablytyped/express-partials_sjs0.6_2.12/0.0-unknown-dt-20180910Z-5afd92/ivys/ivy.xml, /home/tso/.ivy2/local/com.scalablytyped/express-partials_sjs0.6_2.12/0.0-unknown-dt-20180910Z-5afd92/poms/express-partials_sjs0.6_2.12.pom] [id => express-partials, phase => build] 
[debug] PhaseRunner.scala:78 Success [id => express-partials, phase => build] 
[error] PhaseRes.scala:75 Caught exception [id => express-partials, phase => publish] java.lang.RuntimeException: was not able to find or create version 0.0-unknown-dt-20180910Z-5afd92 for oyvindberg in ScalablyTyped for package express-partials
	at scala.sys.package$.error(package.scala:26)
	at com.olvind.tso.importer.build.BinTrayPublisher.$anonfun$checkVersion$2(BinTrayPublisher.scala:64)
	at com.olvind.tso.importer.build.BinTrayPublisher.$anonfun$checkVersion$2$adapted(BinTrayPublisher.scala:60)
	at scala.util.Success.$anonfun$map$1(Try.scala:251)
	at scala.util.Success.map(Try.scala:209)
	at scala.concurrent.Future.$anonfun$map$1(Future.scala:288)
	at scala.concurrent.impl.Promise.liftedTree1$1(Promise.scala:29)
	at scala.concurrent.impl.Promise.$anonfun$transform$1(Promise.scala:29)
	at scala.concurrent.impl.CallbackRunnable.run(Promise.scala:60)
	at java.util.concurrent.ForkJoinTask$RunnableExecuteAction.exec(ForkJoinTask.java:1402)
	at java.util.concurrent.ForkJoinTask.doExec(ForkJoinTask.java:289)
	at java.util.concurrent.ForkJoinPool$WorkQueue.runTask(ForkJoinPool.java:1056)
	at java.util.concurrent.ForkJoinPool.runWorker(ForkJoinPool.java:1692)
	at java.util.concurrent.ForkJoinWorkerThread.run(ForkJoinWorkerThread.java:157)

[debug] PhaseRunner.scala:82 Failure, [express-partials => java.lang.RuntimeException: was not able to find or create version 0.0-unknown-dt-20180910Z-5afd92 for oyvindberg in ScalablyTyped for package express-partials] [id => express-partials, phase => publish] 
