[info ] InferredDependency.scala:20 Inferred dependencies Set(TsIdentLibrarySimple(node)) for TsIdentLibrarySimple(express-session) [id => express-session, phase => typescript, file => ../types/express-session/index.d.ts] 
[debug] PhaseRunner.scala:78 Success [id => express-session, phase => typescript] 
[info ] Phase1ReadTypescript.scala:152 Preprocessing TsHelperFile(InFile(/home/tso/tmp/tso-cache/DefinitelyTyped/types/express-session/index.d.ts),FromFolder(InFolder(/home/tso/tmp/tso-cache/DefinitelyTyped/types/express-session),TsIdentLibrarySimple(express-session)),TsIdentModule(None,List(express-session))) [id => express-session, phase => typescript] 
[info ] InferredDefaultModule.scala:39 Inferred module TsIdentModule(None,List(express-session)) [id => express-session, phase => typescript] 
[warn ] Phase1ReadTypescript.scala:190 Processing TsIdentLibrarySimple(express-session) [id => express-session, phase => typescript] 
[debug] PhaseRunner.scala:78 Success [id => express-session, phase => typescript] 
[warn ] Phase2ToScalaJs.scala:34 Processing TsIdentLibrarySimple(express-session) [id => express-session, phase => scala.js] 
[debug] PhaseRunner.scala:78 Success [id => express-session, phase => scala.js] 
[warn ] Phase3CompileBloop.scala:211 Built express-session in 1842 ms [id => express-session, phase => build] 
[info ] Phase3CompileBloop.scala:221 published local, [/home/tso/.ivy2/local/com.scalablytyped/express-session_sjs0.6_2.12/1.15-dt-20180910Z-3be5b8/jars/express-session_sjs0.6_2.12.jar, /home/tso/.ivy2/local/com.scalablytyped/express-session_sjs0.6_2.12/1.15-dt-20180910Z-3be5b8/srcs/express-session_sjs0.6_2.12-sources.jar, /home/tso/.ivy2/local/com.scalablytyped/express-session_sjs0.6_2.12/1.15-dt-20180910Z-3be5b8/ivys/ivy.xml, /home/tso/.ivy2/local/com.scalablytyped/express-session_sjs0.6_2.12/1.15-dt-20180910Z-3be5b8/poms/express-session_sjs0.6_2.12.pom] [id => express-session, phase => build] 
[debug] PhaseRunner.scala:78 Success [id => express-session, phase => build] 
[error] PhaseRes.scala:75 Caught exception [id => express-session, phase => publish] java.lang.RuntimeException: was not able to find or create version 1.15-dt-20180910Z-3be5b8 for oyvindberg in ScalablyTyped for package express-session
	at scala.sys.package$.error(package.scala:26)
	at com.olvind.tso.importer.build.BinTrayPublisher.$anonfun$checkVersion$2(BinTrayPublisher.scala:64)
	at com.olvind.tso.importer.build.BinTrayPublisher.$anonfun$checkVersion$2$adapted(BinTrayPublisher.scala:60)
	at scala.util.Success.$anonfun$map$1(Try.scala:251)
	at scala.util.Success.map(Try.scala:209)
	at scala.concurrent.Future.$anonfun$map$1(Future.scala:288)
	at scala.concurrent.impl.Promise.liftedTree1$1(Promise.scala:29)
	at scala.concurrent.impl.Promise.$anonfun$transform$1(Promise.scala:29)
	at scala.concurrent.impl.CallbackRunnable.run(Promise.scala:60)
	at java.util.concurrent.ForkJoinTask$RunnableExecuteAction.exec(ForkJoinTask.java:1402)
	at java.util.concurrent.ForkJoinTask.doExec(ForkJoinTask.java:289)
	at java.util.concurrent.ForkJoinPool$WorkQueue.runTask(ForkJoinPool.java:1056)
	at java.util.concurrent.ForkJoinPool.runWorker(ForkJoinPool.java:1692)
	at java.util.concurrent.ForkJoinWorkerThread.run(ForkJoinWorkerThread.java:157)

[debug] PhaseRunner.scala:82 Failure, [express-session => java.lang.RuntimeException: was not able to find or create version 1.15-dt-20180910Z-3be5b8 for oyvindberg in ScalablyTyped for package express-session] [id => express-session, phase => publish] 
