[debug] PhaseRunner.scala:84 Success [id => extra-watch-webpack-plugin, phase => typescript] 
[info ] Phase1ReadTypescript.scala:171 Preprocessing TsHelperFile(InFile(/home/tso/tmp/tso-cache/DefinitelyTyped/types/extra-watch-webpack-plugin/index.d.ts),FromFolder(InFolder(/home/tso/tmp/tso-cache/DefinitelyTyped/types/extra-watch-webpack-plugin),TsIdentLibrarySimple(extra-watch-webpack-plugin)),TsIdentModule(None,List(extra-watch-webpack-plugin))) [id => extra-watch-webpack-plugin, phase => typescript] 
[info ] InferredDefaultModule.scala:39 Inferred module TsIdentModule(None,List(extra-watch-webpack-plugin)) [id => extra-watch-webpack-plugin, phase => typescript] 
[warn ] Phase1ReadTypescript.scala:189 Processing TsIdentLibrarySimple(extra-watch-webpack-plugin) [id => extra-watch-webpack-plugin, phase => typescript] 
[info ] PreferTypeAlias.scala:55 Simplified to type alias [id => extra-watch-webpack-plugin, phase => typescript, scope => TreeScope(TsParsedFile() / TsDeclModule(extra-watch-webpack-plugin) / TsDeclInterface(ExtraWatchWebpackPlugin))] 
[debug] PhaseRunner.scala:84 Success [id => extra-watch-webpack-plugin, phase => typescript] 
[warn ] Phase2ToScalaJs.scala:42 Processing extra-watch-webpack-plugin [id => extra-watch-webpack-plugin, phase => scala.js] 
[debug] PhaseRunner.scala:84 Success [id => extra-watch-webpack-plugin, phase => scala.js] 
[warn ] Phase3CompileBloop.scala:245 Built extra-watch-webpack-plugin in 448 ms [id => extra-watch-webpack-plugin, phase => build] 
[info ] Phase3CompileBloop.scala:253 published local, [/home/tso/.ivy2/local/org.scalablytyped/extra-watch-webpack-plugin_sjs0.6_2.12/1.0-dt-20190125Z-c36cbc/jars/extra-watch-webpack-plugin_sjs0.6_2.12.jar, /home/tso/.ivy2/local/org.scalablytyped/extra-watch-webpack-plugin_sjs0.6_2.12/1.0-dt-20190125Z-c36cbc/srcs/extra-watch-webpack-plugin_sjs0.6_2.12-sources.jar, /home/tso/.ivy2/local/org.scalablytyped/extra-watch-webpack-plugin_sjs0.6_2.12/1.0-dt-20190125Z-c36cbc/ivys/ivy.xml, /home/tso/.ivy2/local/org.scalablytyped/extra-watch-webpack-plugin_sjs0.6_2.12/1.0-dt-20190125Z-c36cbc/poms/extra-watch-webpack-plugin_sjs0.6_2.12.pom] [id => extra-watch-webpack-plugin, phase => build] 
[debug] PhaseRunner.scala:84 Success [id => extra-watch-webpack-plugin, phase => build] 
[warn ] PhaseRunner.scala:70 Failed because of, [webpack => java.util.concurrent.ExecutionException: dispatch.StatusCode: Unexpected response status: 405] [id => extra-watch-webpack-plugin, phase => publish] 
[error] PhaseRunner.scala:88 Failure, [webpack => java.util.concurrent.ExecutionException: dispatch.StatusCode: Unexpected response status: 405] [id => extra-watch-webpack-plugin, phase => publish] 
