[debug] PhaseRunner.scala:84 Success [id => extract-text-webpack-plugin, phase => typescript] 
[info ] Phase1ReadTypescript.scala:171 Preprocessing TsHelperFile(InFile(/home/tso/tmp/tso-cache/DefinitelyTyped/types/extract-text-webpack-plugin/index.d.ts),FromFolder(InFolder(/home/tso/tmp/tso-cache/DefinitelyTyped/types/extract-text-webpack-plugin),TsIdentLibrarySimple(extract-text-webpack-plugin)),TsIdentModule(None,List(extract-text-webpack-plugin))) [id => extract-text-webpack-plugin, phase => typescript] 
[info ] InferredDefaultModule.scala:39 Inferred module TsIdentModule(None,List(extract-text-webpack-plugin)) [id => extract-text-webpack-plugin, phase => typescript] 
[warn ] Phase1ReadTypescript.scala:189 Processing TsIdentLibrarySimple(extract-text-webpack-plugin) [id => extract-text-webpack-plugin, phase => typescript] 
[debug] PhaseRunner.scala:84 Success [id => extract-text-webpack-plugin, phase => typescript] 
[warn ] Phase2ToScalaJs.scala:42 Processing extract-text-webpack-plugin [id => extract-text-webpack-plugin, phase => scala.js] 
[debug] PhaseRunner.scala:84 Success [id => extract-text-webpack-plugin, phase => scala.js] 
[warn ] Phase3CompileBloop.scala:245 Built extract-text-webpack-plugin in 460 ms [id => extract-text-webpack-plugin, phase => build] 
[info ] Phase3CompileBloop.scala:253 published local, [/home/tso/.ivy2/local/org.scalablytyped/extract-text-webpack-plugin_sjs0.6_2.12/3.0-dt-20190212Z-ce8478/jars/extract-text-webpack-plugin_sjs0.6_2.12.jar, /home/tso/.ivy2/local/org.scalablytyped/extract-text-webpack-plugin_sjs0.6_2.12/3.0-dt-20190212Z-ce8478/srcs/extract-text-webpack-plugin_sjs0.6_2.12-sources.jar, /home/tso/.ivy2/local/org.scalablytyped/extract-text-webpack-plugin_sjs0.6_2.12/3.0-dt-20190212Z-ce8478/ivys/ivy.xml, /home/tso/.ivy2/local/org.scalablytyped/extract-text-webpack-plugin_sjs0.6_2.12/3.0-dt-20190212Z-ce8478/poms/extract-text-webpack-plugin_sjs0.6_2.12.pom] [id => extract-text-webpack-plugin, phase => build] 
[debug] PhaseRunner.scala:84 Success [id => extract-text-webpack-plugin, phase => build] 
[warn ] PhaseRunner.scala:70 Failed because of, [webpack => java.util.concurrent.ExecutionException: dispatch.StatusCode: Unexpected response status: 405] [id => extract-text-webpack-plugin, phase => publish] 
[error] PhaseRunner.scala:88 Failure, [webpack => java.util.concurrent.ExecutionException: dispatch.StatusCode: Unexpected response status: 405] [id => extract-text-webpack-plugin, phase => publish] 
