[debug] PhaseRunner.scala:84 Success [id => generate-json-webpack-plugin, phase => typescript] 
[info ] Phase1ReadTypescript.scala:171 Preprocessing TsHelperFile(InFile(/home/tso/tmp/tso-cache/DefinitelyTyped/types/generate-json-webpack-plugin/index.d.ts),FromFolder(InFolder(/home/tso/tmp/tso-cache/DefinitelyTyped/types/generate-json-webpack-plugin),TsIdentLibrarySimple(generate-json-webpack-plugin)),TsIdentModule(None,List(generate-json-webpack-plugin))) [id => generate-json-webpack-plugin, phase => typescript] 
[info ] InferredDefaultModule.scala:39 Inferred module TsIdentModule(None,List(generate-json-webpack-plugin)) [id => generate-json-webpack-plugin, phase => typescript] 
[warn ] Phase1ReadTypescript.scala:189 Processing TsIdentLibrarySimple(generate-json-webpack-plugin) [id => generate-json-webpack-plugin, phase => typescript] 
[info ] PreferTypeAlias.scala:55 Simplified to type alias [id => generate-json-webpack-plugin, phase => typescript, scope => TreeScope(TsParsedFile() / TsDeclModule(generate-json-webpack-plugin) / TsDeclInterface(GenerateJsonWebpackPlugin))] 
[debug] PhaseRunner.scala:84 Success [id => generate-json-webpack-plugin, phase => typescript] 
[warn ] Phase2ToScalaJs.scala:42 Processing generate-json-webpack-plugin [id => generate-json-webpack-plugin, phase => scala.js] 
[debug] PhaseRunner.scala:84 Success [id => generate-json-webpack-plugin, phase => scala.js] 
[warn ] Phase3CompileBloop.scala:245 Built generate-json-webpack-plugin in 316 ms [id => generate-json-webpack-plugin, phase => build] 
[info ] Phase3CompileBloop.scala:253 published local, [/home/tso/.ivy2/local/org.scalablytyped/generate-json-webpack-plugin_sjs0.6_2.12/0.3-dt-20180601Z-8262cc/jars/generate-json-webpack-plugin_sjs0.6_2.12.jar, /home/tso/.ivy2/local/org.scalablytyped/generate-json-webpack-plugin_sjs0.6_2.12/0.3-dt-20180601Z-8262cc/srcs/generate-json-webpack-plugin_sjs0.6_2.12-sources.jar, /home/tso/.ivy2/local/org.scalablytyped/generate-json-webpack-plugin_sjs0.6_2.12/0.3-dt-20180601Z-8262cc/ivys/ivy.xml, /home/tso/.ivy2/local/org.scalablytyped/generate-json-webpack-plugin_sjs0.6_2.12/0.3-dt-20180601Z-8262cc/poms/generate-json-webpack-plugin_sjs0.6_2.12.pom] [id => generate-json-webpack-plugin, phase => build] 
[debug] PhaseRunner.scala:84 Success [id => generate-json-webpack-plugin, phase => build] 
[warn ] PhaseRunner.scala:70 Failed because of, [webpack => java.util.concurrent.ExecutionException: dispatch.StatusCode: Unexpected response status: 405] [id => generate-json-webpack-plugin, phase => publish] 
[error] PhaseRunner.scala:88 Failure, [webpack => java.util.concurrent.ExecutionException: dispatch.StatusCode: Unexpected response status: 405] [id => generate-json-webpack-plugin, phase => publish] 
