[info ] InferredDependency.scala:20 Inferred dependencies Set(TsIdentLibrarySimple(node)) for TsIdentLibrarySimple(grpc) [id => grpc, phase => typescript, file => ../node_modules/grpc/index.d.ts] 
[debug] PhaseRunner.scala:78 Success [id => grpc, phase => typescript] 
[info ] Phase1ReadTypescript.scala:152 Preprocessing TsHelperFile(InFile(/home/tso/tmp/tso-cache/npm/node_modules/grpc/index.d.ts),FromFolder(InFolder(/home/tso/tmp/tso-cache/npm/node_modules/grpc),TsIdentLibrarySimple(grpc)),TsIdentModule(None,List(grpc))) [id => grpc, phase => typescript] 
[warn ] Phase1ReadTypescript.scala:190 Processing TsIdentLibrarySimple(grpc) [id => grpc, phase => typescript] 
[info ] ResolveTypeQueries.scala:94 Resolved TsTypeQuery(TsQIdent(List(TsIdentLibrarySimple(grpc), TsIdentModule(None,List(grpc)), TsIdentSimple(Client)))) [id => grpc, phase => typescript, scope => TreeScope(TsParsedFile() / TsDeclModule(grpc) / TsExport() / TsExporteeTree() / TsDeclInterface(GrpcObject) / TsMemberIndex() / TsTypeUnion() / TsTypeQuery())] 
[info ] ResolveTypeQueries.scala:94 Resolved TsTypeQuery(TsQIdent(List(TsIdentLibrarySimple(grpc), TsIdentModule(None,List(grpc)), TsIdentSimple(Client)))) [id => grpc, phase => typescript, scope => TreeScope(TsParsedFile() / TsDeclModule(grpc) / TsExport() / TsExporteeTree() / TsDeclFunction(makeGenericClientConstructor) / TsFunSig() / TsTypeQuery())] 
[info ] ExpandCallables.scala:57 Expanded requestSerialize into 1 methods [id => grpc, phase => typescript, scope => TreeScope(TsParsedFile() / TsDeclModule(grpc) / TsDeclInterface(MethodDefinition))] 
[info ] ExpandCallables.scala:57 Expanded responseSerialize into 1 methods [id => grpc, phase => typescript, scope => TreeScope(TsParsedFile() / TsDeclModule(grpc) / TsDeclInterface(MethodDefinition))] 
[info ] ExpandCallables.scala:57 Expanded requestDeserialize into 1 methods [id => grpc, phase => typescript, scope => TreeScope(TsParsedFile() / TsDeclModule(grpc) / TsDeclInterface(MethodDefinition))] 
[info ] ExpandCallables.scala:57 Expanded responseDeserialize into 1 methods [id => grpc, phase => typescript, scope => TreeScope(TsParsedFile() / TsDeclModule(grpc) / TsDeclInterface(MethodDefinition))] 
[debug] DefaultedTParams.scala:29 Defaulting type parameter TsIdentSimple(T) at TreeScope(TsParsedFile() / TsDeclModule(grpc) / TsDeclInterface(GrpcObject) / TsMemberIndex() / TsTypeUnion() / TsTypeRef()) [id => grpc, phase => typescript, scope => TreeScope(TsParsedFile() / TsDeclModule(grpc) / TsDeclInterface(GrpcObject) / TsMemberIndex() / TsTypeUnion() / TsTypeRef())] 
[info ] ExtractInterfaces.scala:30 Extracted anonymous interface TsIdentSimple(Anon_Serviceurl) [id => grpc, phase => typescript, scope => TreeScope(TsParsedFile() / TsDeclModule(grpc) / TsDeclTypeAlias(metadataGenerator) / TsTypeFunction() / TsFunSig() / TsFunParam() / TsTypeObject())] 
[info ] ExtractInterfaces.scala:30 Extracted anonymous interface TsIdentSimple(Anon_Root) [id => grpc, phase => typescript, scope => TreeScope(TsParsedFile() / TsDeclModule(grpc) / TsDeclTypeAlias(Filename) / TsTypeUnion() / TsTypeObject())] 
[info ] ExtractInterfaces.scala:30 Extracted anonymous interface TsIdentSimple(Anon_CreateFromGoogleCredential) [id => grpc, phase => typescript, scope => TreeScope(TsParsedFile() / TsDeclModule(grpc) / TsDeclVar(credentials) / TsTypeObject())] 
[debug] PhaseRunner.scala:78 Success [id => grpc, phase => typescript] 
[warn ] Phase2ToScalaJs.scala:34 Processing TsIdentLibrarySimple(grpc) [id => grpc, phase => scala.js] 
[debug] PhaseRunner.scala:78 Success [id => grpc, phase => scala.js] 
[warn ] Phase3CompileBloop.scala:211 Built grpc in 5278 ms [id => grpc, phase => build] 
[info ] Phase3CompileBloop.scala:221 published local, [/home/tso/.ivy2/local/com.scalablytyped/grpc_sjs0.6_2.12/1.16.1-d67889/jars/grpc_sjs0.6_2.12.jar, /home/tso/.ivy2/local/com.scalablytyped/grpc_sjs0.6_2.12/1.16.1-d67889/srcs/grpc_sjs0.6_2.12-sources.jar, /home/tso/.ivy2/local/com.scalablytyped/grpc_sjs0.6_2.12/1.16.1-d67889/ivys/ivy.xml, /home/tso/.ivy2/local/com.scalablytyped/grpc_sjs0.6_2.12/1.16.1-d67889/poms/grpc_sjs0.6_2.12.pom] [id => grpc, phase => build] 
[debug] PhaseRunner.scala:78 Success [id => grpc, phase => build] 
[warn ] PhaseRunner.scala:64 Failed because of, [@protobufjs/float => java.lang.RuntimeException: was not able to find or create version 1.0.2-e23db2 for oyvindberg in ScalablyTyped for package protobufjs__float] [id => grpc, phase => publish] 
[debug] PhaseRunner.scala:82 Failure, [@protobufjs/float => java.lang.RuntimeException: was not able to find or create version 1.0.2-e23db2 for oyvindberg in ScalablyTyped for package protobufjs__float] [id => grpc, phase => publish] 
