[debug] PhaseRunner.scala:82 Success [id => gtoken, phase => typescript] 
[info ] Phase1ReadTypescript.scala:160 Preprocessing TsHelperFile(InFile(/home/tso/tmp/tso-cache/npm/node_modules/gtoken/build/src/index.d.ts),FromFolder(InFolder(/home/tso/tmp/tso-cache/npm/node_modules/gtoken),TsIdentLibrarySimple(gtoken)),TsIdentModule(None,List(gtoken))) [id => gtoken, phase => typescript] 
[info ] InferredDefaultModule.scala:39 Inferred module TsIdentModule(None,List(gtoken)) [id => gtoken, phase => typescript] 
[warn ] Phase1ReadTypescript.scala:200 Processing TsIdentLibrarySimple(gtoken) [id => gtoken, phase => typescript] 
[debug] PhaseRunner.scala:82 Success [id => gtoken, phase => typescript] 
[warn ] Phase2ToScalaJs.scala:40 Processing gtoken [id => gtoken, phase => scala.js] 
[debug] PhaseRunner.scala:82 Success [id => gtoken, phase => scala.js] 
[warn ] Phase3CompileBloop.scala:197 Built gtoken in 354 ms [id => gtoken, phase => build] 
[info ] Phase3CompileBloop.scala:205 published local, [/home/tso/.ivy2/local/org.scalablytyped/gtoken_sjs0.6_2.12/2.3.2-d19b31/jars/gtoken_sjs0.6_2.12.jar, /home/tso/.ivy2/local/org.scalablytyped/gtoken_sjs0.6_2.12/2.3.2-d19b31/srcs/gtoken_sjs0.6_2.12-sources.jar, /home/tso/.ivy2/local/org.scalablytyped/gtoken_sjs0.6_2.12/2.3.2-d19b31/ivys/ivy.xml, /home/tso/.ivy2/local/org.scalablytyped/gtoken_sjs0.6_2.12/2.3.2-d19b31/poms/gtoken_sjs0.6_2.12.pom] [id => gtoken, phase => build] 
[debug] PhaseRunner.scala:82 Success [id => gtoken, phase => build] 
[warn ] PhaseRunner.scala:68 Failed because of, [gaxios => java.util.concurrent.ExecutionException: dispatch.StatusCode: Unexpected response status: 404] [id => gtoken, phase => publish] 
[error] PhaseRunner.scala:86 Failure, [gaxios => java.util.concurrent.ExecutionException: dispatch.StatusCode: Unexpected response status: 404] [id => gtoken, phase => publish] 
