[info ] InferredDependency.scala:22 Inferred dependencies Set(TsIdentLibrarySimple(node)) for TsIdentLibrarySimple(gulp-template) [id => gulp-template, phase => typescript, file => ../types/gulp-template/index.d.ts] 
[debug] PhaseRunner.scala:84 Success [id => gulp-template, phase => typescript] 
[info ] Phase1ReadTypescript.scala:171 Preprocessing TsHelperFile(InFile(/home/tso/tmp/tso-cache/DefinitelyTyped/types/gulp-template/index.d.ts),FromFolder(InFolder(/home/tso/tmp/tso-cache/DefinitelyTyped/types/gulp-template),TsIdentLibrarySimple(gulp-template)),TsIdentModule(None,List(gulp-template))) [id => gulp-template, phase => typescript] 
[info ] InferredDefaultModule.scala:39 Inferred module TsIdentModule(None,List(gulp-template)) [id => gulp-template, phase => typescript] 
[warn ] Phase1ReadTypescript.scala:189 Processing TsIdentLibrarySimple(gulp-template) [id => gulp-template, phase => typescript] 
[debug] PhaseRunner.scala:84 Success [id => gulp-template, phase => typescript] 
[warn ] Phase2ToScalaJs.scala:42 Processing gulp-template [id => gulp-template, phase => scala.js] 
[debug] PhaseRunner.scala:84 Success [id => gulp-template, phase => scala.js] 
[warn ] Phase3CompileBloop.scala:245 Built gulp-template in 304 ms [id => gulp-template, phase => build] 
[info ] Phase3CompileBloop.scala:253 published local, [/home/tso/.ivy2/local/org.scalablytyped/gulp-template_sjs0.6_2.12/5.0-dt-20190214Z-e9460b/jars/gulp-template_sjs0.6_2.12.jar, /home/tso/.ivy2/local/org.scalablytyped/gulp-template_sjs0.6_2.12/5.0-dt-20190214Z-e9460b/srcs/gulp-template_sjs0.6_2.12-sources.jar, /home/tso/.ivy2/local/org.scalablytyped/gulp-template_sjs0.6_2.12/5.0-dt-20190214Z-e9460b/ivys/ivy.xml, /home/tso/.ivy2/local/org.scalablytyped/gulp-template_sjs0.6_2.12/5.0-dt-20190214Z-e9460b/poms/gulp-template_sjs0.6_2.12.pom] [id => gulp-template, phase => build] 
[debug] PhaseRunner.scala:84 Success [id => gulp-template, phase => build] 
[warn ] PhaseRunner.scala:70 Failed because of, [lodash => java.util.concurrent.ExecutionException: dispatch.StatusCode: Unexpected response status: 405] [id => gulp-template, phase => publish] 
[error] PhaseRunner.scala:88 Failure, [lodash => java.util.concurrent.ExecutionException: dispatch.StatusCode: Unexpected response status: 405] [id => gulp-template, phase => publish] 
