[info ] ResolveExternalReferences.scala:82 Inferred augmented module None (TsIdentModule(Some(hapi),List(hapi))) [file => ../types/hapi__yar/index.d.ts, phase => typescript, scope => TreeScope(TsParsedFile() / TsDeclModule(@hapi/hapi)), id => @hapi/yar] 
[debug] PhaseRunner.scala:84 Success [id => @hapi/yar, phase => typescript] 
[info ] Phase1ReadTypescript.scala:171 Preprocessing TsHelperFile(InFile(/home/tso/tmp/tso-cache/DefinitelyTyped/types/hapi__yar/index.d.ts),FromFolder(InFolder(/home/tso/tmp/tso-cache/DefinitelyTyped/types/hapi__yar),TsIdentLibraryScoped(hapi,Some(yar))),TsIdentModule(Some(hapi),List(yar))) [id => @hapi/yar, phase => typescript] 
[info ] InferredDefaultModule.scala:39 Inferred module TsIdentModule(Some(hapi),List(yar)) [id => @hapi/yar, phase => typescript] 
[warn ] Phase1ReadTypescript.scala:189 Processing TsIdentLibraryScoped(hapi,Some(yar)) [id => @hapi/yar, phase => typescript] 
[info ] ExtractInterfaces.scala:41 Extracted anonymous interface TsIdentSimple(Anon_ClearInvalid) [id => @hapi/yar, phase => typescript, scope => TreeScope(TsParsedFile() / TsDeclModule(@hapi/yar) / TsDeclInterface(YarOptions) / TsMemberProperty(cookieOptions) / TsTypeObject())] 
[debug] PhaseRunner.scala:84 Success [id => @hapi/yar, phase => typescript] 
[warn ] Phase2ToScalaJs.scala:42 Processing @hapi/yar [id => @hapi/yar, phase => scala.js] 
[debug] PhaseRunner.scala:84 Success [id => @hapi/yar, phase => scala.js] 
[warn ] Phase3CompileBloop.scala:245 Built hapi__yar in 537 ms [id => @hapi/yar, phase => build] 
[info ] Phase3CompileBloop.scala:253 published local, [/home/tso/.ivy2/local/org.scalablytyped/hapi__yar_sjs0.6_2.12/9.2-dt-20190425Z-178dbb/jars/hapi__yar_sjs0.6_2.12.jar, /home/tso/.ivy2/local/org.scalablytyped/hapi__yar_sjs0.6_2.12/9.2-dt-20190425Z-178dbb/srcs/hapi__yar_sjs0.6_2.12-sources.jar, /home/tso/.ivy2/local/org.scalablytyped/hapi__yar_sjs0.6_2.12/9.2-dt-20190425Z-178dbb/ivys/ivy.xml, /home/tso/.ivy2/local/org.scalablytyped/hapi__yar_sjs0.6_2.12/9.2-dt-20190425Z-178dbb/poms/hapi__yar_sjs0.6_2.12.pom] [id => @hapi/yar, phase => build] 
[debug] PhaseRunner.scala:84 Success [id => @hapi/yar, phase => build] 
[warn ] PhaseRunner.scala:70 Failed because of, [@hapi/hapi => java.util.concurrent.ExecutionException: dispatch.StatusCode: Unexpected response status: 405] [id => @hapi/yar, phase => publish] 
[error] PhaseRunner.scala:88 Failure, [@hapi/hapi => java.util.concurrent.ExecutionException: dispatch.StatusCode: Unexpected response status: 405] [id => @hapi/yar, phase => publish] 
