[debug] PhaseRunner.scala:84 Success [id => html-webpack-template, phase => typescript] 
[info ] Phase1ReadTypescript.scala:171 Preprocessing TsHelperFile(InFile(/home/tso/tmp/tso-cache/DefinitelyTyped/types/html-webpack-template/index.d.ts),FromFolder(InFolder(/home/tso/tmp/tso-cache/DefinitelyTyped/types/html-webpack-template),TsIdentLibrarySimple(html-webpack-template)),TsIdentModule(None,List(html-webpack-template))) [id => html-webpack-template, phase => typescript] 
[info ] InferredDefaultModule.scala:39 Inferred module TsIdentModule(None,List(html-webpack-template)) [id => html-webpack-template, phase => typescript] 
[warn ] Phase1ReadTypescript.scala:189 Processing TsIdentLibrarySimple(html-webpack-template) [id => html-webpack-template, phase => typescript] 
[debug] PhaseRunner.scala:84 Success [id => html-webpack-template, phase => typescript] 
[warn ] Phase2ToScalaJs.scala:42 Processing html-webpack-template [id => html-webpack-template, phase => scala.js] 
[debug] PhaseRunner.scala:84 Success [id => html-webpack-template, phase => scala.js] 
[warn ] Phase3CompileBloop.scala:245 Built html-webpack-template in 478 ms [id => html-webpack-template, phase => build] 
[info ] Phase3CompileBloop.scala:253 published local, [/home/tso/.ivy2/local/org.scalablytyped/html-webpack-template_sjs0.6_2.12/6.0-dt-20180306Z-814de0/jars/html-webpack-template_sjs0.6_2.12.jar, /home/tso/.ivy2/local/org.scalablytyped/html-webpack-template_sjs0.6_2.12/6.0-dt-20180306Z-814de0/srcs/html-webpack-template_sjs0.6_2.12-sources.jar, /home/tso/.ivy2/local/org.scalablytyped/html-webpack-template_sjs0.6_2.12/6.0-dt-20180306Z-814de0/ivys/ivy.xml, /home/tso/.ivy2/local/org.scalablytyped/html-webpack-template_sjs0.6_2.12/6.0-dt-20180306Z-814de0/poms/html-webpack-template_sjs0.6_2.12.pom] [id => html-webpack-template, phase => build] 
[debug] PhaseRunner.scala:84 Success [id => html-webpack-template, phase => build] 
[warn ] PhaseRunner.scala:70 Failed because of, [webpack => java.util.concurrent.ExecutionException: dispatch.StatusCode: Unexpected response status: 405] [id => html-webpack-template, phase => publish] 
[error] PhaseRunner.scala:88 Failure, [webpack => java.util.concurrent.ExecutionException: dispatch.StatusCode: Unexpected response status: 405] [id => html-webpack-template, phase => publish] 
