[info ] ResolveExternalReferences.scala:82 Inferred augmented module None (TsIdentModule(None,List(hapi))) [file => ../types/inert/index.d.ts, phase => typescript, scope => TreeScope(TsParsedFile() / TsDeclModule(hapi)), id => inert] 
[debug] PhaseRunner.scala:84 Success [id => inert, phase => typescript] 
[info ] Phase1ReadTypescript.scala:171 Preprocessing TsHelperFile(InFile(/home/tso/tmp/tso-cache/DefinitelyTyped/types/inert/index.d.ts),FromFolder(InFolder(/home/tso/tmp/tso-cache/DefinitelyTyped/types/inert),TsIdentLibrarySimple(inert)),TsIdentModule(None,List(inert))) [id => inert, phase => typescript] 
[info ] InferredDefaultModule.scala:39 Inferred module TsIdentModule(None,List(inert)) [id => inert, phase => typescript] 
[warn ] Phase1ReadTypescript.scala:189 Processing TsIdentLibrarySimple(inert) [id => inert, phase => typescript] 
[info ] ExtractInterfaces.scala:41 Extracted anonymous interface TsIdentSimple(Anon_RelativeTo) [id => inert, phase => typescript, scope => TreeScope(TsParsedFile() / TsDeclModule(inert) / TsAugmentedModule(hapi) / TsDeclInterface(HandlerDecorations) / TsMemberProperty(files) / TsTypeObject())] 
[debug] PhaseRunner.scala:84 Success [id => inert, phase => typescript] 
[warn ] Phase2ToScalaJs.scala:42 Processing inert [id => inert, phase => scala.js] 
[debug] PhaseRunner.scala:84 Success [id => inert, phase => scala.js] 
[warn ] Phase3CompileBloop.scala:245 Built inert in 596 ms [id => inert, phase => build] 
[info ] Phase3CompileBloop.scala:253 published local, [/home/tso/.ivy2/local/org.scalablytyped/inert_sjs0.6_2.12/5.1-dt-20190412Z-fdc1b1/jars/inert_sjs0.6_2.12.jar, /home/tso/.ivy2/local/org.scalablytyped/inert_sjs0.6_2.12/5.1-dt-20190412Z-fdc1b1/srcs/inert_sjs0.6_2.12-sources.jar, /home/tso/.ivy2/local/org.scalablytyped/inert_sjs0.6_2.12/5.1-dt-20190412Z-fdc1b1/ivys/ivy.xml, /home/tso/.ivy2/local/org.scalablytyped/inert_sjs0.6_2.12/5.1-dt-20190412Z-fdc1b1/poms/inert_sjs0.6_2.12.pom] [id => inert, phase => build] 
[debug] PhaseRunner.scala:84 Success [id => inert, phase => build] 
[warn ] PhaseRunner.scala:70 Failed because of, [hapi => java.util.concurrent.ExecutionException: dispatch.StatusCode: Unexpected response status: 405] [id => inert, phase => publish] 
[error] PhaseRunner.scala:88 Failure, [hapi => java.util.concurrent.ExecutionException: dispatch.StatusCode: Unexpected response status: 405] [id => inert, phase => publish] 
