[info ] InferredDependency.scala:22 Inferred dependencies Set(TsIdentLibrarySimple(node)) for TsIdentLibrarySimple(loader-utils) [id => loader-utils, phase => typescript, file => ../types/loader-utils/index.d.ts] 
[debug] PhaseRunner.scala:84 Success [id => loader-utils, phase => typescript] 
[info ] Phase1ReadTypescript.scala:171 Preprocessing TsHelperFile(InFile(/home/tso/tmp/tso-cache/DefinitelyTyped/types/loader-utils/index.d.ts),FromFolder(InFolder(/home/tso/tmp/tso-cache/DefinitelyTyped/types/loader-utils),TsIdentLibrarySimple(loader-utils)),TsIdentModule(None,List(loader-utils))) [id => loader-utils, phase => typescript] 
[info ] InferredDefaultModule.scala:39 Inferred module TsIdentModule(None,List(loader-utils)) [id => loader-utils, phase => typescript] 
[warn ] Phase1ReadTypescript.scala:189 Processing TsIdentLibrarySimple(loader-utils) [id => loader-utils, phase => typescript] 
[debug] PhaseRunner.scala:84 Success [id => loader-utils, phase => typescript] 
[warn ] Phase2ToScalaJs.scala:42 Processing loader-utils [id => loader-utils, phase => scala.js] 
[debug] PhaseRunner.scala:84 Success [id => loader-utils, phase => scala.js] 
[warn ] Phase3CompileBloop.scala:245 Built loader-utils in 404 ms [id => loader-utils, phase => build] 
[info ] Phase3CompileBloop.scala:253 published local, [/home/tso/.ivy2/local/org.scalablytyped/loader-utils_sjs0.6_2.12/1.1-dt-20180306Z-967a30/jars/loader-utils_sjs0.6_2.12.jar, /home/tso/.ivy2/local/org.scalablytyped/loader-utils_sjs0.6_2.12/1.1-dt-20180306Z-967a30/srcs/loader-utils_sjs0.6_2.12-sources.jar, /home/tso/.ivy2/local/org.scalablytyped/loader-utils_sjs0.6_2.12/1.1-dt-20180306Z-967a30/ivys/ivy.xml, /home/tso/.ivy2/local/org.scalablytyped/loader-utils_sjs0.6_2.12/1.1-dt-20180306Z-967a30/poms/loader-utils_sjs0.6_2.12.pom] [id => loader-utils, phase => build] 
[debug] PhaseRunner.scala:84 Success [id => loader-utils, phase => build] 
[warn ] PhaseRunner.scala:70 Failed because of, [webpack => java.util.concurrent.ExecutionException: dispatch.StatusCode: Unexpected response status: 405] [id => loader-utils, phase => publish] 
[error] PhaseRunner.scala:88 Failure, [webpack => java.util.concurrent.ExecutionException: dispatch.StatusCode: Unexpected response status: 405] [id => loader-utils, phase => publish] 
