[debug] PhaseRunner.scala:84 Success [id => lodash-webpack-plugin, phase => typescript] 
[info ] Phase1ReadTypescript.scala:171 Preprocessing TsHelperFile(InFile(/home/tso/tmp/tso-cache/DefinitelyTyped/types/lodash-webpack-plugin/index.d.ts),FromFolder(InFolder(/home/tso/tmp/tso-cache/DefinitelyTyped/types/lodash-webpack-plugin),TsIdentLibrarySimple(lodash-webpack-plugin)),TsIdentModule(None,List(lodash-webpack-plugin))) [id => lodash-webpack-plugin, phase => typescript] 
[info ] InferredDefaultModule.scala:39 Inferred module TsIdentModule(None,List(lodash-webpack-plugin)) [id => lodash-webpack-plugin, phase => typescript] 
[warn ] Phase1ReadTypescript.scala:189 Processing TsIdentLibrarySimple(lodash-webpack-plugin) [id => lodash-webpack-plugin, phase => typescript] 
[info ] PreferTypeAlias.scala:55 Simplified to type alias [id => lodash-webpack-plugin, phase => typescript, scope => TreeScope(TsParsedFile() / TsDeclModule(lodash-webpack-plugin) / TsDeclInterface(LodashModuleReplacementPlugin))] 
[debug] PhaseRunner.scala:84 Success [id => lodash-webpack-plugin, phase => typescript] 
[warn ] Phase2ToScalaJs.scala:42 Processing lodash-webpack-plugin [id => lodash-webpack-plugin, phase => scala.js] 
[debug] PhaseRunner.scala:84 Success [id => lodash-webpack-plugin, phase => scala.js] 
[warn ] Phase3CompileBloop.scala:245 Built lodash-webpack-plugin in 436 ms [id => lodash-webpack-plugin, phase => build] 
[info ] Phase3CompileBloop.scala:253 published local, [/home/tso/.ivy2/local/org.scalablytyped/lodash-webpack-plugin_sjs0.6_2.12/0.11-dt-20180306Z-360fa5/jars/lodash-webpack-plugin_sjs0.6_2.12.jar, /home/tso/.ivy2/local/org.scalablytyped/lodash-webpack-plugin_sjs0.6_2.12/0.11-dt-20180306Z-360fa5/srcs/lodash-webpack-plugin_sjs0.6_2.12-sources.jar, /home/tso/.ivy2/local/org.scalablytyped/lodash-webpack-plugin_sjs0.6_2.12/0.11-dt-20180306Z-360fa5/ivys/ivy.xml, /home/tso/.ivy2/local/org.scalablytyped/lodash-webpack-plugin_sjs0.6_2.12/0.11-dt-20180306Z-360fa5/poms/lodash-webpack-plugin_sjs0.6_2.12.pom] [id => lodash-webpack-plugin, phase => build] 
[debug] PhaseRunner.scala:84 Success [id => lodash-webpack-plugin, phase => build] 
[warn ] PhaseRunner.scala:70 Failed because of, [webpack => java.util.concurrent.ExecutionException: dispatch.StatusCode: Unexpected response status: 405] [id => lodash-webpack-plugin, phase => publish] 
[error] PhaseRunner.scala:88 Failure, [webpack => java.util.concurrent.ExecutionException: dispatch.StatusCode: Unexpected response status: 405] [id => lodash-webpack-plugin, phase => publish] 
