[debug] PhaseRunner.scala:92 Ignored [id => next, phase => typescript] 
[debug] PhaseRunner.scala:84 Success [id => next, phase => typescript] 
[info ] InferredDependency.scala:22 Inferred dependencies Set(TsIdentLibrarySimple(react)) for TsIdentLibrarySimple(next) [id => next, phase => typescript, file => ../types/next/app.d.ts] 
[info ] InferredDependency.scala:22 Inferred dependencies Set(TsIdentLibrarySimple(node), TsIdentLibrarySimple(react)) for TsIdentLibrarySimple(next) [id => next, phase => typescript, file => ../types/next/index.d.ts] 
[debug] PhaseRunner.scala:84 Success [id => next, phase => typescript] 
[debug] PhaseRunner.scala:84 Success [id => next, phase => typescript] 
[debug] PhaseRunner.scala:84 Success [id => next, phase => typescript] 
[debug] PhaseRunner.scala:84 Success [id => next, phase => typescript] 
[debug] PhaseRunner.scala:84 Success [id => next, phase => typescript] 
[info ] InferredDependency.scala:22 Inferred dependencies Set(TsIdentLibrarySimple(react)) for TsIdentLibrarySimple(next) [id => next, phase => typescript, file => ../types/next/document.d.ts] 
[debug] PhaseRunner.scala:84 Success [id => next, phase => typescript] 
[debug] PhaseRunner.scala:84 Success [id => next, phase => typescript] 
[info ] InferredDependency.scala:22 Inferred dependencies Set(TsIdentLibrarySimple(react)) for TsIdentLibrarySimple(next) [id => next, phase => typescript, file => ../types/next/error.d.ts] 
[debug] PhaseRunner.scala:84 Success [id => next, phase => typescript] 
[debug] PhaseRunner.scala:84 Success [id => next, phase => typescript] 
[debug] PhaseRunner.scala:84 Success [id => next, phase => typescript] 
[info ] Phase1ReadTypescript.scala:171 Preprocessing TsHelperFile(InFile(/home/tso/tmp/tso-cache/DefinitelyTyped/types/next/amp.d.ts),FromFolder(InFolder(/home/tso/tmp/tso-cache/DefinitelyTyped/types/next),TsIdentLibrarySimple(next)),TsIdentModule(None,List(next, amp))) [id => next, phase => typescript] 
[info ] InferredDefaultModule.scala:39 Inferred module TsIdentModule(None,List(next, amp)) [id => next, phase => typescript] 
[info ] Phase1ReadTypescript.scala:171 Preprocessing TsHelperFile(InFile(/home/tso/tmp/tso-cache/DefinitelyTyped/types/next/app.d.ts),FromFolder(InFolder(/home/tso/tmp/tso-cache/DefinitelyTyped/types/next),TsIdentLibrarySimple(next)),TsIdentModule(None,List(next, app))) [id => next, phase => typescript] 
[info ] InferredDefaultModule.scala:39 Inferred module TsIdentModule(None,List(next, app)) [id => next, phase => typescript] 
[info ] Phase1ReadTypescript.scala:171 Preprocessing TsHelperFile(InFile(/home/tso/tmp/tso-cache/DefinitelyTyped/types/next/config.d.ts),FromFolder(InFolder(/home/tso/tmp/tso-cache/DefinitelyTyped/types/next),TsIdentLibrarySimple(next)),TsIdentModule(None,List(next, config))) [id => next, phase => typescript] 
[info ] InferredDefaultModule.scala:39 Inferred module TsIdentModule(None,List(next, config)) [id => next, phase => typescript] 
[info ] Phase1ReadTypescript.scala:171 Preprocessing TsHelperFile(InFile(/home/tso/tmp/tso-cache/DefinitelyTyped/types/next/constants.d.ts),FromFolder(InFolder(/home/tso/tmp/tso-cache/DefinitelyTyped/types/next),TsIdentLibrarySimple(next)),TsIdentModule(None,List(next, constants))) [id => next, phase => typescript] 
[info ] InferredDefaultModule.scala:39 Inferred module TsIdentModule(None,List(next, constants)) [id => next, phase => typescript] 
[info ] Phase1ReadTypescript.scala:171 Preprocessing TsHelperFile(InFile(/home/tso/tmp/tso-cache/DefinitelyTyped/types/next/document.d.ts),FromFolder(InFolder(/home/tso/tmp/tso-cache/DefinitelyTyped/types/next),TsIdentLibrarySimple(next)),TsIdentModule(None,List(next, document))) [id => next, phase => typescript] 
[info ] InferredDefaultModule.scala:39 Inferred module TsIdentModule(None,List(next, document)) [id => next, phase => typescript] 
[info ] Phase1ReadTypescript.scala:171 Preprocessing TsHelperFile(InFile(/home/tso/tmp/tso-cache/DefinitelyTyped/types/next/dynamic.d.ts),FromFolder(InFolder(/home/tso/tmp/tso-cache/DefinitelyTyped/types/next),TsIdentLibrarySimple(next)),TsIdentModule(None,List(next, dynamic))) [id => next, phase => typescript] 
[info ] InferredDefaultModule.scala:39 Inferred module TsIdentModule(None,List(next, dynamic)) [id => next, phase => typescript] 
[info ] Phase1ReadTypescript.scala:171 Preprocessing TsHelperFile(InFile(/home/tso/tmp/tso-cache/DefinitelyTyped/types/next/error.d.ts),FromFolder(InFolder(/home/tso/tmp/tso-cache/DefinitelyTyped/types/next),TsIdentLibrarySimple(next)),TsIdentModule(None,List(next, error))) [id => next, phase => typescript] 
[info ] InferredDefaultModule.scala:39 Inferred module TsIdentModule(None,List(next, error)) [id => next, phase => typescript] 
[info ] Phase1ReadTypescript.scala:171 Preprocessing TsHelperFile(InFile(/home/tso/tmp/tso-cache/DefinitelyTyped/types/next/head.d.ts),FromFolder(InFolder(/home/tso/tmp/tso-cache/DefinitelyTyped/types/next),TsIdentLibrarySimple(next)),TsIdentModule(None,List(next, head))) [id => next, phase => typescript] 
[info ] InferredDefaultModule.scala:39 Inferred module TsIdentModule(None,List(next, head)) [id => next, phase => typescript] 
[info ] Phase1ReadTypescript.scala:171 Preprocessing TsHelperFile(InFile(/home/tso/tmp/tso-cache/DefinitelyTyped/types/next/index.d.ts),FromFolder(InFolder(/home/tso/tmp/tso-cache/DefinitelyTyped/types/next),TsIdentLibrarySimple(next)),TsIdentModule(None,List(next))) [id => next, phase => typescript] 
[info ] InferredDefaultModule.scala:39 Inferred module TsIdentModule(None,List(next)) [id => next, phase => typescript] 
[info ] Phase1ReadTypescript.scala:171 Preprocessing TsHelperFile(InFile(/home/tso/tmp/tso-cache/DefinitelyTyped/types/next/link.d.ts),FromFolder(InFolder(/home/tso/tmp/tso-cache/DefinitelyTyped/types/next),TsIdentLibrarySimple(next)),TsIdentModule(None,List(next, link))) [id => next, phase => typescript] 
[info ] InferredDefaultModule.scala:39 Inferred module TsIdentModule(None,List(next, link)) [id => next, phase => typescript] 
[info ] Phase1ReadTypescript.scala:171 Preprocessing TsHelperFile(InFile(/home/tso/tmp/tso-cache/DefinitelyTyped/types/next/router.d.ts),FromFolder(InFolder(/home/tso/tmp/tso-cache/DefinitelyTyped/types/next),TsIdentLibrarySimple(next)),TsIdentModule(None,List(next, router))) [id => next, phase => typescript] 
[info ] InferredDefaultModule.scala:39 Inferred module TsIdentModule(None,List(next, router)) [id => next, phase => typescript] 
[warn ] Phase1ReadTypescript.scala:189 Processing TsIdentLibrarySimple(next) [id => next, phase => typescript] 
[info ] PreferTypeAlias.scala:55 Simplified to type alias [id => next, phase => typescript, scope => TreeScope(TsParsedFile() / TsDeclModule(next/app) / TsDeclInterface(App))] 
[info ] PreferTypeAlias.scala:55 Simplified to type alias [id => next, phase => typescript, scope => TreeScope(TsParsedFile() / TsDeclModule(next/document) / TsDeclInterface(Document))] 
[info ] PreferTypeAlias.scala:55 Simplified to type alias [id => next, phase => typescript, scope => TreeScope(TsParsedFile() / TsDeclModule(next/error) / TsDeclInterface(Error))] 
[info ] UnionTypesFromKeyOf.scala:23 Could not expand keyof TsQIdent(List(TsIdentSimple(any))): None [id => next, phase => typescript, scope => TreeScope(TsParsedFile() / TsDeclModule(next/router) / TsDeclTypeAlias(Omit) / TsTypeParam() / TsTypeKeyOf())] 
[info ] ExtractInterfaces.scala:41 Extracted anonymous interface TsIdentSimple(Anon_EnhanceApp) [id => next, phase => typescript, scope => TreeScope(TsParsedFile() / TsDeclModule(next/document) / TsDeclInterface(NextDocumentContext) / TsMemberFunction(renderPage) / TsFunSig() / TsFunParam() / TsTypeUnion() / TsTypeObject())] 
[info ] ExtractInterfaces.scala:41 Extracted anonymous interface TsIdentSimple(Anon_AssetPrefix) [id => next, phase => typescript, scope => TreeScope(TsParsedFile() / TsDeclModule(next/document) / TsDeclInterface(DocumentProps) / TsMemberProperty(__NEXT_DATA__) / TsTypeObject())] 
[info ] ExtractInterfaces.scala:41 Extracted anonymous interface TsIdentSimple(Anon_Dev) [id => next, phase => typescript, scope => TreeScope(TsParsedFile() / TsDeclModule(next) / TsDeclInterface(DevServer) / TsMemberProperty(renderOpts) / TsTypeIntersect() / TsTypeObject())] 
[info ] ExtractInterfaces.scala:41 Extracted anonymous interface TsIdentSimple(Anon_BuildId) [id => next, phase => typescript, scope => TreeScope(TsParsedFile() / TsDeclModule(next) / TsDeclInterface(DevServer) / TsMemberFunction(getHotReloader) / TsFunSig() / TsFunParam() / TsTypeObject())] 
[info ] ExtractInterfaces.scala:41 Extracted anonymous interface TsIdentSimple(Anon_DevTrue) [id => next, phase => typescript, scope => TreeScope(TsParsedFile() / TsDeclModule(next) / TsDeclFunction(^) / TsFunSig() / TsFunParam() / TsTypeIntersect() / TsTypeObject())] 
[debug] PhaseRunner.scala:84 Success [id => next, phase => typescript] 
[warn ] Phase2ToScalaJs.scala:42 Processing next [id => next, phase => scala.js] 
[info ] CombineOverloads.scala:82 Dropping 1 incompatible `apply` overloads (have no way to express this) at Name(nextLib) / Name(nextMod) / Name(^) [id => next, phase => scala.js, this => Name(nextLib) / Name(nextMod) / Name(^)] 
[info ] CombineOverloads.scala:82 Dropping 1 incompatible `apply` overloads (have no way to express this) at Name(nextLib) / Name(nextMod) / Name(^) [id => next, phase => scala.js, this => Name(nextLib) / Name(nextMod) / Name(^)] 
[debug] PhaseRunner.scala:84 Success [id => next, phase => scala.js] 
[warn ] Phase3CompileBloop.scala:245 Built next in 792 ms [id => next, phase => build] 
[info ] Phase3CompileBloop.scala:253 published local, [/home/tso/.ivy2/local/org.scalablytyped/next_sjs0.6_2.12/8.0-dt-20190501Z-5c26dc/jars/next_sjs0.6_2.12.jar, /home/tso/.ivy2/local/org.scalablytyped/next_sjs0.6_2.12/8.0-dt-20190501Z-5c26dc/srcs/next_sjs0.6_2.12-sources.jar, /home/tso/.ivy2/local/org.scalablytyped/next_sjs0.6_2.12/8.0-dt-20190501Z-5c26dc/ivys/ivy.xml, /home/tso/.ivy2/local/org.scalablytyped/next_sjs0.6_2.12/8.0-dt-20190501Z-5c26dc/poms/next_sjs0.6_2.12.pom] [id => next, phase => build] 
[debug] PhaseRunner.scala:84 Success [id => next, phase => build] 
[warn ] PhaseRunner.scala:70 Failed because of, [webpack => java.util.concurrent.ExecutionException: dispatch.StatusCode: Unexpected response status: 405] [id => next, phase => publish] 
[error] PhaseRunner.scala:88 Failure, [webpack => java.util.concurrent.ExecutionException: dispatch.StatusCode: Unexpected response status: 405] [id => next, phase => publish] 
