[debug] PhaseRunner.scala:78 Success [id => pouchdb, phase => typescript] 
[info ] Phase1ReadTypescript.scala:152 Preprocessing TsHelperFile(InFile(/home/tso/tmp/tso-cache/DefinitelyTyped/types/pouchdb/index.d.ts),FromFolder(InFolder(/home/tso/tmp/tso-cache/DefinitelyTyped/types/pouchdb),TsIdentLibrarySimple(pouchdb)),TsIdentModule(None,List(pouchdb))) [id => pouchdb, phase => typescript] 
[info ] InferredDefaultModule.scala:39 Inferred module TsIdentModule(None,List(pouchdb)) [id => pouchdb, phase => typescript] 
[warn ] Phase1ReadTypescript.scala:190 Processing TsIdentLibrarySimple(pouchdb) [id => pouchdb, phase => typescript] 
[debug] PhaseRunner.scala:78 Success [id => pouchdb, phase => typescript] 
[warn ] Phase2ToScalaJs.scala:34 Processing TsIdentLibrarySimple(pouchdb) [id => pouchdb, phase => scala.js] 
[debug] PhaseRunner.scala:78 Success [id => pouchdb, phase => scala.js] 
[warn ] Phase3CompileBloop.scala:192 Using cached build of pouchdb [id => pouchdb, phase => build] 
[debug] PhaseRunner.scala:78 Success [id => pouchdb, phase => build] 
[warn ] PhaseRunner.scala:64 Failed because of, [pouchdb-adapter-node-websql => java.lang.RuntimeException: was not able to find or create version 6.1-dt-20180910Z-c820ec for oyvindberg in ScalablyTyped for package pouchdb-adapter-node-websql] [id => pouchdb, phase => publish] 
[debug] PhaseRunner.scala:82 Failure, [pouchdb-adapter-node-websql => java.lang.RuntimeException: was not able to find or create version 6.1-dt-20180910Z-c820ec for oyvindberg in ScalablyTyped for package pouchdb-adapter-node-websql] [id => pouchdb, phase => publish] 
