[debug] PhaseRunner.scala:78 Success [id => pouch-redux-middleware, phase => typescript] 
[info ] Phase1ReadTypescript.scala:152 Preprocessing TsHelperFile(InFile(/home/tso/tmp/tso-cache/DefinitelyTyped/types/pouch-redux-middleware/index.d.ts),FromFolder(InFolder(/home/tso/tmp/tso-cache/DefinitelyTyped/types/pouch-redux-middleware),TsIdentLibrarySimple(pouch-redux-middleware)),TsIdentModule(None,List(pouch-redux-middleware))) [id => pouch-redux-middleware, phase => typescript] 
[info ] InferredDefaultModule.scala:39 Inferred module TsIdentModule(None,List(pouch-redux-middleware)) [id => pouch-redux-middleware, phase => typescript] 
[warn ] Phase1ReadTypescript.scala:190 Processing TsIdentLibrarySimple(pouch-redux-middleware) [id => pouch-redux-middleware, phase => typescript] 
[debug] DefaultedTParams.scala:29 Defaulting type parameter TsIdentSimple(T) at TreeScope(TsParsedFile() / TsDeclModule(pouch-redux-middleware) / TsDeclInterface(Path) / TsMemberProperty(actions) / TsTypeObject() / TsMemberFunction(remove) / TsFunSig() / TsTypeRef()) [id => pouch-redux-middleware, phase => typescript, scope => TreeScope(TsParsedFile() / TsDeclModule(pouch-redux-middleware) / TsDeclInterface(Path) / TsMemberProperty(actions) / TsTypeObject() / TsMemberFunction(remove) / TsFunSig() / TsTypeRef())] 
[debug] DefaultedTParams.scala:29 Defaulting type parameter TsIdentSimple(T) at TreeScope(TsParsedFile() / TsDeclModule(pouch-redux-middleware) / TsDeclInterface(Path) / TsMemberProperty(actions) / TsTypeObject() / TsMemberFunction(update) / TsFunSig() / TsTypeRef()) [id => pouch-redux-middleware, phase => typescript, scope => TreeScope(TsParsedFile() / TsDeclModule(pouch-redux-middleware) / TsDeclInterface(Path) / TsMemberProperty(actions) / TsTypeObject() / TsMemberFunction(update) / TsFunSig() / TsTypeRef())] 
[debug] DefaultedTParams.scala:29 Defaulting type parameter TsIdentSimple(T) at TreeScope(TsParsedFile() / TsDeclModule(pouch-redux-middleware) / TsDeclInterface(Path) / TsMemberProperty(actions) / TsTypeObject() / TsMemberFunction(insert) / TsFunSig() / TsTypeRef()) [id => pouch-redux-middleware, phase => typescript, scope => TreeScope(TsParsedFile() / TsDeclModule(pouch-redux-middleware) / TsDeclInterface(Path) / TsMemberProperty(actions) / TsTypeObject() / TsMemberFunction(insert) / TsFunSig() / TsTypeRef())] 
[debug] DefaultedTParams.scala:29 Defaulting type parameter TsIdentSimple(DispatchExt) at TreeScope(TsParsedFile() / TsDeclModule(pouch-redux-middleware) / TsDeclFunction(default) / TsFunSig() / TsTypeRef()) [id => pouch-redux-middleware, phase => typescript, scope => TreeScope(TsParsedFile() / TsDeclModule(pouch-redux-middleware) / TsDeclFunction(default) / TsFunSig() / TsTypeRef())] 
[debug] DefaultedTParams.scala:29 Defaulting type parameter TsIdentSimple(S) at TreeScope(TsParsedFile() / TsDeclModule(pouch-redux-middleware) / TsDeclFunction(default) / TsFunSig() / TsTypeRef()) [id => pouch-redux-middleware, phase => typescript, scope => TreeScope(TsParsedFile() / TsDeclModule(pouch-redux-middleware) / TsDeclFunction(default) / TsFunSig() / TsTypeRef())] 
[debug] DefaultedTParams.scala:29 Defaulting type parameter TsIdentSimple(D) at TreeScope(TsParsedFile() / TsDeclModule(pouch-redux-middleware) / TsDeclFunction(default) / TsFunSig() / TsTypeRef()) [id => pouch-redux-middleware, phase => typescript, scope => TreeScope(TsParsedFile() / TsDeclModule(pouch-redux-middleware) / TsDeclFunction(default) / TsFunSig() / TsTypeRef())] 
[info ] ExtractInterfaces.scala:30 Extracted anonymous interface TsIdentSimple(Anon_Update) [id => pouch-redux-middleware, phase => typescript, scope => TreeScope(TsParsedFile() / TsDeclModule(pouch-redux-middleware) / TsDeclInterface(Path) / TsMemberProperty(actions) / TsTypeObject())] 
[debug] PhaseRunner.scala:78 Success [id => pouch-redux-middleware, phase => typescript] 
[warn ] Phase2ToScalaJs.scala:34 Processing TsIdentLibrarySimple(pouch-redux-middleware) [id => pouch-redux-middleware, phase => scala.js] 
[debug] PhaseRunner.scala:78 Success [id => pouch-redux-middleware, phase => scala.js] 
[warn ] Phase3CompileBloop.scala:192 Using cached build of pouch-redux-middleware [id => pouch-redux-middleware, phase => build] 
[debug] PhaseRunner.scala:78 Success [id => pouch-redux-middleware, phase => build] 
[warn ] PhaseRunner.scala:64 Failed because of, [pouchdb-adapter-node-websql => java.lang.RuntimeException: was not able to find or create version 6.1-dt-20180910Z-c820ec for oyvindberg in ScalablyTyped for package pouchdb-adapter-node-websql] [id => pouch-redux-middleware, phase => publish] 
[debug] PhaseRunner.scala:82 Failure, [pouchdb-adapter-node-websql => java.lang.RuntimeException: was not able to find or create version 6.1-dt-20180910Z-c820ec for oyvindberg in ScalablyTyped for package pouchdb-adapter-node-websql] [id => pouch-redux-middleware, phase => publish] 
