[debug] PhaseRunner.scala:86 Ignored [id => @pulumi/kubernetes, phase => typescript] 
[debug] PhaseRunner.scala:78 Success [id => @pulumi/kubernetes, phase => typescript] 
[debug] PhaseRunner.scala:78 Success [id => @pulumi/kubernetes, phase => typescript] 
[debug] PhaseRunner.scala:78 Success [id => @pulumi/kubernetes, phase => typescript] 
[debug] PhaseRunner.scala:78 Success [id => @pulumi/kubernetes, phase => typescript] 
[debug] PhaseRunner.scala:78 Success [id => @pulumi/kubernetes, phase => typescript] 
[debug] PhaseRunner.scala:78 Success [id => @pulumi/kubernetes, phase => typescript] 
[info ] Phase1ReadTypescript.scala:152 Preprocessing TsHelperFile(InFile(/home/tso/tmp/tso-cache/npm/node_modules/@pulumi/kubernetes/helm.d.ts),FromFolder(InFolder(/home/tso/tmp/tso-cache/npm/node_modules/@pulumi/kubernetes),TsIdentLibraryScoped(pulumi,Some(kubernetes))),TsIdentModule(Some(pulumi),List(kubernetes, helm))) [id => @pulumi/kubernetes, phase => typescript] 
[info ] InferredDefaultModule.scala:39 Inferred module TsIdentModule(Some(pulumi),List(kubernetes, helm)) [id => @pulumi/kubernetes, phase => typescript] 
[info ] Phase1ReadTypescript.scala:152 Preprocessing TsHelperFile(InFile(/home/tso/tmp/tso-cache/npm/node_modules/@pulumi/kubernetes/index.d.ts),FromFolder(InFolder(/home/tso/tmp/tso-cache/npm/node_modules/@pulumi/kubernetes),TsIdentLibraryScoped(pulumi,Some(kubernetes))),TsIdentModule(Some(pulumi),List(kubernetes))) [id => @pulumi/kubernetes, phase => typescript] 
[info ] InferredDefaultModule.scala:39 Inferred module TsIdentModule(Some(pulumi),List(kubernetes)) [id => @pulumi/kubernetes, phase => typescript] 
[info ] Phase1ReadTypescript.scala:152 Preprocessing TsHelperFile(InFile(/home/tso/tmp/tso-cache/npm/node_modules/@pulumi/kubernetes/path.d.ts),FromFolder(InFolder(/home/tso/tmp/tso-cache/npm/node_modules/@pulumi/kubernetes),TsIdentLibraryScoped(pulumi,Some(kubernetes))),TsIdentModule(Some(pulumi),List(kubernetes, path))) [id => @pulumi/kubernetes, phase => typescript] 
[info ] InferredDefaultModule.scala:39 Inferred module TsIdentModule(Some(pulumi),List(kubernetes, path)) [id => @pulumi/kubernetes, phase => typescript] 
[info ] Phase1ReadTypescript.scala:152 Preprocessing TsHelperFile(InFile(/home/tso/tmp/tso-cache/npm/node_modules/@pulumi/kubernetes/provider.d.ts),FromFolder(InFolder(/home/tso/tmp/tso-cache/npm/node_modules/@pulumi/kubernetes),TsIdentLibraryScoped(pulumi,Some(kubernetes))),TsIdentModule(Some(pulumi),List(kubernetes, provider))) [id => @pulumi/kubernetes, phase => typescript] 
[info ] InferredDefaultModule.scala:39 Inferred module TsIdentModule(Some(pulumi),List(kubernetes, provider)) [id => @pulumi/kubernetes, phase => typescript] 
[info ] Phase1ReadTypescript.scala:152 Preprocessing TsHelperFile(InFile(/home/tso/tmp/tso-cache/npm/node_modules/@pulumi/kubernetes/types/input.d.ts),FromFolder(InFolder(/home/tso/tmp/tso-cache/npm/node_modules/@pulumi/kubernetes),TsIdentLibraryScoped(pulumi,Some(kubernetes))),TsIdentModule(Some(pulumi),List(kubernetes, types, input))) [id => @pulumi/kubernetes, phase => typescript] 
[info ] InferredDefaultModule.scala:39 Inferred module TsIdentModule(Some(pulumi),List(kubernetes, types, input)) [id => @pulumi/kubernetes, phase => typescript] 
[info ] Phase1ReadTypescript.scala:152 Preprocessing TsHelperFile(InFile(/home/tso/tmp/tso-cache/npm/node_modules/@pulumi/kubernetes/types/output.d.ts),FromFolder(InFolder(/home/tso/tmp/tso-cache/npm/node_modules/@pulumi/kubernetes),TsIdentLibraryScoped(pulumi,Some(kubernetes))),TsIdentModule(Some(pulumi),List(kubernetes, types, output))) [id => @pulumi/kubernetes, phase => typescript] 
[info ] InferredDefaultModule.scala:39 Inferred module TsIdentModule(Some(pulumi),List(kubernetes, types, output)) [id => @pulumi/kubernetes, phase => typescript] 
[warn ] Phase1ReadTypescript.scala:190 Processing TsIdentLibraryScoped(pulumi,Some(kubernetes)) [id => @pulumi/kubernetes, phase => typescript] 
[debug] PhaseRunner.scala:78 Success [id => @pulumi/kubernetes, phase => typescript] 
[warn ] Phase2ToScalaJs.scala:34 Processing TsIdentLibraryScoped(pulumi,Some(kubernetes)) [id => @pulumi/kubernetes, phase => scala.js] 
[debug] PhaseRunner.scala:78 Success [id => @pulumi/kubernetes, phase => scala.js] 
[warn ] Phase3CompileBloop.scala:211 Built pulumi__kubernetes in 131713 ms [id => @pulumi/kubernetes, phase => build] 
[info ] Phase3CompileBloop.scala:221 published local, [/home/tso/.ivy2/local/com.scalablytyped/pulumi__kubernetes_sjs0.6_2.12/v0.17.5-287f3e/jars/pulumi__kubernetes_sjs0.6_2.12.jar, /home/tso/.ivy2/local/com.scalablytyped/pulumi__kubernetes_sjs0.6_2.12/v0.17.5-287f3e/srcs/pulumi__kubernetes_sjs0.6_2.12-sources.jar, /home/tso/.ivy2/local/com.scalablytyped/pulumi__kubernetes_sjs0.6_2.12/v0.17.5-287f3e/ivys/ivy.xml, /home/tso/.ivy2/local/com.scalablytyped/pulumi__kubernetes_sjs0.6_2.12/v0.17.5-287f3e/poms/pulumi__kubernetes_sjs0.6_2.12.pom] [id => @pulumi/kubernetes, phase => build] 
[debug] PhaseRunner.scala:78 Success [id => @pulumi/kubernetes, phase => build] 
[warn ] PhaseRunner.scala:64 Failed because of, [@protobufjs/float => java.lang.RuntimeException: was not able to find or create version 1.0.2-e23db2 for oyvindberg in ScalablyTyped for package protobufjs__float] [id => @pulumi/kubernetes, phase => publish] 
[debug] PhaseRunner.scala:82 Failure, [@protobufjs/float => java.lang.RuntimeException: was not able to find or create version 1.0.2-e23db2 for oyvindberg in ScalablyTyped for package protobufjs__float] [id => @pulumi/kubernetes, phase => publish] 
