[info ] InferredDependency.scala:20 Inferred dependencies Set(TsIdentLibrarySimple(react)) for TsIdentLibrarySimple(react-swipe) [id => react-swipe, phase => typescript, file => ../types/react-swipe/index.d.ts] 
[debug] PhaseRunner.scala:78 Success [id => react-swipe, phase => typescript] 
[info ] Phase1ReadTypescript.scala:152 Preprocessing TsHelperFile(InFile(/home/tso/tmp/tso-cache/DefinitelyTyped/types/react-swipe/index.d.ts),FromFolder(InFolder(/home/tso/tmp/tso-cache/DefinitelyTyped/types/react-swipe),TsIdentLibrarySimple(react-swipe)),TsIdentModule(None,List(react-swipe))) [id => react-swipe, phase => typescript] 
[info ] InferredDefaultModule.scala:39 Inferred module TsIdentModule(None,List(react-swipe)) [id => react-swipe, phase => typescript] 
[warn ] Phase1ReadTypescript.scala:190 Processing TsIdentLibrarySimple(react-swipe) [id => react-swipe, phase => typescript] 
[debug] DefaultedTParams.scala:29 Defaulting type parameter TsIdentSimple(S) at TreeScope(TsParsedFile() / TsDeclModule(react-swipe) / TsDeclInterface(ReactSwipe) / TsTypeRef()) [id => react-swipe, phase => typescript, scope => TreeScope(TsParsedFile() / TsDeclModule(react-swipe) / TsDeclInterface(ReactSwipe) / TsTypeRef())] 
[debug] DefaultedTParams.scala:29 Defaulting type parameter TsIdentSimple(SS) at TreeScope(TsParsedFile() / TsDeclModule(react-swipe) / TsDeclInterface(ReactSwipe) / TsTypeRef()) [id => react-swipe, phase => typescript, scope => TreeScope(TsParsedFile() / TsDeclModule(react-swipe) / TsDeclInterface(ReactSwipe) / TsTypeRef())] 
[debug] PhaseRunner.scala:78 Success [id => react-swipe, phase => typescript] 
[warn ] Phase2ToScalaJs.scala:34 Processing TsIdentLibrarySimple(react-swipe) [id => react-swipe, phase => scala.js] 
[debug] PhaseRunner.scala:78 Success [id => react-swipe, phase => scala.js] 
[warn ] Phase3CompileBloop.scala:192 Using cached build of react-swipe [id => react-swipe, phase => build] 
[debug] PhaseRunner.scala:78 Success [id => react-swipe, phase => build] 
[warn ] PhaseRunner.scala:64 Failed because of, [swipe => java.lang.RuntimeException: was not able to find or create version 2.0-dt-20180910Z-92b762 for oyvindberg in ScalablyTyped for package swipe] [id => react-swipe, phase => publish] 
[debug] PhaseRunner.scala:82 Failure, [swipe => java.lang.RuntimeException: was not able to find or create version 2.0-dt-20180910Z-92b762 for oyvindberg in ScalablyTyped for package swipe] [id => react-swipe, phase => publish] 
