[debug] PhaseRunner.scala:84 Success [id => rollup-plugin-node-globals, phase => typescript] 
[info ] Phase1ReadTypescript.scala:171 Preprocessing TsHelperFile(InFile(/home/tso/tmp/tso-cache/DefinitelyTyped/types/rollup-plugin-node-globals/index.d.ts),FromFolder(InFolder(/home/tso/tmp/tso-cache/DefinitelyTyped/types/rollup-plugin-node-globals),TsIdentLibrarySimple(rollup-plugin-node-globals)),TsIdentModule(None,List(rollup-plugin-node-globals))) [id => rollup-plugin-node-globals, phase => typescript] 
[info ] InferredDefaultModule.scala:39 Inferred module TsIdentModule(None,List(rollup-plugin-node-globals)) [id => rollup-plugin-node-globals, phase => typescript] 
[warn ] Phase1ReadTypescript.scala:189 Processing TsIdentLibrarySimple(rollup-plugin-node-globals) [id => rollup-plugin-node-globals, phase => typescript] 
[debug] PhaseRunner.scala:84 Success [id => rollup-plugin-node-globals, phase => typescript] 
[warn ] Phase2ToScalaJs.scala:42 Processing rollup-plugin-node-globals [id => rollup-plugin-node-globals, phase => scala.js] 
[debug] PhaseRunner.scala:84 Success [id => rollup-plugin-node-globals, phase => scala.js] 
[warn ] Phase3CompileBloop.scala:245 Built rollup-plugin-node-globals in 468 ms [id => rollup-plugin-node-globals, phase => build] 
[info ] Phase3CompileBloop.scala:253 published local, [/home/tso/.ivy2/local/org.scalablytyped/rollup-plugin-node-globals_sjs0.6_2.12/1.4-dt-20190127Z-66765b/jars/rollup-plugin-node-globals_sjs0.6_2.12.jar, /home/tso/.ivy2/local/org.scalablytyped/rollup-plugin-node-globals_sjs0.6_2.12/1.4-dt-20190127Z-66765b/srcs/rollup-plugin-node-globals_sjs0.6_2.12-sources.jar, /home/tso/.ivy2/local/org.scalablytyped/rollup-plugin-node-globals_sjs0.6_2.12/1.4-dt-20190127Z-66765b/ivys/ivy.xml, /home/tso/.ivy2/local/org.scalablytyped/rollup-plugin-node-globals_sjs0.6_2.12/1.4-dt-20190127Z-66765b/poms/rollup-plugin-node-globals_sjs0.6_2.12.pom] [id => rollup-plugin-node-globals, phase => build] 
[debug] PhaseRunner.scala:84 Success [id => rollup-plugin-node-globals, phase => build] 
[warn ] PhaseRunner.scala:70 Failed because of, [rollup => java.util.concurrent.ExecutionException: dispatch.StatusCode: Unexpected response status: 405] [id => rollup-plugin-node-globals, phase => publish] 
[error] PhaseRunner.scala:88 Failure, [rollup => java.util.concurrent.ExecutionException: dispatch.StatusCode: Unexpected response status: 405] [id => rollup-plugin-node-globals, phase => publish] 
