[debug] PhaseRunner.scala:84 Success [id => rollup-plugin-json, phase => typescript] 
[info ] Phase1ReadTypescript.scala:171 Preprocessing TsHelperFile(InFile(/home/tso/tmp/tso-cache/DefinitelyTyped/types/rollup-plugin-json/index.d.ts),FromFolder(InFolder(/home/tso/tmp/tso-cache/DefinitelyTyped/types/rollup-plugin-json),TsIdentLibrarySimple(rollup-plugin-json)),TsIdentModule(None,List(rollup-plugin-json))) [id => rollup-plugin-json, phase => typescript] 
[info ] InferredDefaultModule.scala:39 Inferred module TsIdentModule(None,List(rollup-plugin-json)) [id => rollup-plugin-json, phase => typescript] 
[warn ] Phase1ReadTypescript.scala:189 Processing TsIdentLibrarySimple(rollup-plugin-json) [id => rollup-plugin-json, phase => typescript] 
[debug] PhaseRunner.scala:84 Success [id => rollup-plugin-json, phase => typescript] 
[warn ] Phase2ToScalaJs.scala:42 Processing rollup-plugin-json [id => rollup-plugin-json, phase => scala.js] 
[debug] PhaseRunner.scala:84 Success [id => rollup-plugin-json, phase => scala.js] 
[warn ] Phase3CompileBloop.scala:245 Built rollup-plugin-json in 404 ms [id => rollup-plugin-json, phase => build] 
[info ] Phase3CompileBloop.scala:253 published local, [/home/tso/.ivy2/local/org.scalablytyped/rollup-plugin-json_sjs0.6_2.12/3.0-dt-20190320Z-311a80/jars/rollup-plugin-json_sjs0.6_2.12.jar, /home/tso/.ivy2/local/org.scalablytyped/rollup-plugin-json_sjs0.6_2.12/3.0-dt-20190320Z-311a80/srcs/rollup-plugin-json_sjs0.6_2.12-sources.jar, /home/tso/.ivy2/local/org.scalablytyped/rollup-plugin-json_sjs0.6_2.12/3.0-dt-20190320Z-311a80/ivys/ivy.xml, /home/tso/.ivy2/local/org.scalablytyped/rollup-plugin-json_sjs0.6_2.12/3.0-dt-20190320Z-311a80/poms/rollup-plugin-json_sjs0.6_2.12.pom] [id => rollup-plugin-json, phase => build] 
[debug] PhaseRunner.scala:84 Success [id => rollup-plugin-json, phase => build] 
[warn ] PhaseRunner.scala:70 Failed because of, [rollup => java.util.concurrent.ExecutionException: dispatch.StatusCode: Unexpected response status: 405] [id => rollup-plugin-json, phase => publish] 
[error] PhaseRunner.scala:88 Failure, [rollup => java.util.concurrent.ExecutionException: dispatch.StatusCode: Unexpected response status: 405] [id => rollup-plugin-json, phase => publish] 
