[debug] PhaseRunner.scala:84 Success [id => rollup-plugin-node-builtins, phase => typescript] 
[info ] Phase1ReadTypescript.scala:171 Preprocessing TsHelperFile(InFile(/home/tso/tmp/tso-cache/DefinitelyTyped/types/rollup-plugin-node-builtins/index.d.ts),FromFolder(InFolder(/home/tso/tmp/tso-cache/DefinitelyTyped/types/rollup-plugin-node-builtins),TsIdentLibrarySimple(rollup-plugin-node-builtins)),TsIdentModule(None,List(rollup-plugin-node-builtins))) [id => rollup-plugin-node-builtins, phase => typescript] 
[info ] InferredDefaultModule.scala:39 Inferred module TsIdentModule(None,List(rollup-plugin-node-builtins)) [id => rollup-plugin-node-builtins, phase => typescript] 
[warn ] Phase1ReadTypescript.scala:189 Processing TsIdentLibrarySimple(rollup-plugin-node-builtins) [id => rollup-plugin-node-builtins, phase => typescript] 
[debug] PhaseRunner.scala:84 Success [id => rollup-plugin-node-builtins, phase => typescript] 
[warn ] Phase2ToScalaJs.scala:42 Processing rollup-plugin-node-builtins [id => rollup-plugin-node-builtins, phase => scala.js] 
[debug] PhaseRunner.scala:84 Success [id => rollup-plugin-node-builtins, phase => scala.js] 
[warn ] Phase3CompileBloop.scala:245 Built rollup-plugin-node-builtins in 443 ms [id => rollup-plugin-node-builtins, phase => build] 
[info ] Phase3CompileBloop.scala:253 published local, [/home/tso/.ivy2/local/org.scalablytyped/rollup-plugin-node-builtins_sjs0.6_2.12/2.1-dt-20190312Z-a3b3dc/jars/rollup-plugin-node-builtins_sjs0.6_2.12.jar, /home/tso/.ivy2/local/org.scalablytyped/rollup-plugin-node-builtins_sjs0.6_2.12/2.1-dt-20190312Z-a3b3dc/srcs/rollup-plugin-node-builtins_sjs0.6_2.12-sources.jar, /home/tso/.ivy2/local/org.scalablytyped/rollup-plugin-node-builtins_sjs0.6_2.12/2.1-dt-20190312Z-a3b3dc/ivys/ivy.xml, /home/tso/.ivy2/local/org.scalablytyped/rollup-plugin-node-builtins_sjs0.6_2.12/2.1-dt-20190312Z-a3b3dc/poms/rollup-plugin-node-builtins_sjs0.6_2.12.pom] [id => rollup-plugin-node-builtins, phase => build] 
[debug] PhaseRunner.scala:84 Success [id => rollup-plugin-node-builtins, phase => build] 
[warn ] PhaseRunner.scala:70 Failed because of, [rollup => java.util.concurrent.ExecutionException: dispatch.StatusCode: Unexpected response status: 405] [id => rollup-plugin-node-builtins, phase => publish] 
[error] PhaseRunner.scala:88 Failure, [rollup => java.util.concurrent.ExecutionException: dispatch.StatusCode: Unexpected response status: 405] [id => rollup-plugin-node-builtins, phase => publish] 
