[info ] InferredDependency.scala:22 Inferred dependencies Set(TsIdentLibrarySimple(node)) for TsIdentLibrarySimple(rollup-plugin-sourcemaps) [id => rollup-plugin-sourcemaps, phase => typescript, file => ../types/rollup-plugin-sourcemaps/index.d.ts] 
[debug] PhaseRunner.scala:84 Success [id => rollup-plugin-sourcemaps, phase => typescript] 
[info ] Phase1ReadTypescript.scala:171 Preprocessing TsHelperFile(InFile(/home/tso/tmp/tso-cache/DefinitelyTyped/types/rollup-plugin-sourcemaps/index.d.ts),FromFolder(InFolder(/home/tso/tmp/tso-cache/DefinitelyTyped/types/rollup-plugin-sourcemaps),TsIdentLibrarySimple(rollup-plugin-sourcemaps)),TsIdentModule(None,List(rollup-plugin-sourcemaps))) [id => rollup-plugin-sourcemaps, phase => typescript] 
[info ] InferredDefaultModule.scala:39 Inferred module TsIdentModule(None,List(rollup-plugin-sourcemaps)) [id => rollup-plugin-sourcemaps, phase => typescript] 
[warn ] Phase1ReadTypescript.scala:189 Processing TsIdentLibrarySimple(rollup-plugin-sourcemaps) [id => rollup-plugin-sourcemaps, phase => typescript] 
[debug] PhaseRunner.scala:84 Success [id => rollup-plugin-sourcemaps, phase => typescript] 
[warn ] Phase2ToScalaJs.scala:42 Processing rollup-plugin-sourcemaps [id => rollup-plugin-sourcemaps, phase => scala.js] 
[debug] PhaseRunner.scala:84 Success [id => rollup-plugin-sourcemaps, phase => scala.js] 
[warn ] Phase3CompileBloop.scala:245 Built rollup-plugin-sourcemaps in 409 ms [id => rollup-plugin-sourcemaps, phase => build] 
[info ] Phase3CompileBloop.scala:253 published local, [/home/tso/.ivy2/local/org.scalablytyped/rollup-plugin-sourcemaps_sjs0.6_2.12/0.4-dt-20190419Z-1b8b92/jars/rollup-plugin-sourcemaps_sjs0.6_2.12.jar, /home/tso/.ivy2/local/org.scalablytyped/rollup-plugin-sourcemaps_sjs0.6_2.12/0.4-dt-20190419Z-1b8b92/srcs/rollup-plugin-sourcemaps_sjs0.6_2.12-sources.jar, /home/tso/.ivy2/local/org.scalablytyped/rollup-plugin-sourcemaps_sjs0.6_2.12/0.4-dt-20190419Z-1b8b92/ivys/ivy.xml, /home/tso/.ivy2/local/org.scalablytyped/rollup-plugin-sourcemaps_sjs0.6_2.12/0.4-dt-20190419Z-1b8b92/poms/rollup-plugin-sourcemaps_sjs0.6_2.12.pom] [id => rollup-plugin-sourcemaps, phase => build] 
[debug] PhaseRunner.scala:84 Success [id => rollup-plugin-sourcemaps, phase => build] 
[warn ] PhaseRunner.scala:70 Failed because of, [rollup => java.util.concurrent.ExecutionException: dispatch.StatusCode: Unexpected response status: 405] [id => rollup-plugin-sourcemaps, phase => publish] 
[error] PhaseRunner.scala:88 Failure, [rollup => java.util.concurrent.ExecutionException: dispatch.StatusCode: Unexpected response status: 405] [id => rollup-plugin-sourcemaps, phase => publish] 
