[debug] PhaseRunner.scala:84 Success [id => rollup-plugin-commonjs, phase => typescript] 
[info ] Phase1ReadTypescript.scala:171 Preprocessing TsHelperFile(InFile(/home/tso/tmp/tso-cache/npm/node_modules/rollup-plugin-commonjs/index.d.ts),FromFolder(InFolder(/home/tso/tmp/tso-cache/npm/node_modules/rollup-plugin-commonjs),TsIdentLibrarySimple(rollup-plugin-commonjs)),TsIdentModule(None,List(rollup-plugin-commonjs))) [id => rollup-plugin-commonjs, phase => typescript] 
[info ] InferredDefaultModule.scala:39 Inferred module TsIdentModule(None,List(rollup-plugin-commonjs)) [id => rollup-plugin-commonjs, phase => typescript] 
[warn ] Phase1ReadTypescript.scala:189 Processing TsIdentLibrarySimple(rollup-plugin-commonjs) [id => rollup-plugin-commonjs, phase => typescript] 
[debug] PhaseRunner.scala:84 Success [id => rollup-plugin-commonjs, phase => typescript] 
[warn ] Phase2ToScalaJs.scala:42 Processing rollup-plugin-commonjs [id => rollup-plugin-commonjs, phase => scala.js] 
[debug] PhaseRunner.scala:84 Success [id => rollup-plugin-commonjs, phase => scala.js] 
[warn ] Phase3CompileBloop.scala:245 Built rollup-plugin-commonjs in 439 ms [id => rollup-plugin-commonjs, phase => build] 
[info ] Phase3CompileBloop.scala:253 published local, [/home/tso/.ivy2/local/org.scalablytyped/rollup-plugin-commonjs_sjs0.6_2.12/10.0.0-5f7d49/jars/rollup-plugin-commonjs_sjs0.6_2.12.jar, /home/tso/.ivy2/local/org.scalablytyped/rollup-plugin-commonjs_sjs0.6_2.12/10.0.0-5f7d49/srcs/rollup-plugin-commonjs_sjs0.6_2.12-sources.jar, /home/tso/.ivy2/local/org.scalablytyped/rollup-plugin-commonjs_sjs0.6_2.12/10.0.0-5f7d49/ivys/ivy.xml, /home/tso/.ivy2/local/org.scalablytyped/rollup-plugin-commonjs_sjs0.6_2.12/10.0.0-5f7d49/poms/rollup-plugin-commonjs_sjs0.6_2.12.pom] [id => rollup-plugin-commonjs, phase => build] 
[debug] PhaseRunner.scala:84 Success [id => rollup-plugin-commonjs, phase => build] 
[warn ] PhaseRunner.scala:70 Failed because of, [rollup => java.util.concurrent.ExecutionException: dispatch.StatusCode: Unexpected response status: 405] [id => rollup-plugin-commonjs, phase => publish] 
[error] PhaseRunner.scala:88 Failure, [rollup => java.util.concurrent.ExecutionException: dispatch.StatusCode: Unexpected response status: 405] [id => rollup-plugin-commonjs, phase => publish] 
