[debug] PhaseRunner.scala:84 Success [id => rollup-plugin-buble, phase => typescript] 
[info ] Phase1ReadTypescript.scala:171 Preprocessing TsHelperFile(InFile(/home/tso/tmp/tso-cache/DefinitelyTyped/types/rollup-plugin-buble/index.d.ts),FromFolder(InFolder(/home/tso/tmp/tso-cache/DefinitelyTyped/types/rollup-plugin-buble),TsIdentLibrarySimple(rollup-plugin-buble)),TsIdentModule(None,List(rollup-plugin-buble))) [id => rollup-plugin-buble, phase => typescript] 
[info ] InferredDefaultModule.scala:39 Inferred module TsIdentModule(None,List(rollup-plugin-buble)) [id => rollup-plugin-buble, phase => typescript] 
[warn ] Phase1ReadTypescript.scala:189 Processing TsIdentLibrarySimple(rollup-plugin-buble) [id => rollup-plugin-buble, phase => typescript] 
[debug] PhaseRunner.scala:84 Success [id => rollup-plugin-buble, phase => typescript] 
[warn ] Phase2ToScalaJs.scala:42 Processing rollup-plugin-buble [id => rollup-plugin-buble, phase => scala.js] 
[debug] PhaseRunner.scala:84 Success [id => rollup-plugin-buble, phase => scala.js] 
[warn ] Phase3CompileBloop.scala:245 Built rollup-plugin-buble in 477 ms [id => rollup-plugin-buble, phase => build] 
[info ] Phase3CompileBloop.scala:253 published local, [/home/tso/.ivy2/local/org.scalablytyped/rollup-plugin-buble_sjs0.6_2.12/0.19-dt-20190312Z-5c5a90/jars/rollup-plugin-buble_sjs0.6_2.12.jar, /home/tso/.ivy2/local/org.scalablytyped/rollup-plugin-buble_sjs0.6_2.12/0.19-dt-20190312Z-5c5a90/srcs/rollup-plugin-buble_sjs0.6_2.12-sources.jar, /home/tso/.ivy2/local/org.scalablytyped/rollup-plugin-buble_sjs0.6_2.12/0.19-dt-20190312Z-5c5a90/ivys/ivy.xml, /home/tso/.ivy2/local/org.scalablytyped/rollup-plugin-buble_sjs0.6_2.12/0.19-dt-20190312Z-5c5a90/poms/rollup-plugin-buble_sjs0.6_2.12.pom] [id => rollup-plugin-buble, phase => build] 
[debug] PhaseRunner.scala:84 Success [id => rollup-plugin-buble, phase => build] 
[warn ] PhaseRunner.scala:70 Failed because of, [rollup => java.util.concurrent.ExecutionException: dispatch.StatusCode: Unexpected response status: 405] [id => rollup-plugin-buble, phase => publish] 
[error] PhaseRunner.scala:88 Failure, [rollup => java.util.concurrent.ExecutionException: dispatch.StatusCode: Unexpected response status: 405] [id => rollup-plugin-buble, phase => publish] 
