[debug] PhaseRunner.scala:84 Success [id => rollup-plugin-node-resolve, phase => typescript] 
[info ] Phase1ReadTypescript.scala:171 Preprocessing TsHelperFile(InFile(/home/tso/tmp/tso-cache/npm/node_modules/rollup-plugin-node-resolve/index.d.ts),FromFolder(InFolder(/home/tso/tmp/tso-cache/npm/node_modules/rollup-plugin-node-resolve),TsIdentLibrarySimple(rollup-plugin-node-resolve)),TsIdentModule(None,List(rollup-plugin-node-resolve))) [id => rollup-plugin-node-resolve, phase => typescript] 
[info ] InferredDefaultModule.scala:39 Inferred module TsIdentModule(None,List(rollup-plugin-node-resolve)) [id => rollup-plugin-node-resolve, phase => typescript] 
[warn ] Phase1ReadTypescript.scala:189 Processing TsIdentLibrarySimple(rollup-plugin-node-resolve) [id => rollup-plugin-node-resolve, phase => typescript] 
[debug] PhaseRunner.scala:84 Success [id => rollup-plugin-node-resolve, phase => typescript] 
[warn ] Phase2ToScalaJs.scala:42 Processing rollup-plugin-node-resolve [id => rollup-plugin-node-resolve, phase => scala.js] 
[debug] PhaseRunner.scala:84 Success [id => rollup-plugin-node-resolve, phase => scala.js] 
[warn ] Phase3CompileBloop.scala:245 Built rollup-plugin-node-resolve in 510 ms [id => rollup-plugin-node-resolve, phase => build] 
[info ] Phase3CompileBloop.scala:253 published local, [/home/tso/.ivy2/local/org.scalablytyped/rollup-plugin-node-resolve_sjs0.6_2.12/5.0.1-0e9b4d/jars/rollup-plugin-node-resolve_sjs0.6_2.12.jar, /home/tso/.ivy2/local/org.scalablytyped/rollup-plugin-node-resolve_sjs0.6_2.12/5.0.1-0e9b4d/srcs/rollup-plugin-node-resolve_sjs0.6_2.12-sources.jar, /home/tso/.ivy2/local/org.scalablytyped/rollup-plugin-node-resolve_sjs0.6_2.12/5.0.1-0e9b4d/ivys/ivy.xml, /home/tso/.ivy2/local/org.scalablytyped/rollup-plugin-node-resolve_sjs0.6_2.12/5.0.1-0e9b4d/poms/rollup-plugin-node-resolve_sjs0.6_2.12.pom] [id => rollup-plugin-node-resolve, phase => build] 
[debug] PhaseRunner.scala:84 Success [id => rollup-plugin-node-resolve, phase => build] 
[warn ] PhaseRunner.scala:70 Failed because of, [rollup => java.util.concurrent.ExecutionException: dispatch.StatusCode: Unexpected response status: 405] [id => rollup-plugin-node-resolve, phase => publish] 
[error] PhaseRunner.scala:88 Failure, [rollup => java.util.concurrent.ExecutionException: dispatch.StatusCode: Unexpected response status: 405] [id => rollup-plugin-node-resolve, phase => publish] 
