[debug] PhaseRunner.scala:84 Success [id => sass-webpack-plugin, phase => typescript] 
[info ] Phase1ReadTypescript.scala:171 Preprocessing TsHelperFile(InFile(/home/tso/tmp/tso-cache/DefinitelyTyped/types/sass-webpack-plugin/index.d.ts),FromFolder(InFolder(/home/tso/tmp/tso-cache/DefinitelyTyped/types/sass-webpack-plugin),TsIdentLibrarySimple(sass-webpack-plugin)),TsIdentModule(None,List(sass-webpack-plugin))) [id => sass-webpack-plugin, phase => typescript] 
[info ] InferredDefaultModule.scala:39 Inferred module TsIdentModule(None,List(sass-webpack-plugin)) [id => sass-webpack-plugin, phase => typescript] 
[warn ] Phase1ReadTypescript.scala:189 Processing TsIdentLibrarySimple(sass-webpack-plugin) [id => sass-webpack-plugin, phase => typescript] 
[info ] PreferTypeAlias.scala:55 Simplified to type alias [id => sass-webpack-plugin, phase => typescript, scope => TreeScope(TsParsedFile() / TsDeclModule(sass-webpack-plugin) / TsDeclInterface(SassPlugin))] 
[debug] PhaseRunner.scala:84 Success [id => sass-webpack-plugin, phase => typescript] 
[warn ] Phase2ToScalaJs.scala:42 Processing sass-webpack-plugin [id => sass-webpack-plugin, phase => scala.js] 
[debug] PhaseRunner.scala:84 Success [id => sass-webpack-plugin, phase => scala.js] 
[warn ] Phase3CompileBloop.scala:245 Built sass-webpack-plugin in 497 ms [id => sass-webpack-plugin, phase => build] 
[info ] Phase3CompileBloop.scala:253 published local, [/home/tso/.ivy2/local/org.scalablytyped/sass-webpack-plugin_sjs0.6_2.12/1.0-dt-20190213Z-a0c04c/jars/sass-webpack-plugin_sjs0.6_2.12.jar, /home/tso/.ivy2/local/org.scalablytyped/sass-webpack-plugin_sjs0.6_2.12/1.0-dt-20190213Z-a0c04c/srcs/sass-webpack-plugin_sjs0.6_2.12-sources.jar, /home/tso/.ivy2/local/org.scalablytyped/sass-webpack-plugin_sjs0.6_2.12/1.0-dt-20190213Z-a0c04c/ivys/ivy.xml, /home/tso/.ivy2/local/org.scalablytyped/sass-webpack-plugin_sjs0.6_2.12/1.0-dt-20190213Z-a0c04c/poms/sass-webpack-plugin_sjs0.6_2.12.pom] [id => sass-webpack-plugin, phase => build] 
[debug] PhaseRunner.scala:84 Success [id => sass-webpack-plugin, phase => build] 
[warn ] PhaseRunner.scala:70 Failed because of, [webpack => java.util.concurrent.ExecutionException: dispatch.StatusCode: Unexpected response status: 405] [id => sass-webpack-plugin, phase => publish] 
[error] PhaseRunner.scala:88 Failure, [webpack => java.util.concurrent.ExecutionException: dispatch.StatusCode: Unexpected response status: 405] [id => sass-webpack-plugin, phase => publish] 
