[debug] PhaseRunner.scala:84 Success [id => script-ext-html-webpack-plugin, phase => typescript] 
[info ] Phase1ReadTypescript.scala:171 Preprocessing TsHelperFile(InFile(/home/tso/tmp/tso-cache/DefinitelyTyped/types/script-ext-html-webpack-plugin/index.d.ts),FromFolder(InFolder(/home/tso/tmp/tso-cache/DefinitelyTyped/types/script-ext-html-webpack-plugin),TsIdentLibrarySimple(script-ext-html-webpack-plugin)),TsIdentModule(None,List(script-ext-html-webpack-plugin))) [id => script-ext-html-webpack-plugin, phase => typescript] 
[info ] InferredDefaultModule.scala:39 Inferred module TsIdentModule(None,List(script-ext-html-webpack-plugin)) [id => script-ext-html-webpack-plugin, phase => typescript] 
[warn ] Phase1ReadTypescript.scala:189 Processing TsIdentLibrarySimple(script-ext-html-webpack-plugin) [id => script-ext-html-webpack-plugin, phase => typescript] 
[info ] PreferTypeAlias.scala:55 Simplified to type alias [id => script-ext-html-webpack-plugin, phase => typescript, scope => TreeScope(TsParsedFile() / TsDeclModule(script-ext-html-webpack-plugin) / TsDeclInterface(ScriptExtHtmlWebpackPlugin))] 
[info ] ExtractInterfaces.scala:41 Extracted anonymous interface TsIdentSimple(Anon_All) [id => script-ext-html-webpack-plugin, phase => typescript, scope => TreeScope(TsParsedFile() / TsDeclModule(script-ext-html-webpack-plugin) / TsDeclTypeAlias(ScriptMatchingPatternPre) / TsTypeIntersect() / TsTypeObject())] 
[debug] PhaseRunner.scala:84 Success [id => script-ext-html-webpack-plugin, phase => typescript] 
[warn ] Phase2ToScalaJs.scala:42 Processing script-ext-html-webpack-plugin [id => script-ext-html-webpack-plugin, phase => scala.js] 
[debug] PhaseRunner.scala:84 Success [id => script-ext-html-webpack-plugin, phase => scala.js] 
[warn ] Phase3CompileBloop.scala:245 Built script-ext-html-webpack-plugin in 406 ms [id => script-ext-html-webpack-plugin, phase => build] 
[info ] Phase3CompileBloop.scala:253 published local, [/home/tso/.ivy2/local/org.scalablytyped/script-ext-html-webpack-plugin_sjs0.6_2.12/2.1-dt-20190127Z-8432af/jars/script-ext-html-webpack-plugin_sjs0.6_2.12.jar, /home/tso/.ivy2/local/org.scalablytyped/script-ext-html-webpack-plugin_sjs0.6_2.12/2.1-dt-20190127Z-8432af/srcs/script-ext-html-webpack-plugin_sjs0.6_2.12-sources.jar, /home/tso/.ivy2/local/org.scalablytyped/script-ext-html-webpack-plugin_sjs0.6_2.12/2.1-dt-20190127Z-8432af/ivys/ivy.xml, /home/tso/.ivy2/local/org.scalablytyped/script-ext-html-webpack-plugin_sjs0.6_2.12/2.1-dt-20190127Z-8432af/poms/script-ext-html-webpack-plugin_sjs0.6_2.12.pom] [id => script-ext-html-webpack-plugin, phase => build] 
[debug] PhaseRunner.scala:84 Success [id => script-ext-html-webpack-plugin, phase => build] 
[warn ] PhaseRunner.scala:70 Failed because of, [webpack => java.util.concurrent.ExecutionException: dispatch.StatusCode: Unexpected response status: 405] [id => script-ext-html-webpack-plugin, phase => publish] 
[error] PhaseRunner.scala:88 Failure, [webpack => java.util.concurrent.ExecutionException: dispatch.StatusCode: Unexpected response status: 405] [id => script-ext-html-webpack-plugin, phase => publish] 
