[debug] PhaseRunner.scala:78 Success [id => session-file-store, phase => typescript] 
[info ] Phase1ReadTypescript.scala:152 Preprocessing TsHelperFile(InFile(/home/tso/tmp/tso-cache/DefinitelyTyped/types/session-file-store/index.d.ts),FromFolder(InFolder(/home/tso/tmp/tso-cache/DefinitelyTyped/types/session-file-store),TsIdentLibrarySimple(session-file-store)),TsIdentModule(None,List(session-file-store))) [id => session-file-store, phase => typescript] 
[info ] InferredDefaultModule.scala:39 Inferred module TsIdentModule(None,List(session-file-store)) [id => session-file-store, phase => typescript] 
[warn ] Phase1ReadTypescript.scala:190 Processing TsIdentLibrarySimple(session-file-store) [id => session-file-store, phase => typescript] 
[debug] PhaseRunner.scala:78 Success [id => session-file-store, phase => typescript] 
[warn ] Phase2ToScalaJs.scala:34 Processing TsIdentLibrarySimple(session-file-store) [id => session-file-store, phase => scala.js] 
[debug] PhaseRunner.scala:78 Success [id => session-file-store, phase => scala.js] 
[warn ] Phase3CompileBloop.scala:211 Built session-file-store in 955 ms [id => session-file-store, phase => build] 
[info ] Phase3CompileBloop.scala:221 published local, [/home/tso/.ivy2/local/com.scalablytyped/session-file-store_sjs0.6_2.12/1.2-dt-20180910Z-f97e90/jars/session-file-store_sjs0.6_2.12.jar, /home/tso/.ivy2/local/com.scalablytyped/session-file-store_sjs0.6_2.12/1.2-dt-20180910Z-f97e90/srcs/session-file-store_sjs0.6_2.12-sources.jar, /home/tso/.ivy2/local/com.scalablytyped/session-file-store_sjs0.6_2.12/1.2-dt-20180910Z-f97e90/ivys/ivy.xml, /home/tso/.ivy2/local/com.scalablytyped/session-file-store_sjs0.6_2.12/1.2-dt-20180910Z-f97e90/poms/session-file-store_sjs0.6_2.12.pom] [id => session-file-store, phase => build] 
[debug] PhaseRunner.scala:78 Success [id => session-file-store, phase => build] 
[warn ] PhaseRunner.scala:64 Failed because of, [express-session => java.lang.RuntimeException: was not able to find or create version 1.15-dt-20180910Z-3be5b8 for oyvindberg in ScalablyTyped for package express-session] [id => session-file-store, phase => publish] 
[debug] PhaseRunner.scala:82 Failure, [express-session => java.lang.RuntimeException: was not able to find or create version 1.15-dt-20180910Z-3be5b8 for oyvindberg in ScalablyTyped for package express-session] [id => session-file-store, phase => publish] 
