[info ] InferredDependency.scala:20 Inferred dependencies Set(TsIdentLibrarySimple(node)) for TsIdentLibrarySimple(socket.io.users) [id => socket.io.users, phase => typescript, file => ../types/socket.io.users/index.d.ts] 
[debug] PhaseRunner.scala:78 Success [id => socket.io.users, phase => typescript] 
[info ] Phase1ReadTypescript.scala:152 Preprocessing TsHelperFile(InFile(/home/tso/tmp/tso-cache/DefinitelyTyped/types/socket.io.users/index.d.ts),FromFolder(InFolder(/home/tso/tmp/tso-cache/DefinitelyTyped/types/socket.io.users),TsIdentLibrarySimple(socket.io.users)),TsIdentModule(None,List(socket.io.users))) [id => socket.io.users, phase => typescript] 
[info ] InferredDefaultModule.scala:39 Inferred module TsIdentModule(None,List(socket.io.users)) [id => socket.io.users, phase => typescript] 
[warn ] Phase1ReadTypescript.scala:190 Processing TsIdentLibrarySimple(socket.io.users) [id => socket.io.users, phase => typescript] 
[warn ] QualifyReferences.scala:47 Couldn't qualify TsTypeRef(TsQIdent(List(TsIdentSimple(Users))),List()), defaulting to any [id => socket.io.users, phase => typescript, scope => TreeScope(TsParsedFile() / TsDeclTypeAlias(SocketUserList) / TsTypeObject() / TsMemberIndex() / TsTypeRef())] 
[debug] PhaseRunner.scala:78 Success [id => socket.io.users, phase => typescript] 
[warn ] Phase2ToScalaJs.scala:34 Processing TsIdentLibrarySimple(socket.io.users) [id => socket.io.users, phase => scala.js] 
[debug] PhaseRunner.scala:78 Success [id => socket.io.users, phase => scala.js] 
[warn ] Phase3CompileBloop.scala:211 Built socket_dot_io_dot_users in 1625 ms [id => socket.io.users, phase => build] 
[info ] Phase3CompileBloop.scala:221 published local, [/home/tso/.ivy2/local/com.scalablytyped/socket_dot_io_dot_users_sjs0.6_2.12/0.0-unknown-dt-20180910Z-ea4961/jars/socket_dot_io_dot_users_sjs0.6_2.12.jar, /home/tso/.ivy2/local/com.scalablytyped/socket_dot_io_dot_users_sjs0.6_2.12/0.0-unknown-dt-20180910Z-ea4961/srcs/socket_dot_io_dot_users_sjs0.6_2.12-sources.jar, /home/tso/.ivy2/local/com.scalablytyped/socket_dot_io_dot_users_sjs0.6_2.12/0.0-unknown-dt-20180910Z-ea4961/ivys/ivy.xml, /home/tso/.ivy2/local/com.scalablytyped/socket_dot_io_dot_users_sjs0.6_2.12/0.0-unknown-dt-20180910Z-ea4961/poms/socket_dot_io_dot_users_sjs0.6_2.12.pom] [id => socket.io.users, phase => build] 
[debug] PhaseRunner.scala:78 Success [id => socket.io.users, phase => build] 
[warn ] PhaseRunner.scala:64 Failed because of, [express-session => java.lang.RuntimeException: was not able to find or create version 1.15-dt-20180910Z-3be5b8 for oyvindberg in ScalablyTyped for package express-session] [id => socket.io.users, phase => publish] 
[debug] PhaseRunner.scala:82 Failure, [express-session => java.lang.RuntimeException: was not able to find or create version 1.15-dt-20180910Z-3be5b8 for oyvindberg in ScalablyTyped for package express-session] [id => socket.io.users, phase => publish] 
