[debug] PhaseRunner.scala:84 Success [id => string-replace-webpack-plugin, phase => typescript] 
[info ] Phase1ReadTypescript.scala:171 Preprocessing TsHelperFile(InFile(/home/tso/tmp/tso-cache/DefinitelyTyped/types/string-replace-webpack-plugin/index.d.ts),FromFolder(InFolder(/home/tso/tmp/tso-cache/DefinitelyTyped/types/string-replace-webpack-plugin),TsIdentLibrarySimple(string-replace-webpack-plugin)),TsIdentModule(None,List(string-replace-webpack-plugin))) [id => string-replace-webpack-plugin, phase => typescript] 
[info ] InferredDefaultModule.scala:39 Inferred module TsIdentModule(None,List(string-replace-webpack-plugin)) [id => string-replace-webpack-plugin, phase => typescript] 
[warn ] Phase1ReadTypescript.scala:189 Processing TsIdentLibrarySimple(string-replace-webpack-plugin) [id => string-replace-webpack-plugin, phase => typescript] 
[info ] PreferTypeAlias.scala:55 Simplified to type alias [id => string-replace-webpack-plugin, phase => typescript, scope => TreeScope(TsParsedFile() / TsDeclModule(string-replace-webpack-plugin) / TsDeclInterface(StringReplacePlugin))] 
[debug] PhaseRunner.scala:84 Success [id => string-replace-webpack-plugin, phase => typescript] 
[warn ] Phase2ToScalaJs.scala:42 Processing string-replace-webpack-plugin [id => string-replace-webpack-plugin, phase => scala.js] 
[debug] PhaseRunner.scala:84 Success [id => string-replace-webpack-plugin, phase => scala.js] 
[warn ] Phase3CompileBloop.scala:245 Built string-replace-webpack-plugin in 513 ms [id => string-replace-webpack-plugin, phase => build] 
[info ] Phase3CompileBloop.scala:253 published local, [/home/tso/.ivy2/local/org.scalablytyped/string-replace-webpack-plugin_sjs0.6_2.12/0.1-dt-20190212Z-b60167/jars/string-replace-webpack-plugin_sjs0.6_2.12.jar, /home/tso/.ivy2/local/org.scalablytyped/string-replace-webpack-plugin_sjs0.6_2.12/0.1-dt-20190212Z-b60167/srcs/string-replace-webpack-plugin_sjs0.6_2.12-sources.jar, /home/tso/.ivy2/local/org.scalablytyped/string-replace-webpack-plugin_sjs0.6_2.12/0.1-dt-20190212Z-b60167/ivys/ivy.xml, /home/tso/.ivy2/local/org.scalablytyped/string-replace-webpack-plugin_sjs0.6_2.12/0.1-dt-20190212Z-b60167/poms/string-replace-webpack-plugin_sjs0.6_2.12.pom] [id => string-replace-webpack-plugin, phase => build] 
[debug] PhaseRunner.scala:84 Success [id => string-replace-webpack-plugin, phase => build] 
[warn ] PhaseRunner.scala:70 Failed because of, [webpack => java.util.concurrent.ExecutionException: dispatch.StatusCode: Unexpected response status: 405] [id => string-replace-webpack-plugin, phase => publish] 
[error] PhaseRunner.scala:88 Failure, [webpack => java.util.concurrent.ExecutionException: dispatch.StatusCode: Unexpected response status: 405] [id => string-replace-webpack-plugin, phase => publish] 
