[debug] PhaseRunner.scala:78 Success [id => sugar, phase => typescript] 
[info ] Phase1ReadTypescript.scala:152 Preprocessing TsHelperFile(InFile(/home/tso/tmp/tso-cache/npm/node_modules/sugar/sugar.d.ts),FromFolder(InFolder(/home/tso/tmp/tso-cache/npm/node_modules/sugar),TsIdentLibrarySimple(sugar)),TsIdentModule(None,List(sugar))) [id => sugar, phase => typescript] 
[warn ] Phase1ReadTypescript.scala:190 Processing TsIdentLibrarySimple(sugar) [id => sugar, phase => typescript] 
[info ] ExpandCallables.scala:57 Expanded Array into 1 methods [id => sugar, phase => typescript, scope => TreeScope(TsParsedFile() / TsDeclNamespace(sugarjs) / TsDeclInterface(Sugar))] 
[info ] ExpandCallables.scala:57 Expanded Date into 1 methods [id => sugar, phase => typescript, scope => TreeScope(TsParsedFile() / TsDeclNamespace(sugarjs) / TsDeclInterface(Sugar))] 
[info ] ExpandCallables.scala:57 Expanded Function into 1 methods [id => sugar, phase => typescript, scope => TreeScope(TsParsedFile() / TsDeclNamespace(sugarjs) / TsDeclInterface(Sugar))] 
[info ] ExpandCallables.scala:57 Expanded Number into 1 methods [id => sugar, phase => typescript, scope => TreeScope(TsParsedFile() / TsDeclNamespace(sugarjs) / TsDeclInterface(Sugar))] 
[info ] ExpandCallables.scala:57 Expanded Object into 1 methods [id => sugar, phase => typescript, scope => TreeScope(TsParsedFile() / TsDeclNamespace(sugarjs) / TsDeclInterface(Sugar))] 
[info ] ExpandCallables.scala:57 Expanded RegExp into 1 methods [id => sugar, phase => typescript, scope => TreeScope(TsParsedFile() / TsDeclNamespace(sugarjs) / TsDeclInterface(Sugar))] 
[info ] ExpandCallables.scala:57 Expanded String into 1 methods [id => sugar, phase => typescript, scope => TreeScope(TsParsedFile() / TsDeclNamespace(sugarjs) / TsDeclInterface(Sugar))] 
[debug] PhaseRunner.scala:78 Success [id => sugar, phase => typescript] 
[warn ] Phase2ToScalaJs.scala:34 Processing TsIdentLibrarySimple(sugar) [id => sugar, phase => scala.js] 
[debug] PhaseRunner.scala:78 Success [id => sugar, phase => scala.js] 
[warn ] Phase3CompileBloop.scala:211 Built sugar in 1635 ms [id => sugar, phase => build] 
[info ] Phase3CompileBloop.scala:221 published local, [/home/tso/.ivy2/local/com.scalablytyped/sugar_sjs0.6_2.12/2.0.4-b1a027/jars/sugar_sjs0.6_2.12.jar, /home/tso/.ivy2/local/com.scalablytyped/sugar_sjs0.6_2.12/2.0.4-b1a027/srcs/sugar_sjs0.6_2.12-sources.jar, /home/tso/.ivy2/local/com.scalablytyped/sugar_sjs0.6_2.12/2.0.4-b1a027/ivys/ivy.xml, /home/tso/.ivy2/local/com.scalablytyped/sugar_sjs0.6_2.12/2.0.4-b1a027/poms/sugar_sjs0.6_2.12.pom] [id => sugar, phase => build] 
[debug] PhaseRunner.scala:78 Success [id => sugar, phase => build] 
[error] PhaseRes.scala:75 Caught exception [id => sugar, phase => publish] java.lang.RuntimeException: was not able to find or create a package for oyvindberg in ScalablyTyped named sugar
	at scala.sys.package$.error(package.scala:26)
	at com.olvind.tso.importer.build.BinTrayPublisher.$anonfun$ensurePackage$2(BinTrayPublisher.scala:49)
	at com.olvind.tso.importer.build.BinTrayPublisher.$anonfun$ensurePackage$2$adapted(BinTrayPublisher.scala:46)
	at scala.util.Success.$anonfun$map$1(Try.scala:251)
	at scala.util.Success.map(Try.scala:209)
	at scala.concurrent.Future.$anonfun$map$1(Future.scala:288)
	at scala.concurrent.impl.Promise.liftedTree1$1(Promise.scala:29)
	at scala.concurrent.impl.Promise.$anonfun$transform$1(Promise.scala:29)
	at scala.concurrent.impl.CallbackRunnable.run(Promise.scala:60)
	at java.util.concurrent.ForkJoinTask$RunnableExecuteAction.exec(ForkJoinTask.java:1402)
	at java.util.concurrent.ForkJoinTask.doExec(ForkJoinTask.java:289)
	at java.util.concurrent.ForkJoinPool$WorkQueue.runTask(ForkJoinPool.java:1056)
	at java.util.concurrent.ForkJoinPool.runWorker(ForkJoinPool.java:1692)
	at java.util.concurrent.ForkJoinWorkerThread.run(ForkJoinWorkerThread.java:157)

[debug] PhaseRunner.scala:82 Failure, [sugar => java.lang.RuntimeException: was not able to find or create a package for oyvindberg in ScalablyTyped named sugar] [id => sugar, phase => publish] 
