[debug] PhaseRunner.scala:84 Success [id => terser-webpack-plugin, phase => typescript] 
[info ] Phase1ReadTypescript.scala:171 Preprocessing TsHelperFile(InFile(/home/tso/tmp/tso-cache/DefinitelyTyped/types/terser-webpack-plugin/index.d.ts),FromFolder(InFolder(/home/tso/tmp/tso-cache/DefinitelyTyped/types/terser-webpack-plugin),TsIdentLibrarySimple(terser-webpack-plugin)),TsIdentModule(None,List(terser-webpack-plugin))) [id => terser-webpack-plugin, phase => typescript] 
[info ] InferredDefaultModule.scala:39 Inferred module TsIdentModule(None,List(terser-webpack-plugin)) [id => terser-webpack-plugin, phase => typescript] 
[warn ] Phase1ReadTypescript.scala:189 Processing TsIdentLibrarySimple(terser-webpack-plugin) [id => terser-webpack-plugin, phase => typescript] 
[info ] PreferTypeAlias.scala:55 Simplified to type alias [id => terser-webpack-plugin, phase => typescript, scope => TreeScope(TsParsedFile() / TsDeclModule(terser-webpack-plugin) / TsDeclInterface(TerserPlugin))] 
[debug] PhaseRunner.scala:84 Success [id => terser-webpack-plugin, phase => typescript] 
[warn ] Phase2ToScalaJs.scala:42 Processing terser-webpack-plugin [id => terser-webpack-plugin, phase => scala.js] 
[debug] PhaseRunner.scala:84 Success [id => terser-webpack-plugin, phase => scala.js] 
[warn ] Phase3CompileBloop.scala:245 Built terser-webpack-plugin in 456 ms [id => terser-webpack-plugin, phase => build] 
[info ] Phase3CompileBloop.scala:253 published local, [/home/tso/.ivy2/local/org.scalablytyped/terser-webpack-plugin_sjs0.6_2.12/1.2-dt-20190214Z-67a0df/jars/terser-webpack-plugin_sjs0.6_2.12.jar, /home/tso/.ivy2/local/org.scalablytyped/terser-webpack-plugin_sjs0.6_2.12/1.2-dt-20190214Z-67a0df/srcs/terser-webpack-plugin_sjs0.6_2.12-sources.jar, /home/tso/.ivy2/local/org.scalablytyped/terser-webpack-plugin_sjs0.6_2.12/1.2-dt-20190214Z-67a0df/ivys/ivy.xml, /home/tso/.ivy2/local/org.scalablytyped/terser-webpack-plugin_sjs0.6_2.12/1.2-dt-20190214Z-67a0df/poms/terser-webpack-plugin_sjs0.6_2.12.pom] [id => terser-webpack-plugin, phase => build] 
[debug] PhaseRunner.scala:84 Success [id => terser-webpack-plugin, phase => build] 
[warn ] PhaseRunner.scala:70 Failed because of, [webpack => java.util.concurrent.ExecutionException: dispatch.StatusCode: Unexpected response status: 405] [id => terser-webpack-plugin, phase => publish] 
[error] PhaseRunner.scala:88 Failure, [webpack => java.util.concurrent.ExecutionException: dispatch.StatusCode: Unexpected response status: 405] [id => terser-webpack-plugin, phase => publish] 
