[debug] PhaseRunner.scala:78 Success [id => tspromise, phase => typescript] 
[info ] Phase1ReadTypescript.scala:152 Preprocessing TsHelperFile(InFile(/home/tso/tmp/tso-cache/DefinitelyTyped/types/tspromise/index.d.ts),FromFolder(InFolder(/home/tso/tmp/tso-cache/DefinitelyTyped/types/tspromise),TsIdentLibrarySimple(tspromise)),TsIdentModule(None,List(tspromise))) [id => tspromise, phase => typescript] 
[warn ] Phase1ReadTypescript.scala:190 Processing TsIdentLibrarySimple(tspromise) [id => tspromise, phase => typescript] 
[info ] PreferTypeAlias.scala:118 Simplified to function type alias [id => tspromise, phase => typescript, scope => TreeScope(TsParsedFile() / TsDeclInterface(NodeCallback))] 
[info ] PreferTypeAlias.scala:112 Simplified to type alias [id => tspromise, phase => typescript, scope => TreeScope(TsParsedFile() / TsDeclModule(tspromise) / TsDeclInterface(Promise))] 
[debug] PhaseRunner.scala:78 Success [id => tspromise, phase => typescript] 
[warn ] Phase2ToScalaJs.scala:34 Processing TsIdentLibrarySimple(tspromise) [id => tspromise, phase => scala.js] 
[debug] PhaseRunner.scala:78 Success [id => tspromise, phase => scala.js] 
[warn ] Phase3CompileBloop.scala:211 Built tspromise in 1767 ms [id => tspromise, phase => build] 
[info ] Phase3CompileBloop.scala:221 published local, [/home/tso/.ivy2/local/com.scalablytyped/tspromise_sjs0.6_2.12/0.0.4-dt-20180910Z-1f60ed/jars/tspromise_sjs0.6_2.12.jar, /home/tso/.ivy2/local/com.scalablytyped/tspromise_sjs0.6_2.12/0.0.4-dt-20180910Z-1f60ed/srcs/tspromise_sjs0.6_2.12-sources.jar, /home/tso/.ivy2/local/com.scalablytyped/tspromise_sjs0.6_2.12/0.0.4-dt-20180910Z-1f60ed/ivys/ivy.xml, /home/tso/.ivy2/local/com.scalablytyped/tspromise_sjs0.6_2.12/0.0.4-dt-20180910Z-1f60ed/poms/tspromise_sjs0.6_2.12.pom] [id => tspromise, phase => build] 
[debug] PhaseRunner.scala:78 Success [id => tspromise, phase => build] 
[error] PhaseRes.scala:75 Caught exception [id => tspromise, phase => publish] java.lang.RuntimeException: was not able to find or create a package for oyvindberg in ScalablyTyped named tspromise
	at scala.sys.package$.error(package.scala:26)
	at com.olvind.tso.importer.build.BinTrayPublisher.$anonfun$ensurePackage$2(BinTrayPublisher.scala:49)
	at com.olvind.tso.importer.build.BinTrayPublisher.$anonfun$ensurePackage$2$adapted(BinTrayPublisher.scala:46)
	at scala.util.Success.$anonfun$map$1(Try.scala:251)
	at scala.util.Success.map(Try.scala:209)
	at scala.concurrent.Future.$anonfun$map$1(Future.scala:288)
	at scala.concurrent.impl.Promise.liftedTree1$1(Promise.scala:29)
	at scala.concurrent.impl.Promise.$anonfun$transform$1(Promise.scala:29)
	at scala.concurrent.impl.CallbackRunnable.run(Promise.scala:60)
	at java.util.concurrent.ForkJoinTask$RunnableExecuteAction.exec(ForkJoinTask.java:1402)
	at java.util.concurrent.ForkJoinTask.doExec(ForkJoinTask.java:289)
	at java.util.concurrent.ForkJoinPool$WorkQueue.runTask(ForkJoinPool.java:1056)
	at java.util.concurrent.ForkJoinPool.runWorker(ForkJoinPool.java:1692)
	at java.util.concurrent.ForkJoinWorkerThread.run(ForkJoinWorkerThread.java:157)

[debug] PhaseRunner.scala:82 Failure, [tspromise => java.lang.RuntimeException: was not able to find or create a package for oyvindberg in ScalablyTyped named tspromise] [id => tspromise, phase => publish] 
