[info ] InferredDependency.scala:22 Inferred dependencies Set(TsIdentLibrarySimple(node)) for TsIdentLibrarySimple(umzug) [id => umzug, phase => typescript, file => ../types/umzug/index.d.ts] 
[debug] PhaseRunner.scala:84 Success [id => umzug, phase => typescript] 
[info ] Phase1ReadTypescript.scala:171 Preprocessing TsHelperFile(InFile(/home/tso/tmp/tso-cache/DefinitelyTyped/types/umzug/index.d.ts),FromFolder(InFolder(/home/tso/tmp/tso-cache/DefinitelyTyped/types/umzug),TsIdentLibrarySimple(umzug)),TsIdentModule(None,List(umzug))) [id => umzug, phase => typescript] 
[info ] InferredDefaultModule.scala:39 Inferred module TsIdentModule(None,List(umzug)) [id => umzug, phase => typescript] 
[warn ] Phase1ReadTypescript.scala:189 Processing TsIdentLibrarySimple(umzug) [id => umzug, phase => typescript] 
[info ] ExtractInterfaces.scala:41 Extracted anonymous interface TsIdentSimple(Anon_Down) [id => umzug, phase => typescript, scope => TreeScope(TsParsedFile() / TsDeclModule(umzug) / TsDeclInterface(MigrationOptions) / TsMemberProperty(customResolver) / TsTypeFunction() / TsFunSig() / TsTypeObject())] 
[debug] PhaseRunner.scala:84 Success [id => umzug, phase => typescript] 
[warn ] Phase2ToScalaJs.scala:42 Processing umzug [id => umzug, phase => scala.js] 
[debug] PhaseRunner.scala:84 Success [id => umzug, phase => scala.js] 
[warn ] Phase3CompileBloop.scala:245 Built umzug in 630 ms [id => umzug, phase => build] 
[info ] Phase3CompileBloop.scala:253 published local, [/home/tso/.ivy2/local/org.scalablytyped/umzug_sjs0.6_2.12/v2.2.0-dt-20190524Z-286ac4/jars/umzug_sjs0.6_2.12.jar, /home/tso/.ivy2/local/org.scalablytyped/umzug_sjs0.6_2.12/v2.2.0-dt-20190524Z-286ac4/srcs/umzug_sjs0.6_2.12-sources.jar, /home/tso/.ivy2/local/org.scalablytyped/umzug_sjs0.6_2.12/v2.2.0-dt-20190524Z-286ac4/ivys/ivy.xml, /home/tso/.ivy2/local/org.scalablytyped/umzug_sjs0.6_2.12/v2.2.0-dt-20190524Z-286ac4/poms/umzug_sjs0.6_2.12.pom] [id => umzug, phase => build] 
[debug] PhaseRunner.scala:84 Success [id => umzug, phase => build] 
[warn ] PhaseRunner.scala:70 Failed because of, [lodash => java.util.concurrent.ExecutionException: dispatch.StatusCode: Unexpected response status: 405] [id => umzug, phase => publish] 
[error] PhaseRunner.scala:88 Failure, [lodash => java.util.concurrent.ExecutionException: dispatch.StatusCode: Unexpected response status: 405] [id => umzug, phase => publish] 
