[debug] PhaseRunner.scala:84 Success [id => webpack-fail-plugin, phase => typescript] 
[info ] Phase1ReadTypescript.scala:171 Preprocessing TsHelperFile(InFile(/home/tso/tmp/tso-cache/DefinitelyTyped/types/webpack-fail-plugin/index.d.ts),FromFolder(InFolder(/home/tso/tmp/tso-cache/DefinitelyTyped/types/webpack-fail-plugin),TsIdentLibrarySimple(webpack-fail-plugin)),TsIdentModule(None,List(webpack-fail-plugin))) [id => webpack-fail-plugin, phase => typescript] 
[warn ] Phase1ReadTypescript.scala:189 Processing TsIdentLibrarySimple(webpack-fail-plugin) [id => webpack-fail-plugin, phase => typescript] 
[debug] PhaseRunner.scala:84 Success [id => webpack-fail-plugin, phase => typescript] 
[warn ] Phase2ToScalaJs.scala:42 Processing webpack-fail-plugin [id => webpack-fail-plugin, phase => scala.js] 
[debug] PhaseRunner.scala:84 Success [id => webpack-fail-plugin, phase => scala.js] 
[warn ] Phase3CompileBloop.scala:245 Built webpack-fail-plugin in 304 ms [id => webpack-fail-plugin, phase => build] 
[info ] Phase3CompileBloop.scala:253 published local, [/home/tso/.ivy2/local/org.scalablytyped/webpack-fail-plugin_sjs0.6_2.12/v1.0.5-dt-20190322Z-02415c/jars/webpack-fail-plugin_sjs0.6_2.12.jar, /home/tso/.ivy2/local/org.scalablytyped/webpack-fail-plugin_sjs0.6_2.12/v1.0.5-dt-20190322Z-02415c/srcs/webpack-fail-plugin_sjs0.6_2.12-sources.jar, /home/tso/.ivy2/local/org.scalablytyped/webpack-fail-plugin_sjs0.6_2.12/v1.0.5-dt-20190322Z-02415c/ivys/ivy.xml, /home/tso/.ivy2/local/org.scalablytyped/webpack-fail-plugin_sjs0.6_2.12/v1.0.5-dt-20190322Z-02415c/poms/webpack-fail-plugin_sjs0.6_2.12.pom] [id => webpack-fail-plugin, phase => build] 
[debug] PhaseRunner.scala:84 Success [id => webpack-fail-plugin, phase => build] 
[warn ] PhaseRunner.scala:70 Failed because of, [webpack => java.util.concurrent.ExecutionException: dispatch.StatusCode: Unexpected response status: 405] [id => webpack-fail-plugin, phase => publish] 
[error] PhaseRunner.scala:88 Failure, [webpack => java.util.concurrent.ExecutionException: dispatch.StatusCode: Unexpected response status: 405] [id => webpack-fail-plugin, phase => publish] 
