[debug] PhaseRunner.scala:84 Success [id => webpack-merge, phase => typescript] 
[info ] Phase1ReadTypescript.scala:171 Preprocessing TsHelperFile(InFile(/home/tso/tmp/tso-cache/DefinitelyTyped/types/webpack-merge/index.d.ts),FromFolder(InFolder(/home/tso/tmp/tso-cache/DefinitelyTyped/types/webpack-merge),TsIdentLibrarySimple(webpack-merge)),TsIdentModule(None,List(webpack-merge))) [id => webpack-merge, phase => typescript] 
[info ] InferredDefaultModule.scala:39 Inferred module TsIdentModule(None,List(webpack-merge)) [id => webpack-merge, phase => typescript] 
[warn ] Phase1ReadTypescript.scala:189 Processing TsIdentLibrarySimple(webpack-merge) [id => webpack-merge, phase => typescript] 
[info ] ExpandCallables.scala:48 Expanded unique into 1 methods [id => webpack-merge, phase => typescript, scope => TreeScope(TsParsedFile() / TsDeclModule(webpack-merge) / TsDeclInterface(WebpackMerge))] 
[info ] ExpandCallables.scala:48 Expanded smart into 1 methods [id => webpack-merge, phase => typescript, scope => TreeScope(TsParsedFile() / TsDeclModule(webpack-merge) / TsDeclInterface(WebpackMerge))] 
[info ] ExpandCallables.scala:48 Expanded multiple into 1 methods [id => webpack-merge, phase => typescript, scope => TreeScope(TsParsedFile() / TsDeclModule(webpack-merge) / TsDeclInterface(WebpackMerge))] 
[debug] PhaseRunner.scala:84 Success [id => webpack-merge, phase => typescript] 
[warn ] Phase2ToScalaJs.scala:42 Processing webpack-merge [id => webpack-merge, phase => scala.js] 
[debug] PhaseRunner.scala:84 Success [id => webpack-merge, phase => scala.js] 
[warn ] Phase3CompileBloop.scala:245 Built webpack-merge in 394 ms [id => webpack-merge, phase => build] 
[info ] Phase3CompileBloop.scala:253 published local, [/home/tso/.ivy2/local/org.scalablytyped/webpack-merge_sjs0.6_2.12/4.1-dt-20190421Z-cabbdd/jars/webpack-merge_sjs0.6_2.12.jar, /home/tso/.ivy2/local/org.scalablytyped/webpack-merge_sjs0.6_2.12/4.1-dt-20190421Z-cabbdd/srcs/webpack-merge_sjs0.6_2.12-sources.jar, /home/tso/.ivy2/local/org.scalablytyped/webpack-merge_sjs0.6_2.12/4.1-dt-20190421Z-cabbdd/ivys/ivy.xml, /home/tso/.ivy2/local/org.scalablytyped/webpack-merge_sjs0.6_2.12/4.1-dt-20190421Z-cabbdd/poms/webpack-merge_sjs0.6_2.12.pom] [id => webpack-merge, phase => build] 
[debug] PhaseRunner.scala:84 Success [id => webpack-merge, phase => build] 
[warn ] PhaseRunner.scala:70 Failed because of, [webpack => java.util.concurrent.ExecutionException: dispatch.StatusCode: Unexpected response status: 405] [id => webpack-merge, phase => publish] 
[error] PhaseRunner.scala:88 Failure, [webpack => java.util.concurrent.ExecutionException: dispatch.StatusCode: Unexpected response status: 405] [id => webpack-merge, phase => publish] 
