[debug] PhaseRunner.scala:84 Success [id => webpack-manifest-plugin, phase => typescript] 
[info ] Phase1ReadTypescript.scala:171 Preprocessing TsHelperFile(InFile(/home/tso/tmp/tso-cache/DefinitelyTyped/types/webpack-manifest-plugin/index.d.ts),FromFolder(InFolder(/home/tso/tmp/tso-cache/DefinitelyTyped/types/webpack-manifest-plugin),TsIdentLibrarySimple(webpack-manifest-plugin)),TsIdentModule(None,List(webpack-manifest-plugin))) [id => webpack-manifest-plugin, phase => typescript] 
[info ] InferredDefaultModule.scala:39 Inferred module TsIdentModule(None,List(webpack-manifest-plugin)) [id => webpack-manifest-plugin, phase => typescript] 
[warn ] Phase1ReadTypescript.scala:189 Processing TsIdentLibrarySimple(webpack-manifest-plugin) [id => webpack-manifest-plugin, phase => typescript] 
[info ] PreferTypeAlias.scala:55 Simplified to type alias [id => webpack-manifest-plugin, phase => typescript, scope => TreeScope(TsParsedFile() / TsDeclModule(webpack-manifest-plugin) / TsDeclInterface(WebpackManifestPlugin))] 
[debug] PhaseRunner.scala:84 Success [id => webpack-manifest-plugin, phase => typescript] 
[warn ] Phase2ToScalaJs.scala:42 Processing webpack-manifest-plugin [id => webpack-manifest-plugin, phase => scala.js] 
[debug] PhaseRunner.scala:84 Success [id => webpack-manifest-plugin, phase => scala.js] 
[warn ] Phase3CompileBloop.scala:245 Built webpack-manifest-plugin in 417 ms [id => webpack-manifest-plugin, phase => build] 
[info ] Phase3CompileBloop.scala:253 published local, [/home/tso/.ivy2/local/org.scalablytyped/webpack-manifest-plugin_sjs0.6_2.12/2.0-dt-20181216Z-5a5641/jars/webpack-manifest-plugin_sjs0.6_2.12.jar, /home/tso/.ivy2/local/org.scalablytyped/webpack-manifest-plugin_sjs0.6_2.12/2.0-dt-20181216Z-5a5641/srcs/webpack-manifest-plugin_sjs0.6_2.12-sources.jar, /home/tso/.ivy2/local/org.scalablytyped/webpack-manifest-plugin_sjs0.6_2.12/2.0-dt-20181216Z-5a5641/ivys/ivy.xml, /home/tso/.ivy2/local/org.scalablytyped/webpack-manifest-plugin_sjs0.6_2.12/2.0-dt-20181216Z-5a5641/poms/webpack-manifest-plugin_sjs0.6_2.12.pom] [id => webpack-manifest-plugin, phase => build] 
[debug] PhaseRunner.scala:84 Success [id => webpack-manifest-plugin, phase => build] 
[warn ] PhaseRunner.scala:70 Failed because of, [webpack => java.util.concurrent.ExecutionException: dispatch.StatusCode: Unexpected response status: 405] [id => webpack-manifest-plugin, phase => publish] 
[error] PhaseRunner.scala:88 Failure, [webpack => java.util.concurrent.ExecutionException: dispatch.StatusCode: Unexpected response status: 405] [id => webpack-manifest-plugin, phase => publish] 
