[debug] PhaseRunner.scala:84 Success [id => webpack-dev-middleware, phase => typescript] 
[info ] Phase1ReadTypescript.scala:171 Preprocessing TsHelperFile(InFile(/home/tso/tmp/tso-cache/DefinitelyTyped/types/webpack-dev-middleware/index.d.ts),FromFolder(InFolder(/home/tso/tmp/tso-cache/DefinitelyTyped/types/webpack-dev-middleware),TsIdentLibrarySimple(webpack-dev-middleware)),TsIdentModule(None,List(webpack-dev-middleware))) [id => webpack-dev-middleware, phase => typescript] 
[info ] InferredDefaultModule.scala:39 Inferred module TsIdentModule(None,List(webpack-dev-middleware)) [id => webpack-dev-middleware, phase => typescript] 
[warn ] Phase1ReadTypescript.scala:189 Processing TsIdentLibrarySimple(webpack-dev-middleware) [id => webpack-dev-middleware, phase => typescript] 
[debug] PhaseRunner.scala:84 Success [id => webpack-dev-middleware, phase => typescript] 
[warn ] Phase2ToScalaJs.scala:42 Processing webpack-dev-middleware [id => webpack-dev-middleware, phase => scala.js] 
[debug] PhaseRunner.scala:84 Success [id => webpack-dev-middleware, phase => scala.js] 
[warn ] Phase3CompileBloop.scala:245 Built webpack-dev-middleware in 453 ms [id => webpack-dev-middleware, phase => build] 
[info ] Phase3CompileBloop.scala:253 published local, [/home/tso/.ivy2/local/org.scalablytyped/webpack-dev-middleware_sjs0.6_2.12/2.0-dt-20180709Z-93dbea/jars/webpack-dev-middleware_sjs0.6_2.12.jar, /home/tso/.ivy2/local/org.scalablytyped/webpack-dev-middleware_sjs0.6_2.12/2.0-dt-20180709Z-93dbea/srcs/webpack-dev-middleware_sjs0.6_2.12-sources.jar, /home/tso/.ivy2/local/org.scalablytyped/webpack-dev-middleware_sjs0.6_2.12/2.0-dt-20180709Z-93dbea/ivys/ivy.xml, /home/tso/.ivy2/local/org.scalablytyped/webpack-dev-middleware_sjs0.6_2.12/2.0-dt-20180709Z-93dbea/poms/webpack-dev-middleware_sjs0.6_2.12.pom] [id => webpack-dev-middleware, phase => build] 
[debug] PhaseRunner.scala:84 Success [id => webpack-dev-middleware, phase => build] 
[warn ] PhaseRunner.scala:70 Failed because of, [webpack => java.util.concurrent.ExecutionException: dispatch.StatusCode: Unexpected response status: 405] [id => webpack-dev-middleware, phase => publish] 
[error] PhaseRunner.scala:88 Failure, [webpack => java.util.concurrent.ExecutionException: dispatch.StatusCode: Unexpected response status: 405] [id => webpack-dev-middleware, phase => publish] 
