[debug] PhaseRunner.scala:84 Success [id => webpack-bundle-analyzer, phase => typescript] 
[info ] Phase1ReadTypescript.scala:171 Preprocessing TsHelperFile(InFile(/home/tso/tmp/tso-cache/DefinitelyTyped/types/webpack-bundle-analyzer/index.d.ts),FromFolder(InFolder(/home/tso/tmp/tso-cache/DefinitelyTyped/types/webpack-bundle-analyzer),TsIdentLibrarySimple(webpack-bundle-analyzer)),TsIdentModule(None,List(webpack-bundle-analyzer))) [id => webpack-bundle-analyzer, phase => typescript] 
[info ] InferredDefaultModule.scala:39 Inferred module TsIdentModule(None,List(webpack-bundle-analyzer)) [id => webpack-bundle-analyzer, phase => typescript] 
[warn ] Phase1ReadTypescript.scala:189 Processing TsIdentLibrarySimple(webpack-bundle-analyzer) [id => webpack-bundle-analyzer, phase => typescript] 
[debug] PhaseRunner.scala:84 Success [id => webpack-bundle-analyzer, phase => typescript] 
[warn ] Phase2ToScalaJs.scala:42 Processing webpack-bundle-analyzer [id => webpack-bundle-analyzer, phase => scala.js] 
[debug] PhaseRunner.scala:84 Success [id => webpack-bundle-analyzer, phase => scala.js] 
[warn ] Phase3CompileBloop.scala:245 Built webpack-bundle-analyzer in 486 ms [id => webpack-bundle-analyzer, phase => build] 
[info ] Phase3CompileBloop.scala:253 published local, [/home/tso/.ivy2/local/org.scalablytyped/webpack-bundle-analyzer_sjs0.6_2.12/2.13-dt-20190212Z-d9fd92/jars/webpack-bundle-analyzer_sjs0.6_2.12.jar, /home/tso/.ivy2/local/org.scalablytyped/webpack-bundle-analyzer_sjs0.6_2.12/2.13-dt-20190212Z-d9fd92/srcs/webpack-bundle-analyzer_sjs0.6_2.12-sources.jar, /home/tso/.ivy2/local/org.scalablytyped/webpack-bundle-analyzer_sjs0.6_2.12/2.13-dt-20190212Z-d9fd92/ivys/ivy.xml, /home/tso/.ivy2/local/org.scalablytyped/webpack-bundle-analyzer_sjs0.6_2.12/2.13-dt-20190212Z-d9fd92/poms/webpack-bundle-analyzer_sjs0.6_2.12.pom] [id => webpack-bundle-analyzer, phase => build] 
[debug] PhaseRunner.scala:84 Success [id => webpack-bundle-analyzer, phase => build] 
[warn ] PhaseRunner.scala:70 Failed because of, [webpack => java.util.concurrent.ExecutionException: dispatch.StatusCode: Unexpected response status: 405] [id => webpack-bundle-analyzer, phase => publish] 
[error] PhaseRunner.scala:88 Failure, [webpack => java.util.concurrent.ExecutionException: dispatch.StatusCode: Unexpected response status: 405] [id => webpack-bundle-analyzer, phase => publish] 
