[debug] PhaseRunner.scala:84 Success [id => webpack-dotenv-plugin, phase => typescript] 
[info ] Phase1ReadTypescript.scala:171 Preprocessing TsHelperFile(InFile(/home/tso/tmp/tso-cache/DefinitelyTyped/types/webpack-dotenv-plugin/index.d.ts),FromFolder(InFolder(/home/tso/tmp/tso-cache/DefinitelyTyped/types/webpack-dotenv-plugin),TsIdentLibrarySimple(webpack-dotenv-plugin)),TsIdentModule(None,List(webpack-dotenv-plugin))) [id => webpack-dotenv-plugin, phase => typescript] 
[info ] InferredDefaultModule.scala:39 Inferred module TsIdentModule(None,List(webpack-dotenv-plugin)) [id => webpack-dotenv-plugin, phase => typescript] 
[warn ] Phase1ReadTypescript.scala:189 Processing TsIdentLibrarySimple(webpack-dotenv-plugin) [id => webpack-dotenv-plugin, phase => typescript] 
[info ] PreferTypeAlias.scala:55 Simplified to type alias [id => webpack-dotenv-plugin, phase => typescript, scope => TreeScope(TsParsedFile() / TsDeclModule(webpack-dotenv-plugin) / TsDeclInterface(WebpackDotenvPlugin))] 
[debug] PhaseRunner.scala:84 Success [id => webpack-dotenv-plugin, phase => typescript] 
[warn ] Phase2ToScalaJs.scala:42 Processing webpack-dotenv-plugin [id => webpack-dotenv-plugin, phase => scala.js] 
[debug] PhaseRunner.scala:84 Success [id => webpack-dotenv-plugin, phase => scala.js] 
[warn ] Phase3CompileBloop.scala:245 Built webpack-dotenv-plugin in 444 ms [id => webpack-dotenv-plugin, phase => build] 
[info ] Phase3CompileBloop.scala:253 published local, [/home/tso/.ivy2/local/org.scalablytyped/webpack-dotenv-plugin_sjs0.6_2.12/2.0-dt-20180306Z-539afc/jars/webpack-dotenv-plugin_sjs0.6_2.12.jar, /home/tso/.ivy2/local/org.scalablytyped/webpack-dotenv-plugin_sjs0.6_2.12/2.0-dt-20180306Z-539afc/srcs/webpack-dotenv-plugin_sjs0.6_2.12-sources.jar, /home/tso/.ivy2/local/org.scalablytyped/webpack-dotenv-plugin_sjs0.6_2.12/2.0-dt-20180306Z-539afc/ivys/ivy.xml, /home/tso/.ivy2/local/org.scalablytyped/webpack-dotenv-plugin_sjs0.6_2.12/2.0-dt-20180306Z-539afc/poms/webpack-dotenv-plugin_sjs0.6_2.12.pom] [id => webpack-dotenv-plugin, phase => build] 
[debug] PhaseRunner.scala:84 Success [id => webpack-dotenv-plugin, phase => build] 
[warn ] PhaseRunner.scala:70 Failed because of, [webpack => java.util.concurrent.ExecutionException: dispatch.StatusCode: Unexpected response status: 405] [id => webpack-dotenv-plugin, phase => publish] 
[error] PhaseRunner.scala:88 Failure, [webpack => java.util.concurrent.ExecutionException: dispatch.StatusCode: Unexpected response status: 405] [id => webpack-dotenv-plugin, phase => publish] 
