[debug] PhaseRunner.scala:84 Success [id => webpack-bugsnag-plugins, phase => typescript] 
[info ] Phase1ReadTypescript.scala:171 Preprocessing TsHelperFile(InFile(/home/tso/tmp/tso-cache/DefinitelyTyped/types/webpack-bugsnag-plugins/index.d.ts),FromFolder(InFolder(/home/tso/tmp/tso-cache/DefinitelyTyped/types/webpack-bugsnag-plugins),TsIdentLibrarySimple(webpack-bugsnag-plugins)),TsIdentModule(None,List(webpack-bugsnag-plugins))) [id => webpack-bugsnag-plugins, phase => typescript] 
[info ] InferredDefaultModule.scala:39 Inferred module TsIdentModule(None,List(webpack-bugsnag-plugins)) [id => webpack-bugsnag-plugins, phase => typescript] 
[warn ] Phase1ReadTypescript.scala:189 Processing TsIdentLibrarySimple(webpack-bugsnag-plugins) [id => webpack-bugsnag-plugins, phase => typescript] 
[info ] ExtractInterfaces.scala:41 Extracted anonymous interface TsIdentSimple(Anon_Bitbucket) [id => webpack-bugsnag-plugins, phase => typescript, scope => TreeScope(TsParsedFile() / TsDeclModule(webpack-bugsnag-plugins) / TsDeclInterface(BuildReporterBuild) / TsMemberProperty(sourceControl) / TsTypeObject())] 
[info ] ExtractInterfaces.scala:41 Extracted anonymous interface TsIdentSimple(Anon_Debug) [id => webpack-bugsnag-plugins, phase => typescript, scope => TreeScope(TsParsedFile() / TsDeclModule(webpack-bugsnag-plugins) / TsDeclInterface(BuildReporterOptions) / TsMemberProperty(logger) / TsTypeObject())] 
[debug] PhaseRunner.scala:84 Success [id => webpack-bugsnag-plugins, phase => typescript] 
[warn ] Phase2ToScalaJs.scala:42 Processing webpack-bugsnag-plugins [id => webpack-bugsnag-plugins, phase => scala.js] 
[debug] PhaseRunner.scala:84 Success [id => webpack-bugsnag-plugins, phase => scala.js] 
[warn ] Phase3CompileBloop.scala:245 Built webpack-bugsnag-plugins in 499 ms [id => webpack-bugsnag-plugins, phase => build] 
[info ] Phase3CompileBloop.scala:253 published local, [/home/tso/.ivy2/local/org.scalablytyped/webpack-bugsnag-plugins_sjs0.6_2.12/1.4-dt-20190604Z-724742/jars/webpack-bugsnag-plugins_sjs0.6_2.12.jar, /home/tso/.ivy2/local/org.scalablytyped/webpack-bugsnag-plugins_sjs0.6_2.12/1.4-dt-20190604Z-724742/srcs/webpack-bugsnag-plugins_sjs0.6_2.12-sources.jar, /home/tso/.ivy2/local/org.scalablytyped/webpack-bugsnag-plugins_sjs0.6_2.12/1.4-dt-20190604Z-724742/ivys/ivy.xml, /home/tso/.ivy2/local/org.scalablytyped/webpack-bugsnag-plugins_sjs0.6_2.12/1.4-dt-20190604Z-724742/poms/webpack-bugsnag-plugins_sjs0.6_2.12.pom] [id => webpack-bugsnag-plugins, phase => build] 
[debug] PhaseRunner.scala:84 Success [id => webpack-bugsnag-plugins, phase => build] 
[warn ] PhaseRunner.scala:70 Failed because of, [webpack => java.util.concurrent.ExecutionException: dispatch.StatusCode: Unexpected response status: 405] [id => webpack-bugsnag-plugins, phase => publish] 
[error] PhaseRunner.scala:88 Failure, [webpack => java.util.concurrent.ExecutionException: dispatch.StatusCode: Unexpected response status: 405] [id => webpack-bugsnag-plugins, phase => publish] 
