[debug] PhaseRunner.scala:84 Success [id => webpack-assets-manifest, phase => typescript] 
[info ] Phase1ReadTypescript.scala:171 Preprocessing TsHelperFile(InFile(/home/tso/tmp/tso-cache/DefinitelyTyped/types/webpack-assets-manifest/index.d.ts),FromFolder(InFolder(/home/tso/tmp/tso-cache/DefinitelyTyped/types/webpack-assets-manifest),TsIdentLibrarySimple(webpack-assets-manifest)),TsIdentModule(None,List(webpack-assets-manifest))) [id => webpack-assets-manifest, phase => typescript] 
[info ] InferredDefaultModule.scala:39 Inferred module TsIdentModule(None,List(webpack-assets-manifest)) [id => webpack-assets-manifest, phase => typescript] 
[warn ] Phase1ReadTypescript.scala:189 Processing TsIdentLibrarySimple(webpack-assets-manifest) [id => webpack-assets-manifest, phase => typescript] 
[info ] ExtractInterfaces.scala:41 Extracted anonymous interface TsIdentSimple(Anon_AfterOptions) [id => webpack-assets-manifest, phase => typescript, scope => TreeScope(TsParsedFile() / TsDeclModule(webpack-assets-manifest) / TsDeclInterface(WebpackAssetsManifest) / TsMemberProperty(hooks) / TsTypeObject())] 
[debug] PhaseRunner.scala:84 Success [id => webpack-assets-manifest, phase => typescript] 
[warn ] Phase2ToScalaJs.scala:42 Processing webpack-assets-manifest [id => webpack-assets-manifest, phase => scala.js] 
[debug] PhaseRunner.scala:84 Success [id => webpack-assets-manifest, phase => scala.js] 
[warn ] Phase3CompileBloop.scala:245 Built webpack-assets-manifest in 572 ms [id => webpack-assets-manifest, phase => build] 
[info ] Phase3CompileBloop.scala:253 published local, [/home/tso/.ivy2/local/org.scalablytyped/webpack-assets-manifest_sjs0.6_2.12/3.0-dt-20180828Z-cd8630/jars/webpack-assets-manifest_sjs0.6_2.12.jar, /home/tso/.ivy2/local/org.scalablytyped/webpack-assets-manifest_sjs0.6_2.12/3.0-dt-20180828Z-cd8630/srcs/webpack-assets-manifest_sjs0.6_2.12-sources.jar, /home/tso/.ivy2/local/org.scalablytyped/webpack-assets-manifest_sjs0.6_2.12/3.0-dt-20180828Z-cd8630/ivys/ivy.xml, /home/tso/.ivy2/local/org.scalablytyped/webpack-assets-manifest_sjs0.6_2.12/3.0-dt-20180828Z-cd8630/poms/webpack-assets-manifest_sjs0.6_2.12.pom] [id => webpack-assets-manifest, phase => build] 
[debug] PhaseRunner.scala:84 Success [id => webpack-assets-manifest, phase => build] 
[warn ] PhaseRunner.scala:70 Failed because of, [webpack => java.util.concurrent.ExecutionException: dispatch.StatusCode: Unexpected response status: 405] [id => webpack-assets-manifest, phase => publish] 
[error] PhaseRunner.scala:88 Failure, [webpack => java.util.concurrent.ExecutionException: dispatch.StatusCode: Unexpected response status: 405] [id => webpack-assets-manifest, phase => publish] 
