[debug] PhaseRunner.scala:84 Success [id => webpack-subresource-integrity, phase => typescript] 
[info ] Phase1ReadTypescript.scala:171 Preprocessing TsHelperFile(InFile(/home/tso/tmp/tso-cache/DefinitelyTyped/types/webpack-subresource-integrity/index.d.ts),FromFolder(InFolder(/home/tso/tmp/tso-cache/DefinitelyTyped/types/webpack-subresource-integrity),TsIdentLibrarySimple(webpack-subresource-integrity)),TsIdentModule(None,List(webpack-subresource-integrity))) [id => webpack-subresource-integrity, phase => typescript] 
[info ] InferredDefaultModule.scala:39 Inferred module TsIdentModule(None,List(webpack-subresource-integrity)) [id => webpack-subresource-integrity, phase => typescript] 
[warn ] Phase1ReadTypescript.scala:189 Processing TsIdentLibrarySimple(webpack-subresource-integrity) [id => webpack-subresource-integrity, phase => typescript] 
[info ] PreferTypeAlias.scala:55 Simplified to type alias [id => webpack-subresource-integrity, phase => typescript, scope => TreeScope(TsParsedFile() / TsDeclModule(webpack-subresource-integrity) / TsDeclInterface(WebpackSubresourceIntegrityPlugin))] 
[debug] PhaseRunner.scala:84 Success [id => webpack-subresource-integrity, phase => typescript] 
[warn ] Phase2ToScalaJs.scala:42 Processing webpack-subresource-integrity [id => webpack-subresource-integrity, phase => scala.js] 
[debug] PhaseRunner.scala:84 Success [id => webpack-subresource-integrity, phase => scala.js] 
[warn ] Phase3CompileBloop.scala:245 Built webpack-subresource-integrity in 427 ms [id => webpack-subresource-integrity, phase => build] 
[info ] Phase3CompileBloop.scala:253 published local, [/home/tso/.ivy2/local/org.scalablytyped/webpack-subresource-integrity_sjs0.6_2.12/1.2-dt-20181031Z-3ec639/jars/webpack-subresource-integrity_sjs0.6_2.12.jar, /home/tso/.ivy2/local/org.scalablytyped/webpack-subresource-integrity_sjs0.6_2.12/1.2-dt-20181031Z-3ec639/srcs/webpack-subresource-integrity_sjs0.6_2.12-sources.jar, /home/tso/.ivy2/local/org.scalablytyped/webpack-subresource-integrity_sjs0.6_2.12/1.2-dt-20181031Z-3ec639/ivys/ivy.xml, /home/tso/.ivy2/local/org.scalablytyped/webpack-subresource-integrity_sjs0.6_2.12/1.2-dt-20181031Z-3ec639/poms/webpack-subresource-integrity_sjs0.6_2.12.pom] [id => webpack-subresource-integrity, phase => build] 
[debug] PhaseRunner.scala:84 Success [id => webpack-subresource-integrity, phase => build] 
[warn ] PhaseRunner.scala:70 Failed because of, [webpack => java.util.concurrent.ExecutionException: dispatch.StatusCode: Unexpected response status: 405] [id => webpack-subresource-integrity, phase => publish] 
[error] PhaseRunner.scala:88 Failure, [webpack => java.util.concurrent.ExecutionException: dispatch.StatusCode: Unexpected response status: 405] [id => webpack-subresource-integrity, phase => publish] 
