[debug] PhaseRunner.scala:84 Success [id => webpack-chunk-hash, phase => typescript] 
[info ] Phase1ReadTypescript.scala:171 Preprocessing TsHelperFile(InFile(/home/tso/tmp/tso-cache/DefinitelyTyped/types/webpack-chunk-hash/index.d.ts),FromFolder(InFolder(/home/tso/tmp/tso-cache/DefinitelyTyped/types/webpack-chunk-hash),TsIdentLibrarySimple(webpack-chunk-hash)),TsIdentModule(None,List(webpack-chunk-hash))) [id => webpack-chunk-hash, phase => typescript] 
[info ] InferredDefaultModule.scala:39 Inferred module TsIdentModule(None,List(webpack-chunk-hash)) [id => webpack-chunk-hash, phase => typescript] 
[warn ] Phase1ReadTypescript.scala:189 Processing TsIdentLibrarySimple(webpack-chunk-hash) [id => webpack-chunk-hash, phase => typescript] 
[info ] PreferTypeAlias.scala:55 Simplified to type alias [id => webpack-chunk-hash, phase => typescript, scope => TreeScope(TsParsedFile() / TsDeclModule(webpack-chunk-hash) / TsDeclInterface(WebpackChunkHash))] 
[debug] PhaseRunner.scala:84 Success [id => webpack-chunk-hash, phase => typescript] 
[warn ] Phase2ToScalaJs.scala:42 Processing webpack-chunk-hash [id => webpack-chunk-hash, phase => scala.js] 
[debug] PhaseRunner.scala:84 Success [id => webpack-chunk-hash, phase => scala.js] 
[warn ] Phase3CompileBloop.scala:245 Built webpack-chunk-hash in 441 ms [id => webpack-chunk-hash, phase => build] 
[info ] Phase3CompileBloop.scala:253 published local, [/home/tso/.ivy2/local/org.scalablytyped/webpack-chunk-hash_sjs0.6_2.12/0.4-dt-20180306Z-146fbe/jars/webpack-chunk-hash_sjs0.6_2.12.jar, /home/tso/.ivy2/local/org.scalablytyped/webpack-chunk-hash_sjs0.6_2.12/0.4-dt-20180306Z-146fbe/srcs/webpack-chunk-hash_sjs0.6_2.12-sources.jar, /home/tso/.ivy2/local/org.scalablytyped/webpack-chunk-hash_sjs0.6_2.12/0.4-dt-20180306Z-146fbe/ivys/ivy.xml, /home/tso/.ivy2/local/org.scalablytyped/webpack-chunk-hash_sjs0.6_2.12/0.4-dt-20180306Z-146fbe/poms/webpack-chunk-hash_sjs0.6_2.12.pom] [id => webpack-chunk-hash, phase => build] 
[debug] PhaseRunner.scala:84 Success [id => webpack-chunk-hash, phase => build] 
[warn ] PhaseRunner.scala:70 Failed because of, [webpack => java.util.concurrent.ExecutionException: dispatch.StatusCode: Unexpected response status: 405] [id => webpack-chunk-hash, phase => publish] 
[error] PhaseRunner.scala:88 Failure, [webpack => java.util.concurrent.ExecutionException: dispatch.StatusCode: Unexpected response status: 405] [id => webpack-chunk-hash, phase => publish] 
