[info ] InferredDependency.scala:22 Inferred dependencies Set(TsIdentLibrarySimple(node)) for TsIdentLibrarySimple(webpackbar) [id => webpackbar, phase => typescript, file => ../types/webpackbar/index.d.ts] 
[debug] PhaseRunner.scala:84 Success [id => webpackbar, phase => typescript] 
[info ] Phase1ReadTypescript.scala:171 Preprocessing TsHelperFile(InFile(/home/tso/tmp/tso-cache/DefinitelyTyped/types/webpackbar/index.d.ts),FromFolder(InFolder(/home/tso/tmp/tso-cache/DefinitelyTyped/types/webpackbar),TsIdentLibrarySimple(webpackbar)),TsIdentModule(None,List(webpackbar))) [id => webpackbar, phase => typescript] 
[info ] InferredDefaultModule.scala:39 Inferred module TsIdentModule(None,List(webpackbar)) [id => webpackbar, phase => typescript] 
[warn ] Phase1ReadTypescript.scala:189 Processing TsIdentLibrarySimple(webpackbar) [id => webpackbar, phase => typescript] 
[info ] ExtractInterfaces.scala:41 Extracted anonymous interface TsIdentSimple(Anon_Ext) [id => webpackbar, phase => typescript, scope => TreeScope(TsParsedFile() / TsDeclModule(webpackbar) / TsDeclClass(Profile) / TsMemberFunction(getStats) / TsFunSig() / TsTypeObject())] 
[debug] PhaseRunner.scala:84 Success [id => webpackbar, phase => typescript] 
[warn ] Phase2ToScalaJs.scala:42 Processing webpackbar [id => webpackbar, phase => scala.js] 
[debug] PhaseRunner.scala:84 Success [id => webpackbar, phase => scala.js] 
[warn ] Phase3CompileBloop.scala:245 Built webpackbar in 534 ms [id => webpackbar, phase => build] 
[info ] Phase3CompileBloop.scala:253 published local, [/home/tso/.ivy2/local/org.scalablytyped/webpackbar_sjs0.6_2.12/2.6-dt-20180601Z-8b400f/jars/webpackbar_sjs0.6_2.12.jar, /home/tso/.ivy2/local/org.scalablytyped/webpackbar_sjs0.6_2.12/2.6-dt-20180601Z-8b400f/srcs/webpackbar_sjs0.6_2.12-sources.jar, /home/tso/.ivy2/local/org.scalablytyped/webpackbar_sjs0.6_2.12/2.6-dt-20180601Z-8b400f/ivys/ivy.xml, /home/tso/.ivy2/local/org.scalablytyped/webpackbar_sjs0.6_2.12/2.6-dt-20180601Z-8b400f/poms/webpackbar_sjs0.6_2.12.pom] [id => webpackbar, phase => build] 
[debug] PhaseRunner.scala:84 Success [id => webpackbar, phase => build] 
[warn ] PhaseRunner.scala:70 Failed because of, [webpack => java.util.concurrent.ExecutionException: dispatch.StatusCode: Unexpected response status: 405] [id => webpackbar, phase => publish] 
[error] PhaseRunner.scala:88 Failure, [webpack => java.util.concurrent.ExecutionException: dispatch.StatusCode: Unexpected response status: 405] [id => webpackbar, phase => publish] 
