[debug] PhaseRunner.scala:84 Success [id => webpack-node-externals, phase => typescript] 
[info ] Phase1ReadTypescript.scala:171 Preprocessing TsHelperFile(InFile(/home/tso/tmp/tso-cache/DefinitelyTyped/types/webpack-node-externals/index.d.ts),FromFolder(InFolder(/home/tso/tmp/tso-cache/DefinitelyTyped/types/webpack-node-externals),TsIdentLibrarySimple(webpack-node-externals)),TsIdentModule(None,List(webpack-node-externals))) [id => webpack-node-externals, phase => typescript] 
[info ] InferredDefaultModule.scala:39 Inferred module TsIdentModule(None,List(webpack-node-externals)) [id => webpack-node-externals, phase => typescript] 
[warn ] Phase1ReadTypescript.scala:189 Processing TsIdentLibrarySimple(webpack-node-externals) [id => webpack-node-externals, phase => typescript] 
[debug] PhaseRunner.scala:84 Success [id => webpack-node-externals, phase => typescript] 
[warn ] Phase2ToScalaJs.scala:42 Processing webpack-node-externals [id => webpack-node-externals, phase => scala.js] 
[debug] PhaseRunner.scala:84 Success [id => webpack-node-externals, phase => scala.js] 
[warn ] Phase3CompileBloop.scala:245 Built webpack-node-externals in 467 ms [id => webpack-node-externals, phase => build] 
[info ] Phase3CompileBloop.scala:253 published local, [/home/tso/.ivy2/local/org.scalablytyped/webpack-node-externals_sjs0.6_2.12/1.6-dt-20180306Z-a3bfdb/jars/webpack-node-externals_sjs0.6_2.12.jar, /home/tso/.ivy2/local/org.scalablytyped/webpack-node-externals_sjs0.6_2.12/1.6-dt-20180306Z-a3bfdb/srcs/webpack-node-externals_sjs0.6_2.12-sources.jar, /home/tso/.ivy2/local/org.scalablytyped/webpack-node-externals_sjs0.6_2.12/1.6-dt-20180306Z-a3bfdb/ivys/ivy.xml, /home/tso/.ivy2/local/org.scalablytyped/webpack-node-externals_sjs0.6_2.12/1.6-dt-20180306Z-a3bfdb/poms/webpack-node-externals_sjs0.6_2.12.pom] [id => webpack-node-externals, phase => build] 
[debug] PhaseRunner.scala:84 Success [id => webpack-node-externals, phase => build] 
[warn ] PhaseRunner.scala:70 Failed because of, [webpack => java.util.concurrent.ExecutionException: dispatch.StatusCode: Unexpected response status: 405] [id => webpack-node-externals, phase => publish] 
[error] PhaseRunner.scala:88 Failure, [webpack => java.util.concurrent.ExecutionException: dispatch.StatusCode: Unexpected response status: 405] [id => webpack-node-externals, phase => publish] 
