[info ] ResolveExternalReferences.scala:82 Inferred augmented module None (TsIdentModule(None,List(hapi))) [file => ../types/yar/index.d.ts, phase => typescript, scope => TreeScope(TsParsedFile() / TsDeclModule(hapi)), id => yar] 
[debug] PhaseRunner.scala:84 Success [id => yar, phase => typescript] 
[info ] Phase1ReadTypescript.scala:171 Preprocessing TsHelperFile(InFile(/home/tso/tmp/tso-cache/DefinitelyTyped/types/yar/index.d.ts),FromFolder(InFolder(/home/tso/tmp/tso-cache/DefinitelyTyped/types/yar),TsIdentLibrarySimple(yar)),TsIdentModule(None,List(yar))) [id => yar, phase => typescript] 
[info ] InferredDefaultModule.scala:39 Inferred module TsIdentModule(None,List(yar)) [id => yar, phase => typescript] 
[warn ] Phase1ReadTypescript.scala:189 Processing TsIdentLibrarySimple(yar) [id => yar, phase => typescript] 
[info ] ExtractInterfaces.scala:41 Extracted anonymous interface TsIdentSimple(Anon_ClearInvalid) [id => yar, phase => typescript, scope => TreeScope(TsParsedFile() / TsDeclModule(yar) / TsDeclInterface(YarOptions) / TsMemberProperty(cookieOptions) / TsTypeObject())] 
[debug] PhaseRunner.scala:84 Success [id => yar, phase => typescript] 
[warn ] Phase2ToScalaJs.scala:42 Processing yar [id => yar, phase => scala.js] 
[debug] PhaseRunner.scala:84 Success [id => yar, phase => scala.js] 
[warn ] Phase3CompileBloop.scala:245 Built yar in 499 ms [id => yar, phase => build] 
[info ] Phase3CompileBloop.scala:253 published local, [/home/tso/.ivy2/local/org.scalablytyped/yar_sjs0.6_2.12/9.1-dt-20181111Z-a28c87/jars/yar_sjs0.6_2.12.jar, /home/tso/.ivy2/local/org.scalablytyped/yar_sjs0.6_2.12/9.1-dt-20181111Z-a28c87/srcs/yar_sjs0.6_2.12-sources.jar, /home/tso/.ivy2/local/org.scalablytyped/yar_sjs0.6_2.12/9.1-dt-20181111Z-a28c87/ivys/ivy.xml, /home/tso/.ivy2/local/org.scalablytyped/yar_sjs0.6_2.12/9.1-dt-20181111Z-a28c87/poms/yar_sjs0.6_2.12.pom] [id => yar, phase => build] 
[debug] PhaseRunner.scala:84 Success [id => yar, phase => build] 
[warn ] PhaseRunner.scala:70 Failed because of, [hapi => java.util.concurrent.ExecutionException: dispatch.StatusCode: Unexpected response status: 405] [id => yar, phase => publish] 
[error] PhaseRunner.scala:88 Failure, [hapi => java.util.concurrent.ExecutionException: dispatch.StatusCode: Unexpected response status: 405] [id => yar, phase => publish] 
