[debug] PhaseRunner.scala:84 Success [id => @zeit/next-typescript, phase => typescript] 
[info ] Phase1ReadTypescript.scala:171 Preprocessing TsHelperFile(InFile(/home/tso/tmp/tso-cache/DefinitelyTyped/types/zeit__next-typescript/index.d.ts),FromFolder(InFolder(/home/tso/tmp/tso-cache/DefinitelyTyped/types/zeit__next-typescript),TsIdentLibraryScoped(zeit,Some(next-typescript))),TsIdentModule(Some(zeit),List(next-typescript))) [id => @zeit/next-typescript, phase => typescript] 
[info ] InferredDefaultModule.scala:39 Inferred module TsIdentModule(Some(zeit),List(next-typescript)) [id => @zeit/next-typescript, phase => typescript] 
[warn ] Phase1ReadTypescript.scala:189 Processing TsIdentLibraryScoped(zeit,Some(next-typescript)) [id => @zeit/next-typescript, phase => typescript] 
[debug] PhaseRunner.scala:84 Success [id => @zeit/next-typescript, phase => typescript] 
[warn ] Phase2ToScalaJs.scala:42 Processing @zeit/next-typescript [id => @zeit/next-typescript, phase => scala.js] 
[debug] PhaseRunner.scala:84 Success [id => @zeit/next-typescript, phase => scala.js] 
[warn ] Phase3CompileBloop.scala:245 Built zeit__next-typescript in 239 ms [id => @zeit/next-typescript, phase => build] 
[info ] Phase3CompileBloop.scala:253 published local, [/home/tso/.ivy2/local/org.scalablytyped/zeit__next-typescript_sjs0.6_2.12/0.1-dt-20190213Z-eec56b/jars/zeit__next-typescript_sjs0.6_2.12.jar, /home/tso/.ivy2/local/org.scalablytyped/zeit__next-typescript_sjs0.6_2.12/0.1-dt-20190213Z-eec56b/srcs/zeit__next-typescript_sjs0.6_2.12-sources.jar, /home/tso/.ivy2/local/org.scalablytyped/zeit__next-typescript_sjs0.6_2.12/0.1-dt-20190213Z-eec56b/ivys/ivy.xml, /home/tso/.ivy2/local/org.scalablytyped/zeit__next-typescript_sjs0.6_2.12/0.1-dt-20190213Z-eec56b/poms/zeit__next-typescript_sjs0.6_2.12.pom] [id => @zeit/next-typescript, phase => build] 
[debug] PhaseRunner.scala:84 Success [id => @zeit/next-typescript, phase => build] 
[warn ] PhaseRunner.scala:70 Failed because of, [webpack => java.util.concurrent.ExecutionException: dispatch.StatusCode: Unexpected response status: 405] [id => @zeit/next-typescript, phase => publish] 
[error] PhaseRunner.scala:88 Failure, [webpack => java.util.concurrent.ExecutionException: dispatch.StatusCode: Unexpected response status: 405] [id => @zeit/next-typescript, phase => publish] 
