[debug] PhaseRunner.scala:84 Success [id => zip-webpack-plugin, phase => typescript] 
[info ] Phase1ReadTypescript.scala:171 Preprocessing TsHelperFile(InFile(/home/tso/tmp/tso-cache/DefinitelyTyped/types/zip-webpack-plugin/index.d.ts),FromFolder(InFolder(/home/tso/tmp/tso-cache/DefinitelyTyped/types/zip-webpack-plugin),TsIdentLibrarySimple(zip-webpack-plugin)),TsIdentModule(None,List(zip-webpack-plugin))) [id => zip-webpack-plugin, phase => typescript] 
[info ] InferredDefaultModule.scala:39 Inferred module TsIdentModule(None,List(zip-webpack-plugin)) [id => zip-webpack-plugin, phase => typescript] 
[warn ] Phase1ReadTypescript.scala:189 Processing TsIdentLibrarySimple(zip-webpack-plugin) [id => zip-webpack-plugin, phase => typescript] 
[info ] PreferTypeAlias.scala:55 Simplified to type alias [id => zip-webpack-plugin, phase => typescript, scope => TreeScope(TsParsedFile() / TsDeclModule(zip-webpack-plugin) / TsDeclInterface(ZipPlugin))] 
[debug] PhaseRunner.scala:84 Success [id => zip-webpack-plugin, phase => typescript] 
[warn ] Phase2ToScalaJs.scala:42 Processing zip-webpack-plugin [id => zip-webpack-plugin, phase => scala.js] 
[debug] PhaseRunner.scala:84 Success [id => zip-webpack-plugin, phase => scala.js] 
[warn ] Phase3CompileBloop.scala:245 Built zip-webpack-plugin in 526 ms [id => zip-webpack-plugin, phase => build] 
[info ] Phase3CompileBloop.scala:253 published local, [/home/tso/.ivy2/local/org.scalablytyped/zip-webpack-plugin_sjs0.6_2.12/3.0-dt-20180703Z-cace56/jars/zip-webpack-plugin_sjs0.6_2.12.jar, /home/tso/.ivy2/local/org.scalablytyped/zip-webpack-plugin_sjs0.6_2.12/3.0-dt-20180703Z-cace56/srcs/zip-webpack-plugin_sjs0.6_2.12-sources.jar, /home/tso/.ivy2/local/org.scalablytyped/zip-webpack-plugin_sjs0.6_2.12/3.0-dt-20180703Z-cace56/ivys/ivy.xml, /home/tso/.ivy2/local/org.scalablytyped/zip-webpack-plugin_sjs0.6_2.12/3.0-dt-20180703Z-cace56/poms/zip-webpack-plugin_sjs0.6_2.12.pom] [id => zip-webpack-plugin, phase => build] 
[debug] PhaseRunner.scala:84 Success [id => zip-webpack-plugin, phase => build] 
[warn ] PhaseRunner.scala:70 Failed because of, [webpack => java.util.concurrent.ExecutionException: dispatch.StatusCode: Unexpected response status: 405] [id => zip-webpack-plugin, phase => publish] 
[error] PhaseRunner.scala:88 Failure, [webpack => java.util.concurrent.ExecutionException: dispatch.StatusCode: Unexpected response status: 405] [id => zip-webpack-plugin, phase => publish] 
